0 info it worked if it ends with ok
1 verbose cli [
1 verbose cli   '/usr/local/bin/node',
1 verbose cli   '/usr/local/bin/npm',
1 verbose cli   'install',
1 verbose cli   '--ignore-scripts',
1 verbose cli   '@types/lint-staged@ts3.6',
1 verbose cli   '@types/accepts@ts3.6',
1 verbose cli   '@types/argparse@ts3.6',
1 verbose cli   '@types/aria-query@ts3.6',
1 verbose cli   '@types/arr-diff@ts3.6',
1 verbose cli   '@types/arr-union@ts3.6',
1 verbose cli   '@types/array-unique@ts3.6',
1 verbose cli   '@types/array.prototype.flat@ts3.6',
1 verbose cli   '@types/array.prototype.flatmap@ts3.6',
1 verbose cli   '@types/asap@ts3.6',
1 verbose cli   '@types/assert@ts3.6',
1 verbose cli   '@types/async@ts3.6',
1 verbose cli   '@types/atob@ts3.6',
1 verbose cli   '@types/babel-plugin-macros@ts3.6',
1 verbose cli   '@types/babylon@ts3.6',
1 verbose cli   '@types/balanced-match@ts3.6',
1 verbose cli   '@types/big.js@ts3.6',
1 verbose cli   '@types/bluebird@ts3.6',
1 verbose cli   '@types/bn.js@ts3.6',
1 verbose cli   '@types/body-parser@ts3.6',
1 verbose cli   '@types/bonjour@ts3.6',
1 verbose cli   '@types/boolbase@ts3.6',
1 verbose cli   '@types/brace-expansion@ts3.6',
1 verbose cli   '@types/braces@ts3.6',
1 verbose cli   '@types/brorand@ts3.6',
1 verbose cli   '@types/bser@ts3.6',
1 verbose cli   '@types/buffer-from@ts3.6',
1 verbose cli   '@types/buffer-xor@ts3.6',
1 verbose cli   '@types/bytes@ts3.6',
1 verbose cli   '@types/cacache@ts3.6',
1 verbose cli   '@types/call-bind@ts3.6',
1 verbose cli   '@types/caniuse-api@ts3.6',
1 verbose cli   '@types/caniuse-lite@ts3.6',
1 verbose cli   '@types/case-sensitive-paths-webpack-plugin@ts3.6',
1 verbose cli   '@types/check-types@ts3.6',
1 verbose cli   '@types/chownr@ts3.6',
1 verbose cli   '@types/cipher-base@ts3.6',
1 verbose cli   '@types/clean-css@ts3.6',
1 verbose cli   '@types/co@ts3.6',
1 verbose cli   '@types/color@ts3.6',
1 verbose cli   '@types/color-convert@ts3.6',
1 verbose cli   '@types/color-name@ts3.6',
1 verbose cli   '@types/color-string@ts3.6',
1 verbose cli   '@types/combined-stream@ts3.6',
1 verbose cli   '@types/common-tags@ts3.6',
1 verbose cli   '@types/commondir@ts3.6',
1 verbose cli   '@types/component-emitter@ts3.6',
1 verbose cli   '@types/compose-function@ts3.6',
1 verbose cli   '@types/compressible@ts3.6',
1 verbose cli   '@types/compression@ts3.6',
1 verbose cli   '@types/concat-map@ts3.6',
1 verbose cli   '@types/concat-stream@ts3.6',
1 verbose cli   '@types/confusing-browser-globals@ts3.6',
1 verbose cli   '@types/connect-history-api-fallback@ts3.6',
1 verbose cli   '@types/content-disposition@ts3.6',
1 verbose cli   '@types/content-type@ts3.6',
1 verbose cli   '@types/convert-source-map@ts3.6',
1 verbose cli   '@types/cookie@ts3.6',
1 verbose cli   '@types/cookie-signature@ts3.6',
1 verbose cli   '@types/core-js@ts3.6',
1 verbose cli   '@types/create-hash@ts3.6',
1 verbose cli   '@types/create-hmac@ts3.6',
1 verbose cli   '@types/cross-spawn@ts3.6',
1 verbose cli   '@types/css@ts3.6',
1 verbose cli   '@types/css-declaration-sorter@ts3.6',
1 verbose cli   '@types/css-tree@ts3.6',
1 verbose cli   '@types/css.escape@ts3.6',
1 verbose cli   '@types/cssesc@ts3.6',
1 verbose cli   '@types/csso@ts3.6',
1 verbose cli   '@types/cssom@ts3.6',
1 verbose cli   '@types/cssstyle@ts3.6',
1 verbose cli   '@types/d@ts3.6',
1 verbose cli   '@types/damerau-levenshtein@ts3.6',
1 verbose cli   '@types/data-urls@ts3.6',
1 verbose cli   '@types/debug@ts3.6',
1 verbose cli   '@types/decode-uri-component@ts3.6',
1 verbose cli   '@types/dedent@ts3.6',
1 verbose cli   '@types/deep-equal@ts3.6',
1 verbose cli   '@types/default-gateway@ts3.6',
1 verbose cli   '@types/define-properties@ts3.6',
1 verbose cli   '@types/depd@ts3.6',
1 verbose cli   '@types/destroy@ts3.6',
1 verbose cli   '@types/detect-node@ts3.6',
1 verbose cli   '@types/diffie-hellman@ts3.6',
1 verbose cli   '@types/dir-glob@ts3.6',
1 verbose cli   '@types/dns-packet@ts3.6',
1 verbose cli   '@types/dns-txt@ts3.6',
1 verbose cli   '@types/doctrine@ts3.6',
1 verbose cli   '@types/domexception@ts3.6',
1 verbose cli   '@types/domutils@ts3.6',
1 verbose cli   '@types/duplexify@ts3.6',
1 verbose cli   '@types/ee-first@ts3.6',
1 verbose cli   '@types/ejs@ts3.6',
1 verbose cli   '@types/elliptic@ts3.6',
1 verbose cli   '@types/encodeurl@ts3.6',
1 verbose cli   '@types/end-of-stream@ts3.6',
1 verbose cli   ... 101 more items
1 verbose cli ]
2 info using npm@6.14.6
3 info using node@v12.18.3
4 verbose npm-session cd37618a71f9ca0b
5 silly install loadCurrentTree
6 silly install readLocalPackageData
7 http fetch GET 200 https://registry.npmjs.org/@types%2flint-staged 1713ms
8 silly fetchPackageMetaData error for @types/lint-staged@ts3.6 No matching version found for @types/lint-staged@ts3.6.
9 http fetch GET 304 https://registry.npmjs.org/@types%2fassert 335ms (from cache)
10 silly pacote tag manifest for @types/assert@ts3.6 fetched in 340ms
11 http fetch GET 304 https://registry.npmjs.org/@types%2fasap 2272ms (from cache)
12 http fetch GET 304 https://registry.npmjs.org/@types%2fargparse 2290ms (from cache)
13 http fetch GET 304 https://registry.npmjs.org/@types%2faccepts 2292ms (from cache)
14 http fetch GET 304 https://registry.npmjs.org/@types%2farray.prototype.flat 2286ms (from cache)
15 silly pacote tag manifest for @types/asap@ts3.6 fetched in 2285ms
16 http fetch GET 304 https://registry.npmjs.org/@types%2farray-unique 2289ms (from cache)
17 http fetch GET 304 https://registry.npmjs.org/@types%2faria-query 2295ms (from cache)
18 http fetch GET 304 https://registry.npmjs.org/@types%2farr-union 2294ms (from cache)
19 silly pacote tag manifest for @types/argparse@ts3.6 fetched in 2303ms
20 silly pacote tag manifest for @types/accepts@ts3.6 fetched in 2304ms
21 silly pacote tag manifest for @types/array.prototype.flat@ts3.6 fetched in 2309ms
22 silly pacote tag manifest for @types/array-unique@ts3.6 fetched in 2311ms
23 silly pacote tag manifest for @types/aria-query@ts3.6 fetched in 2320ms
24 http fetch GET 304 https://registry.npmjs.org/@types%2farr-diff 2320ms (from cache)
25 silly pacote tag manifest for @types/arr-union@ts3.6 fetched in 2318ms
26 http fetch GET 304 https://registry.npmjs.org/@types%2fasync 284ms (from cache)
27 silly pacote tag manifest for @types/arr-diff@ts3.6 fetched in 2410ms
28 http fetch GET 304 https://registry.npmjs.org/@types%2farray.prototype.flatmap 2405ms (from cache)
29 silly pacote tag manifest for @types/async@ts3.6 fetched in 380ms
30 silly pacote tag manifest for @types/array.prototype.flatmap@ts3.6 fetched in 2452ms
31 http fetch GET 304 https://registry.npmjs.org/@types%2fbonjour 331ms (from cache)
32 silly pacote tag manifest for @types/bonjour@ts3.6 fetched in 334ms
33 http fetch GET 304 https://registry.npmjs.org/@types%2fbabel-plugin-macros 596ms (from cache)
34 silly pacote tag manifest for @types/babel-plugin-macros@ts3.6 fetched in 612ms
35 http fetch GET 304 https://registry.npmjs.org/@types%2fatob 624ms (from cache)
36 silly pacote tag manifest for @types/atob@ts3.6 fetched in 648ms
37 http fetch GET 304 https://registry.npmjs.org/@types%2fbody-parser 522ms (from cache)
38 http fetch GET 304 https://registry.npmjs.org/@types%2fbn.js 641ms (from cache)
39 silly pacote tag manifest for @types/body-parser@ts3.6 fetched in 544ms
40 silly pacote tag manifest for @types/bn.js@ts3.6 fetched in 649ms
41 http fetch GET 304 https://registry.npmjs.org/@types%2fbrace-expansion 205ms (from cache)
42 silly pacote tag manifest for @types/brace-expansion@ts3.6 fetched in 239ms
43 http fetch GET 304 https://registry.npmjs.org/@types%2fbabylon 752ms (from cache)
44 silly pacote tag manifest for @types/babylon@ts3.6 fetched in 771ms
45 http fetch GET 304 https://registry.npmjs.org/@types%2fbalanced-match 830ms (from cache)
46 silly pacote tag manifest for @types/balanced-match@ts3.6 fetched in 856ms
47 http fetch GET 304 https://registry.npmjs.org/@types%2fbraces 282ms (from cache)
48 http fetch GET 304 https://registry.npmjs.org/@types%2fbrorand 261ms (from cache)
49 silly pacote tag manifest for @types/braces@ts3.6 fetched in 311ms
50 silly pacote tag manifest for @types/brorand@ts3.6 fetched in 289ms
51 http fetch GET 304 https://registry.npmjs.org/@types%2fbuffer-from 259ms (from cache)
52 silly pacote tag manifest for @types/buffer-from@ts3.6 fetched in 298ms
53 http fetch GET 304 https://registry.npmjs.org/@types%2fbuffer-xor 500ms (from cache)
54 silly pacote tag manifest for @types/buffer-xor@ts3.6 fetched in 504ms
55 http fetch GET 304 https://registry.npmjs.org/@types%2fcaniuse-api 358ms (from cache)
56 http fetch GET 304 https://registry.npmjs.org/@types%2fbytes 517ms (from cache)
57 silly pacote tag manifest for @types/caniuse-api@ts3.6 fetched in 362ms
58 silly pacote tag manifest for @types/bytes@ts3.6 fetched in 521ms
59 http fetch GET 304 https://registry.npmjs.org/@types%2fcacache 423ms (from cache)
60 silly pacote tag manifest for @types/cacache@ts3.6 fetched in 450ms
61 http fetch GET 304 https://registry.npmjs.org/@types%2fcaniuse-lite 406ms (from cache)
62 silly pacote tag manifest for @types/caniuse-lite@ts3.6 fetched in 410ms
63 http fetch GET 304 https://registry.npmjs.org/@types%2fcase-sensitive-paths-webpack-plugin 231ms (from cache)
64 silly pacote tag manifest for @types/case-sensitive-paths-webpack-plugin@ts3.6 fetched in 237ms
65 http fetch GET 304 https://registry.npmjs.org/@types%2fchownr 657ms (from cache)
66 http fetch GET 304 https://registry.npmjs.org/@types%2fclean-css 567ms (from cache)
67 http fetch GET 304 https://registry.npmjs.org/@types%2fcipher-base 630ms (from cache)
68 silly pacote tag manifest for @types/chownr@ts3.6 fetched in 662ms
69 silly pacote tag manifest for @types/clean-css@ts3.6 fetched in 572ms
70 silly pacote tag manifest for @types/cipher-base@ts3.6 fetched in 636ms
71 http fetch GET 304 https://registry.npmjs.org/@types%2fbluebird 2129ms (from cache)
72 silly pacote tag manifest for @types/bluebird@ts3.6 fetched in 2136ms
73 http fetch GET 200 https://registry.npmjs.org/@types%2fcall-bind 1746ms
74 silly fetchPackageMetaData error for @types/call-bind@ts3.6 No matching version found for @types/call-bind@ts3.6.
75 http fetch GET 304 https://registry.npmjs.org/@types%2fcolor-name 718ms (from cache)
76 http fetch GET 304 https://registry.npmjs.org/@types%2fcolor-convert 719ms (from cache)
77 http fetch GET 304 https://registry.npmjs.org/@types%2fcolor 723ms (from cache)
78 silly pacote tag manifest for @types/color@ts3.6 fetched in 739ms
79 silly pacote tag manifest for @types/color-name@ts3.6 fetched in 742ms
80 silly pacote tag manifest for @types/color-convert@ts3.6 fetched in 745ms
81 http fetch GET 304 https://registry.npmjs.org/@types%2fboolbase 2635ms (from cache)
82 silly pacote tag manifest for @types/boolbase@ts3.6 fetched in 2640ms
83 http fetch GET 304 https://registry.npmjs.org/@types%2fbig.js 2883ms (from cache)
84 silly pacote tag manifest for @types/big.js@ts3.6 fetched in 2886ms
85 http fetch GET 304 https://registry.npmjs.org/@types%2fcombined-stream 304ms (from cache)
86 silly pacote tag manifest for @types/combined-stream@ts3.6 fetched in 308ms
87 http fetch GET 304 https://registry.npmjs.org/@types%2fcompose-function 223ms (from cache)
88 silly pacote tag manifest for @types/compose-function@ts3.6 fetched in 228ms
89 http fetch GET 304 https://registry.npmjs.org/@types%2fbser 2406ms (from cache)
90 silly pacote tag manifest for @types/bser@ts3.6 fetched in 2411ms
91 http fetch GET 304 https://registry.npmjs.org/@types%2fcomponent-emitter 410ms (from cache)
92 silly pacote tag manifest for @types/component-emitter@ts3.6 fetched in 415ms
93 http fetch GET 304 https://registry.npmjs.org/@types%2fcompression 483ms (from cache)
94 silly pacote tag manifest for @types/compression@ts3.6 fetched in 489ms
95 http fetch GET 304 https://registry.npmjs.org/@types%2fconfusing-browser-globals 366ms (from cache)
96 silly pacote tag manifest for @types/confusing-browser-globals@ts3.6 fetched in 380ms
97 http fetch GET 304 https://registry.npmjs.org/@types%2fco 2340ms (from cache)
98 silly pacote tag manifest for @types/co@ts3.6 fetched in 2343ms
99 http fetch GET 304 https://registry.npmjs.org/@types%2fcheck-types 2615ms (from cache)
100 silly pacote tag manifest for @types/check-types@ts3.6 fetched in 2619ms
101 http fetch GET 304 https://registry.npmjs.org/@types%2fconnect-history-api-fallback 707ms (from cache)
102 http fetch GET 304 https://registry.npmjs.org/@types%2fcontent-disposition 678ms (from cache)
103 http fetch GET 304 https://registry.npmjs.org/@types%2fcontent-type 374ms (from cache)
104 silly pacote tag manifest for @types/connect-history-api-fallback@ts3.6 fetched in 712ms
105 silly pacote tag manifest for @types/content-disposition@ts3.6 fetched in 682ms
106 silly pacote tag manifest for @types/content-type@ts3.6 fetched in 379ms
107 http fetch GET 304 https://registry.npmjs.org/@types%2fcookie-signature 278ms (from cache)
108 http fetch GET 304 https://registry.npmjs.org/@types%2fcookie 279ms (from cache)
109 silly pacote tag manifest for @types/cookie-signature@ts3.6 fetched in 282ms
110 silly pacote tag manifest for @types/cookie@ts3.6 fetched in 287ms
111 http fetch GET 304 https://registry.npmjs.org/@types%2fcore-js 363ms (from cache)
112 silly pacote tag manifest for @types/core-js@ts3.6 fetched in 368ms
113 http fetch GET 304 https://registry.npmjs.org/@types%2fcreate-hash 383ms (from cache)
114 silly pacote tag manifest for @types/create-hash@ts3.6 fetched in 388ms
115 http fetch GET 304 https://registry.npmjs.org/@types%2fcross-spawn 349ms (from cache)
116 silly pacote tag manifest for @types/cross-spawn@ts3.6 fetched in 356ms
117 http fetch GET 304 https://registry.npmjs.org/@types%2fcolor-string 2760ms (from cache)
118 http fetch GET 304 https://registry.npmjs.org/@types%2fcreate-hmac 458ms (from cache)
119 silly pacote tag manifest for @types/color-string@ts3.6 fetched in 2787ms
120 silly pacote tag manifest for @types/create-hmac@ts3.6 fetched in 481ms
121 http fetch GET 304 https://registry.npmjs.org/@types%2fcss 219ms (from cache)
122 silly pacote tag manifest for @types/css@ts3.6 fetched in 223ms
123 http fetch GET 304 https://registry.npmjs.org/@types%2fcommon-tags 2429ms (from cache)
124 silly pacote tag manifest for @types/common-tags@ts3.6 fetched in 2432ms
125 http fetch GET 304 https://registry.npmjs.org/@types%2fcommondir 2491ms (from cache)
126 silly pacote tag manifest for @types/commondir@ts3.6 fetched in 2496ms
127 http fetch GET 304 https://registry.npmjs.org/@types%2fcssesc 160ms (from cache)
128 silly pacote tag manifest for @types/cssesc@ts3.6 fetched in 165ms
129 http fetch GET 200 https://registry.npmjs.org/@types%2fcss.escape 678ms
130 silly fetchPackageMetaData error for @types/css.escape@ts3.6 No matching version found for @types/css.escape@ts3.6.
131 http fetch GET 304 https://registry.npmjs.org/@types%2fcssstyle 408ms (from cache)
132 http fetch GET 304 https://registry.npmjs.org/@types%2fcompressible 2751ms (from cache)
133 http fetch GET 304 https://registry.npmjs.org/@types%2fcss-tree 728ms (from cache)
134 http fetch GET 304 https://registry.npmjs.org/@types%2fcss-declaration-sorter 758ms (from cache)
135 http fetch GET 304 https://registry.npmjs.org/@types%2fcsso 540ms (from cache)
136 http fetch GET 304 https://registry.npmjs.org/@types%2fconvert-source-map 1761ms (from cache)
137 silly pacote tag manifest for @types/compressible@ts3.6 fetched in 2772ms
138 http fetch GET 304 https://registry.npmjs.org/@types%2fcssom 483ms (from cache)
139 silly pacote tag manifest for @types/cssstyle@ts3.6 fetched in 439ms
140 silly pacote tag manifest for @types/css-tree@ts3.6 fetched in 747ms
141 silly pacote tag manifest for @types/css-declaration-sorter@ts3.6 fetched in 777ms
142 silly pacote tag manifest for @types/csso@ts3.6 fetched in 562ms
143 silly pacote tag manifest for @types/convert-source-map@ts3.6 fetched in 1784ms
144 silly pacote tag manifest for @types/cssom@ts3.6 fetched in 514ms
145 http fetch GET 304 https://registry.npmjs.org/@types%2fconcat-map 2822ms (from cache)
146 silly pacote tag manifest for @types/concat-map@ts3.6 fetched in 2827ms
147 http fetch GET 304 https://registry.npmjs.org/@types%2fconcat-stream 2781ms (from cache)
148 http fetch GET 304 https://registry.npmjs.org/@types%2fd 222ms (from cache)
149 silly pacote tag manifest for @types/d@ts3.6 fetched in 245ms
150 silly pacote tag manifest for @types/concat-stream@ts3.6 fetched in 2806ms
151 http fetch GET 304 https://registry.npmjs.org/@types%2fdebug 408ms (from cache)
152 silly pacote tag manifest for @types/debug@ts3.6 fetched in 412ms
153 http fetch GET 304 https://registry.npmjs.org/@types%2fdedent 690ms (from cache)
154 http fetch GET 304 https://registry.npmjs.org/@types%2fdata-urls 698ms (from cache)
155 http fetch GET 304 https://registry.npmjs.org/@types%2fdamerau-levenshtein 704ms (from cache)
156 http fetch GET 304 https://registry.npmjs.org/@types%2fdepd 503ms (from cache)
157 http fetch GET 304 https://registry.npmjs.org/@types%2fdestroy 505ms (from cache)
158 http fetch GET 304 https://registry.npmjs.org/@types%2fdefault-gateway 676ms (from cache)
159 http fetch GET 304 https://registry.npmjs.org/@types%2fdeep-equal 696ms (from cache)
160 silly pacote tag manifest for @types/data-urls@ts3.6 fetched in 708ms
161 silly pacote tag manifest for @types/dedent@ts3.6 fetched in 701ms
162 silly pacote tag manifest for @types/depd@ts3.6 fetched in 514ms
163 silly pacote tag manifest for @types/damerau-levenshtein@ts3.6 fetched in 717ms
164 silly pacote tag manifest for @types/destroy@ts3.6 fetched in 516ms
165 silly pacote tag manifest for @types/default-gateway@ts3.6 fetched in 692ms
166 silly pacote tag manifest for @types/deep-equal@ts3.6 fetched in 715ms
167 http fetch GET 304 https://registry.npmjs.org/@types%2fdetect-node 444ms (from cache)
168 silly pacote tag manifest for @types/detect-node@ts3.6 fetched in 449ms
169 http fetch GET 304 https://registry.npmjs.org/@types%2fdir-glob 451ms (from cache)
170 silly pacote tag manifest for @types/dir-glob@ts3.6 fetched in 455ms
171 http fetch GET 200 https://registry.npmjs.org/@types%2fdns-txt 690ms
172 silly fetchPackageMetaData error for @types/dns-txt@ts3.6 No matching version found for @types/dns-txt@ts3.6.
173 http fetch GET 304 https://registry.npmjs.org/@types%2fdomexception 688ms (from cache)
174 http fetch GET 304 https://registry.npmjs.org/@types%2fduplexify 548ms (from cache)
175 http fetch GET 304 https://registry.npmjs.org/@types%2fdoctrine 694ms (from cache)
176 http fetch GET 304 https://registry.npmjs.org/@types%2fdomutils 699ms (from cache)
177 silly pacote tag manifest for @types/domexception@ts3.6 fetched in 704ms
178 silly pacote tag manifest for @types/doctrine@ts3.6 fetched in 709ms
179 silly pacote tag manifest for @types/duplexify@ts3.6 fetched in 565ms
180 silly pacote tag manifest for @types/domutils@ts3.6 fetched in 712ms
181 http fetch GET 304 https://registry.npmjs.org/@types%2fencodeurl 455ms (from cache)
182 silly pacote tag manifest for @types/encodeurl@ts3.6 fetched in 459ms
183 http fetch GET 304 https://registry.npmjs.org/@types%2fejs 678ms (from cache)
184 silly pacote tag manifest for @types/ejs@ts3.6 fetched in 683ms
185 http fetch GET 304 https://registry.npmjs.org/@types%2fee-first 953ms (from cache)
186 silly pacote tag manifest for @types/ee-first@ts3.6 fetched in 961ms
187 http fetch GET 304 https://registry.npmjs.org/@types%2fes-abstract 750ms (from cache)
188 http fetch GET 304 https://registry.npmjs.org/@types%2felliptic 765ms (from cache)
189 silly pacote tag manifest for @types/es-abstract@ts3.6 fetched in 756ms
190 silly pacote tag manifest for @types/elliptic@ts3.6 fetched in 770ms
191 http fetch GET 304 https://registry.npmjs.org/@types%2fdns-packet 1619ms (from cache)
192 silly pacote tag manifest for @types/dns-packet@ts3.6 fetched in 1622ms
193 http fetch GET 304 https://registry.npmjs.org/@types%2fdecode-uri-component 2585ms (from cache)
194 silly pacote tag manifest for @types/decode-uri-component@ts3.6 fetched in 2589ms
195 http fetch GET 304 https://registry.npmjs.org/@types%2fescape-html 699ms (from cache)
196 http fetch GET 304 https://registry.npmjs.org/@types%2fes-to-primitive 743ms (from cache)
197 http fetch GET 304 https://registry.npmjs.org/@types%2fdefine-properties 2663ms (from cache)
198 silly pacote tag manifest for @types/escape-html@ts3.6 fetched in 705ms
199 http fetch GET 304 https://registry.npmjs.org/@types%2fescodegen 640ms (from cache)
200 silly pacote tag manifest for @types/es-to-primitive@ts3.6 fetched in 748ms
201 silly pacote tag manifest for @types/define-properties@ts3.6 fetched in 2670ms
202 http fetch GET 304 https://registry.npmjs.org/@types%2feslint-scope 643ms (from cache)
203 silly pacote tag manifest for @types/escodegen@ts3.6 fetched in 659ms
204 silly pacote tag manifest for @types/eslint-scope@ts3.6 fetched in 660ms
205 http fetch GET 304 https://registry.npmjs.org/@types%2fdiffie-hellman 2850ms (from cache)
206 http fetch GET 304 https://registry.npmjs.org/@types%2fetag 706ms (from cache)
207 http fetch GET 304 https://registry.npmjs.org/@types%2fesquery 727ms (from cache)
208 silly pacote tag manifest for @types/etag@ts3.6 fetched in 710ms
209 silly pacote tag manifest for @types/diffie-hellman@ts3.6 fetched in 2857ms
210 silly pacote tag manifest for @types/esquery@ts3.6 fetched in 733ms
211 http fetch GET 304 https://registry.npmjs.org/@types%2fevents 796ms (from cache)
212 silly pacote tag manifest for @types/events@ts3.6 fetched in 800ms
213 http fetch GET 304 https://registry.npmjs.org/@types%2ffb-watchman 208ms (from cache)
214 silly pacote tag manifest for @types/fb-watchman@ts3.6 fetched in 213ms
215 http fetch GET 304 https://registry.npmjs.org/@types%2fexit 374ms (from cache)
216 silly pacote tag manifest for @types/exit@ts3.6 fetched in 377ms
217 http fetch GET 304 https://registry.npmjs.org/@types%2fesprima 1385ms (from cache)
218 silly pacote tag manifest for @types/esprima@ts3.6 fetched in 1388ms
219 http fetch GET 304 https://registry.npmjs.org/@types%2fend-of-stream 2842ms (from cache)
220 silly pacote tag manifest for @types/end-of-stream@ts3.6 fetched in 2845ms
221 http fetch GET 304 https://registry.npmjs.org/@types%2fes-get-iterator 2646ms (from cache)
222 silly pacote tag manifest for @types/es-get-iterator@ts3.6 fetched in 2659ms
223 http fetch GET 200 https://registry.npmjs.org/@types%2ffill-range 579ms
224 silly fetchPackageMetaData error for @types/fill-range@ts3.6 No matching version found for @types/fill-range@ts3.6.
225 http fetch GET 304 https://registry.npmjs.org/@types%2ffile-loader 630ms (from cache)
226 http fetch GET 304 https://registry.npmjs.org/@types%2ffile-entry-cache 702ms (from cache)
227 silly pacote tag manifest for @types/file-entry-cache@ts3.6 fetched in 718ms
228 silly pacote tag manifest for @types/file-loader@ts3.6 fetched in 649ms
229 http fetch GET 304 https://registry.npmjs.org/@types%2feslint-utils 2310ms (from cache)
230 silly pacote tag manifest for @types/eslint-utils@ts3.6 fetched in 2313ms
231 http fetch GET 304 https://registry.npmjs.org/@types%2ffinalhandler 766ms (from cache)
232 http fetch GET 304 https://registry.npmjs.org/@types%2fesutils 2213ms (from cache)
233 http fetch GET 304 https://registry.npmjs.org/@types%2fflush-write-stream 462ms (from cache)
234 http fetch GET 304 https://registry.npmjs.org/@types%2ffollow-redirects 462ms (from cache)
235 http fetch GET 304 https://registry.npmjs.org/@types%2fforwarded 410ms (from cache)
236 silly pacote tag manifest for @types/esutils@ts3.6 fetched in 2218ms
237 silly pacote tag manifest for @types/finalhandler@ts3.6 fetched in 775ms
238 silly pacote tag manifest for @types/flush-write-stream@ts3.6 fetched in 469ms
239 silly pacote tag manifest for @types/follow-redirects@ts3.6 fetched in 469ms
240 silly pacote tag manifest for @types/forwarded@ts3.6 fetched in 418ms
241 http fetch GET 304 https://registry.npmjs.org/@types%2ffunction-bind 472ms (from cache)
242 silly pacote tag manifest for @types/function-bind@ts3.6 fetched in 477ms
243 http fetch GET 200 https://registry.npmjs.org/@types%2ffs-minipass 697ms
244 silly fetchPackageMetaData error for @types/fs-minipass@ts3.6 No matching version found for @types/fs-minipass@ts3.6.
245 http fetch GET 304 https://registry.npmjs.org/@types%2festraverse 2927ms (from cache)
246 http fetch GET 304 https://registry.npmjs.org/@types%2ffresh 709ms (from cache)
247 silly pacote tag manifest for @types/fresh@ts3.6 fetched in 734ms
248 silly pacote tag manifest for @types/estraverse@ts3.6 fetched in 2954ms
249 http fetch GET 304 https://registry.npmjs.org/@types%2ffunctional-red-black-tree 745ms (from cache)
250 silly pacote tag manifest for @types/functional-red-black-tree@ts3.6 fetched in 787ms
251 http fetch GET 304 https://registry.npmjs.org/@types%2feventsource 2481ms (from cache)
252 silly pacote tag manifest for @types/eventsource@ts3.6 fetched in 2499ms
253 http fetch GET 200 https://registry.npmjs.org/@types%2fget-intrinsic 367ms
254 silly fetchPackageMetaData error for @types/get-intrinsic@ts3.6 No matching version found for @types/get-intrinsic@ts3.6.
255 http fetch GET 200 https://registry.npmjs.org/@types%2fgensync 592ms
256 silly fetchPackageMetaData error for @types/gensync@ts3.6 No matching version found for @types/gensync@ts3.6.
257 http fetch GET 304 https://registry.npmjs.org/@types%2ffast-levenshtein 2574ms (from cache)
258 http fetch GET 304 https://registry.npmjs.org/@types%2fglob-parent 350ms (from cache)
259 http fetch GET 304 https://registry.npmjs.org/@types%2fglobal-modules 292ms (from cache)
260 silly pacote tag manifest for @types/global-modules@ts3.6 fetched in 315ms
261 silly pacote tag manifest for @types/glob-parent@ts3.6 fetched in 376ms
262 silly pacote tag manifest for @types/fast-levenshtein@ts3.6 fetched in 2603ms
263 http fetch GET 304 https://registry.npmjs.org/@types%2fflat-cache 1935ms (from cache)
264 http fetch GET 304 https://registry.npmjs.org/@types%2ffind-cache-dir 1957ms (from cache)
265 silly pacote tag manifest for @types/flat-cache@ts3.6 fetched in 1939ms
266 silly pacote tag manifest for @types/find-cache-dir@ts3.6 fetched in 1963ms
267 http fetch GET 200 https://registry.npmjs.org/@types%2fgopd 433ms
268 silly fetchPackageMetaData error for @types/gopd@ts3.6 No matching version found for @types/gopd@ts3.6.
269 http fetch GET 304 https://registry.npmjs.org/@types%2fglobal-prefix 512ms (from cache)
270 http fetch GET 200 https://registry.npmjs.org/@types%2fhas-bigints 394ms
271 silly fetchPackageMetaData error for @types/has-bigints@ts3.6 No matching version found for @types/has-bigints@ts3.6.
272 http fetch GET 304 https://registry.npmjs.org/@types%2fgraceful-fs 412ms (from cache)
273 silly pacote tag manifest for @types/global-prefix@ts3.6 fetched in 530ms
274 silly pacote tag manifest for @types/graceful-fs@ts3.6 fetched in 454ms
275 http fetch GET 304 https://registry.npmjs.org/@types%2fglobalthis 531ms (from cache)
276 http fetch GET 304 https://registry.npmjs.org/@types%2fhas 483ms (from cache)
277 silly pacote tag manifest for @types/has@ts3.6 fetched in 488ms
278 silly pacote tag manifest for @types/globalthis@ts3.6 fetched in 537ms
279 http fetch GET 304 https://registry.npmjs.org/@types%2fhe 283ms (from cache)
280 http fetch GET 304 https://registry.npmjs.org/@types%2fhex-color-regex 278ms (from cache)
281 http fetch GET 304 https://registry.npmjs.org/@types%2fhas-symbols 352ms (from cache)
282 silly pacote tag manifest for @types/he@ts3.6 fetched in 287ms
283 http fetch GET 304 https://registry.npmjs.org/@types%2fhosted-git-info 266ms (from cache)
284 http fetch GET 304 https://registry.npmjs.org/@types%2fhtml-encoding-sniffer 240ms (from cache)
285 silly pacote tag manifest for @types/hex-color-regex@ts3.6 fetched in 285ms
286 silly pacote tag manifest for @types/has-symbols@ts3.6 fetched in 358ms
287 silly pacote tag manifest for @types/hosted-git-info@ts3.6 fetched in 272ms
288 silly pacote tag manifest for @types/html-encoding-sniffer@ts3.6 fetched in 258ms
289 http fetch GET 200 https://registry.npmjs.org/@types%2fhas-values 470ms
290 silly fetchPackageMetaData error for @types/has-values@ts3.6 No matching version found for @types/has-values@ts3.6.
291 http fetch GET 304 https://registry.npmjs.org/@types%2fhtml-minifier-terser 317ms (from cache)
292 silly pacote tag manifest for @types/html-minifier-terser@ts3.6 fetched in 332ms
293 http fetch GET 304 https://registry.npmjs.org/@types%2ffrom2 2121ms (from cache)
294 silly pacote tag manifest for @types/from2@ts3.6 fetched in 2125ms
295 http fetch GET 304 https://registry.npmjs.org/@types%2fini 367ms (from cache)
296 http fetch GET 304 https://registry.npmjs.org/@types%2fhttp-errors 692ms (from cache)
297 http fetch GET 304 https://registry.npmjs.org/@types%2fhttp-proxy 690ms (from cache)
298 silly pacote tag manifest for @types/ini@ts3.6 fetched in 372ms
299 silly pacote tag manifest for @types/http-errors@ts3.6 fetched in 698ms
300 silly pacote tag manifest for @types/http-proxy@ts3.6 fetched in 695ms
301 http fetch GET 304 https://registry.npmjs.org/@types%2fimurmurhash 606ms (from cache)
302 silly pacote tag manifest for @types/imurmurhash@ts3.6 fetched in 641ms
303 http fetch GET 304 https://registry.npmjs.org/@types%2fip 436ms (from cache)
304 silly pacote tag manifest for @types/ip@ts3.6 fetched in 440ms
305 http fetch GET 200 https://registry.npmjs.org/@types%2fis-bigint 423ms
306 silly fetchPackageMetaData error for @types/is-bigint@ts3.6 No matching version found for @types/is-bigint@ts3.6.
307 http fetch GET 304 https://registry.npmjs.org/@types%2fget-value 2418ms (from cache)
308 silly pacote tag manifest for @types/get-value@ts3.6 fetched in 2421ms
309 http fetch GET 304 https://registry.npmjs.org/@types%2finternal-slot 659ms (from cache)
310 silly pacote tag manifest for @types/internal-slot@ts3.6 fetched in 685ms
311 http fetch GET 304 https://registry.npmjs.org/@types%2fis-buffer 229ms (from cache)
312 silly pacote tag manifest for @types/is-buffer@ts3.6 fetched in 232ms
313 http fetch GET 304 https://registry.npmjs.org/@types%2fis-ci 504ms (from cache)
314 silly pacote tag manifest for @types/is-ci@ts3.6 fetched in 509ms
315 http fetch GET 200 https://registry.npmjs.org/@types%2fimport-local 1976ms
316 silly fetchPackageMetaData error for @types/import-local@ts3.6 No matching version found for @types/import-local@ts3.6.
317 http fetch GET 200 https://registry.npmjs.org/@types%2fis-data-descriptor 234ms
318 silly fetchPackageMetaData error for @types/is-data-descriptor@ts3.6 No matching version found for @types/is-data-descriptor@ts3.6.
319 http fetch GET 304 https://registry.npmjs.org/@types%2fhtml-escaper 2350ms (from cache)
320 silly pacote tag manifest for @types/html-escaper@ts3.6 fetched in 2353ms
321 http fetch GET 304 https://registry.npmjs.org/@types%2fis-glob 486ms (from cache)
322 silly pacote tag manifest for @types/is-glob@ts3.6 fetched in 491ms
323 http fetch GET 304 https://registry.npmjs.org/@types%2ficss-utils 2789ms (from cache)
324 http fetch GET 304 https://registry.npmjs.org/@types%2fiferr 2790ms (from cache)
325 silly pacote tag manifest for @types/icss-utils@ts3.6 fetched in 2793ms
326 silly pacote tag manifest for @types/iferr@ts3.6 fetched in 2793ms
327 http fetch GET 304 https://registry.npmjs.org/@types%2fis-number 255ms (from cache)
328 silly pacote tag manifest for @types/is-number@ts3.6 fetched in 258ms
329 http fetch GET 304 https://registry.npmjs.org/@types%2fis-callable 1899ms (from cache)
330 http fetch GET 304 https://registry.npmjs.org/@types%2finherits 3112ms (from cache)
331 silly pacote tag manifest for @types/is-callable@ts3.6 fetched in 1903ms
332 silly pacote tag manifest for @types/inherits@ts3.6 fetched in 3117ms
333 http fetch GET 304 https://registry.npmjs.org/@types%2fis-arguments 2664ms (from cache)
334 silly pacote tag manifest for @types/is-arguments@ts3.6 fetched in 2668ms
335 http fetch GET 304 https://registry.npmjs.org/@types%2fis-date-object 1526ms (from cache)
336 silly pacote tag manifest for @types/is-date-object@ts3.6 fetched in 1529ms
337 http fetch GET 304 https://registry.npmjs.org/@types%2fis-windows 349ms (from cache)
338 silly pacote tag manifest for @types/is-windows@ts3.6 fetched in 370ms
339 http fetch GET 200 https://registry.npmjs.org/@types%2fis-boolean-object 2558ms
340 silly fetchPackageMetaData error for @types/is-boolean-object@ts3.6 No matching version found for @types/is-boolean-object@ts3.6.
341 http fetch GET 304 https://registry.npmjs.org/@types%2fis-typedarray 449ms (from cache)
342 http fetch GET 304 https://registry.npmjs.org/@types%2fisarray 341ms (from cache)
343 silly pacote tag manifest for @types/isarray@ts3.6 fetched in 349ms
344 silly pacote tag manifest for @types/is-typedarray@ts3.6 fetched in 461ms
345 http fetch GET 304 https://registry.npmjs.org/@types%2fis-regex 1182ms (from cache)
346 silly pacote tag manifest for @types/is-regex@ts3.6 fetched in 1186ms
347 http fetch GET 304 https://registry.npmjs.org/@types%2fis-core-module 2657ms (from cache)
348 http fetch GET 304 https://registry.npmjs.org/@types%2fistanbul-lib-coverage 453ms (from cache)
349 silly pacote tag manifest for @types/is-core-module@ts3.6 fetched in 2661ms
350 silly pacote tag manifest for @types/istanbul-lib-coverage@ts3.6 fetched in 459ms
351 http fetch GET 304 https://registry.npmjs.org/@types%2fisexe 564ms (from cache)
352 http fetch GET 304 https://registry.npmjs.org/@types%2fistanbul-lib-source-maps 371ms (from cache)
353 silly pacote tag manifest for @types/istanbul-lib-source-maps@ts3.6 fetched in 394ms
354 silly pacote tag manifest for @types/isexe@ts3.6 fetched in 593ms
355 http fetch GET 304 https://registry.npmjs.org/@types%2fistanbul-lib-report 655ms (from cache)
356 silly pacote tag manifest for @types/istanbul-lib-report@ts3.6 fetched in 658ms
357 http fetch GET 304 https://registry.npmjs.org/@types%2fjs-yaml 647ms (from cache)
358 http fetch GET 304 https://registry.npmjs.org/@types%2fistanbul-reports 747ms (from cache)
359 http fetch GET 304 https://registry.npmjs.org/@types%2fjsesc 619ms (from cache)
360 http fetch GET 304 https://registry.npmjs.org/@types%2fjsdom 645ms (from cache)
361 silly pacote tag manifest for @types/js-yaml@ts3.6 fetched in 652ms
362 silly pacote tag manifest for @types/jsesc@ts3.6 fetched in 626ms
363 silly pacote tag manifest for @types/istanbul-reports@ts3.6 fetched in 755ms
364 silly pacote tag manifest for @types/jsdom@ts3.6 fetched in 655ms
365 http fetch GET 200 https://registry.npmjs.org/@types%2fis-map 2679ms
366 silly fetchPackageMetaData error for @types/is-map@ts3.6 No matching version found for @types/is-map@ts3.6.
367 http fetch GET 200 https://registry.npmjs.org/@types%2fis-string 2044ms
368 silly fetchPackageMetaData error for @types/is-string@ts3.6 No matching version found for @types/is-string@ts3.6.
369 http fetch GET 200 https://registry.npmjs.org/@types%2fjson-stable-stringify-without-jsonify 471ms
370 silly fetchPackageMetaData error for @types/json-stable-stringify-without-jsonify@ts3.6 No matching version found for @types/json-stable-stringify-without-jsonify@ts3.6.
371 http fetch GET 200 https://registry.npmjs.org/@types%2flanguage-tags 319ms
372 silly fetchPackageMetaData error for @types/language-tags@ts3.6 No matching version found for @types/language-tags@ts3.6.
373 http fetch GET 304 https://registry.npmjs.org/@types%2fkind-of 322ms (from cache)
374 silly pacote tag manifest for @types/kind-of@ts3.6 fetched in 343ms
375 http fetch GET 304 https://registry.npmjs.org/@types%2flodash.debounce 333ms (from cache)
376 http fetch GET 304 https://registry.npmjs.org/@types%2flodash 341ms (from cache)
377 silly pacote tag manifest for @types/lodash.debounce@ts3.6 fetched in 341ms
378 silly pacote tag manifest for @types/lodash@ts3.6 fetched in 350ms
379 http fetch GET 304 https://registry.npmjs.org/@types%2flodash.merge 446ms (from cache)
380 http fetch GET 304 https://registry.npmjs.org/@types%2flodash.memoize 469ms (from cache)
381 silly pacote tag manifest for @types/lodash.merge@ts3.6 fetched in 449ms
382 silly pacote tag manifest for @types/lodash.memoize@ts3.6 fetched in 473ms
383 http fetch GET 304 https://registry.npmjs.org/@types%2flodash.template 401ms (from cache)
384 silly pacote tag manifest for @types/lodash.template@ts3.6 fetched in 404ms
385 http fetch GET 200 https://registry.npmjs.org/@types%2fis-symbol 2841ms
386 silly fetchPackageMetaData error for @types/is-symbol@ts3.6 No matching version found for @types/is-symbol@ts3.6.
387 http fetch GET 304 https://registry.npmjs.org/@types%2fjson-parse-better-errors 1721ms (from cache)
388 silly pacote tag manifest for @types/json-parse-better-errors@ts3.6 fetched in 1724ms
389 http fetch GET 304 https://registry.npmjs.org/@types%2fistanbul-lib-instrument 2620ms (from cache)
390 silly pacote tag manifest for @types/istanbul-lib-instrument@ts3.6 fetched in 2632ms
391 http fetch GET 304 https://registry.npmjs.org/@types%2floader-runner 1695ms (from cache)
392 silly pacote tag manifest for @types/loader-runner@ts3.6 fetched in 1698ms
393 http fetch GET 304 https://registry.npmjs.org/@types%2floader-utils 2350ms (from cache)
394 silly pacote tag manifest for @types/loader-utils@ts3.6 fetched in 2354ms
395 http fetch GET 304 https://registry.npmjs.org/@types%2fjsonfile 2496ms (from cache)
396 silly pacote tag manifest for @types/jsonfile@ts3.6 fetched in 2500ms
397 timing stage:rollbackFailedOptional Completed in 1ms
398 timing stage:runTopLevelLifecycles Completed in 22389ms
399 verbose type tag
400 verbose stack @types/lint-staged: No matching version found for @types/lint-staged@ts3.6.
400 verbose stack     at pickManifest (/usr/local/lib/node_modules/npm/node_modules/npm-pick-manifest/index.js:122:13)
400 verbose stack     at /usr/local/lib/node_modules/npm/node_modules/pacote/lib/fetchers/registry/manifest.js:24:14
400 verbose stack     at tryCatcher (/usr/local/lib/node_modules/npm/node_modules/bluebird/js/release/util.js:16:23)
400 verbose stack     at Promise._settlePromiseFromHandler (/usr/local/lib/node_modules/npm/node_modules/bluebird/js/release/promise.js:517:31)
400 verbose stack     at Promise._settlePromise (/usr/local/lib/node_modules/npm/node_modules/bluebird/js/release/promise.js:574:18)
400 verbose stack     at Promise._settlePromise0 (/usr/local/lib/node_modules/npm/node_modules/bluebird/js/release/promise.js:619:10)
400 verbose stack     at Promise._settlePromises (/usr/local/lib/node_modules/npm/node_modules/bluebird/js/release/promise.js:699:18)
400 verbose stack     at _drainQueueStep (/usr/local/lib/node_modules/npm/node_modules/bluebird/js/release/async.js:138:12)
400 verbose stack     at _drainQueue (/usr/local/lib/node_modules/npm/node_modules/bluebird/js/release/async.js:131:9)
400 verbose stack     at Async._drainQueues (/usr/local/lib/node_modules/npm/node_modules/bluebird/js/release/async.js:147:5)
400 verbose stack     at Immediate.Async.drainQueues [as _onImmediate] (/usr/local/lib/node_modules/npm/node_modules/bluebird/js/release/async.js:17:14)
400 verbose stack     at processImmediate (internal/timers.js:456:21)
401 verbose cwd /home/theia/.cache/typescript/3.6
402 verbose Linux 5.10.16.3-microsoft-standard-WSL2
403 verbose argv "/usr/local/bin/node" "/usr/local/bin/npm" "install" "--ignore-scripts" "@types/lint-staged@ts3.6" "@types/accepts@ts3.6" "@types/argparse@ts3.6" "@types/aria-query@ts3.6" "@types/arr-diff@ts3.6" "@types/arr-union@ts3.6" "@types/array-unique@ts3.6" "@types/array.prototype.flat@ts3.6" "@types/array.prototype.flatmap@ts3.6" "@types/asap@ts3.6" "@types/assert@ts3.6" "@types/async@ts3.6" "@types/atob@ts3.6" "@types/babel-plugin-macros@ts3.6" "@types/babylon@ts3.6" "@types/balanced-match@ts3.6" "@types/big.js@ts3.6" "@types/bluebird@ts3.6" "@types/bn.js@ts3.6" "@types/body-parser@ts3.6" "@types/bonjour@ts3.6" "@types/boolbase@ts3.6" "@types/brace-expansion@ts3.6" "@types/braces@ts3.6" "@types/brorand@ts3.6" "@types/bser@ts3.6" "@types/buffer-from@ts3.6" "@types/buffer-xor@ts3.6" "@types/bytes@ts3.6" "@types/cacache@ts3.6" "@types/call-bind@ts3.6" "@types/caniuse-api@ts3.6" "@types/caniuse-lite@ts3.6" "@types/case-sensitive-paths-webpack-plugin@ts3.6" "@types/check-types@ts3.6" "@types/chownr@ts3.6" "@types/cipher-base@ts3.6" "@types/clean-css@ts3.6" "@types/co@ts3.6" "@types/color@ts3.6" "@types/color-convert@ts3.6" "@types/color-name@ts3.6" "@types/color-string@ts3.6" "@types/combined-stream@ts3.6" "@types/common-tags@ts3.6" "@types/commondir@ts3.6" "@types/component-emitter@ts3.6" "@types/compose-function@ts3.6" "@types/compressible@ts3.6" "@types/compression@ts3.6" "@types/concat-map@ts3.6" "@types/concat-stream@ts3.6" "@types/confusing-browser-globals@ts3.6" "@types/connect-history-api-fallback@ts3.6" "@types/content-disposition@ts3.6" "@types/content-type@ts3.6" "@types/convert-source-map@ts3.6" "@types/cookie@ts3.6" "@types/cookie-signature@ts3.6" "@types/core-js@ts3.6" "@types/create-hash@ts3.6" "@types/create-hmac@ts3.6" "@types/cross-spawn@ts3.6" "@types/css@ts3.6" "@types/css-declaration-sorter@ts3.6" "@types/css-tree@ts3.6" "@types/css.escape@ts3.6" "@types/cssesc@ts3.6" "@types/csso@ts3.6" "@types/cssom@ts3.6" "@types/cssstyle@ts3.6" "@types/d@ts3.6" "@types/damerau-levenshtein@ts3.6" "@types/data-urls@ts3.6" "@types/debug@ts3.6" "@types/decode-uri-component@ts3.6" "@types/dedent@ts3.6" "@types/deep-equal@ts3.6" "@types/default-gateway@ts3.6" "@types/define-properties@ts3.6" "@types/depd@ts3.6" "@types/destroy@ts3.6" "@types/detect-node@ts3.6" "@types/diffie-hellman@ts3.6" "@types/dir-glob@ts3.6" "@types/dns-packet@ts3.6" "@types/dns-txt@ts3.6" "@types/doctrine@ts3.6" "@types/domexception@ts3.6" "@types/domutils@ts3.6" "@types/duplexify@ts3.6" "@types/ee-first@ts3.6" "@types/ejs@ts3.6" "@types/elliptic@ts3.6" "@types/encodeurl@ts3.6" "@types/end-of-stream@ts3.6" "@types/es-abstract@ts3.6" "@types/es-get-iterator@ts3.6" "@types/es-to-primitive@ts3.6" "@types/escape-html@ts3.6" "@types/escodegen@ts3.6" "@types/eslint-scope@ts3.6" "@types/eslint-utils@ts3.6" "@types/esprima@ts3.6" "@types/esquery@ts3.6" "@types/estraverse@ts3.6" "@types/esutils@ts3.6" "@types/etag@ts3.6" "@types/events@ts3.6" "@types/eventsource@ts3.6" "@types/exit@ts3.6" "@types/fast-levenshtein@ts3.6" "@types/fb-watchman@ts3.6" "@types/file-entry-cache@ts3.6" "@types/file-loader@ts3.6" "@types/fill-range@ts3.6" "@types/finalhandler@ts3.6" "@types/find-cache-dir@ts3.6" "@types/flat-cache@ts3.6" "@types/flush-write-stream@ts3.6" "@types/follow-redirects@ts3.6" "@types/forwarded@ts3.6" "@types/fresh@ts3.6" "@types/from2@ts3.6" "@types/fs-minipass@ts3.6" "@types/function-bind@ts3.6" "@types/functional-red-black-tree@ts3.6" "@types/gensync@ts3.6" "@types/get-intrinsic@ts3.6" "@types/get-value@ts3.6" "@types/glob-parent@ts3.6" "@types/global-modules@ts3.6" "@types/global-prefix@ts3.6" "@types/globalthis@ts3.6" "@types/gopd@ts3.6" "@types/graceful-fs@ts3.6" "@types/has@ts3.6" "@types/has-bigints@ts3.6" "@types/has-symbols@ts3.6" "@types/has-values@ts3.6" "@types/he@ts3.6" "@types/hex-color-regex@ts3.6" "@types/hosted-git-info@ts3.6" "@types/html-encoding-sniffer@ts3.6" "@types/html-escaper@ts3.6" "@types/html-minifier-terser@ts3.6" "@types/http-errors@ts3.6" "@types/http-proxy@ts3.6" "@types/icss-utils@ts3.6" "@types/iferr@ts3.6" "@types/import-local@ts3.6" "@types/imurmurhash@ts3.6" "@types/inherits@ts3.6" "@types/ini@ts3.6" "@types/internal-slot@ts3.6" "@types/ip@ts3.6" "@types/is-arguments@ts3.6" "@types/is-bigint@ts3.6" "@types/is-boolean-object@ts3.6" "@types/is-buffer@ts3.6" "@types/is-callable@ts3.6" "@types/is-ci@ts3.6" "@types/is-core-module@ts3.6" "@types/is-data-descriptor@ts3.6" "@types/is-date-object@ts3.6" "@types/is-glob@ts3.6" "@types/is-map@ts3.6" "@types/is-number@ts3.6" "@types/is-regex@ts3.6" "@types/is-string@ts3.6" "@types/is-symbol@ts3.6" "@types/is-typedarray@ts3.6" "@types/is-windows@ts3.6" "@types/isarray@ts3.6" "@types/isexe@ts3.6" "@types/istanbul-lib-coverage@ts3.6" "@types/istanbul-lib-instrument@ts3.6" "@types/istanbul-lib-report@ts3.6" "@types/istanbul-lib-source-maps@ts3.6" "@types/istanbul-reports@ts3.6" "@types/js-yaml@ts3.6" "@types/jsdom@ts3.6" "@types/jsesc@ts3.6" "@types/json-parse-better-errors@ts3.6" "@types/json-stable-stringify-without-jsonify@ts3.6" "@types/jsonfile@ts3.6" "@types/kind-of@ts3.6" "@types/language-tags@ts3.6" "@types/loader-runner@ts3.6" "@types/loader-utils@ts3.6" "@types/lodash@ts3.6" "@types/lodash.debounce@ts3.6" "@types/lodash.memoize@ts3.6" "@types/lodash.merge@ts3.6" "@types/lodash.template@ts3.6" "--save-dev" "--user-agent=typesInstaller/3.6.3"
404 verbose node v12.18.3
405 verbose npm  v6.14.6
406 error code ETARGET
407 error notarget No matching version found for @types/lint-staged@ts3.6.
408 error notarget In most cases you or one of your dependencies are requesting
408 error notarget a package version that doesn't exist.
409 verbose exit [ 1, true ]
