0 info it worked if it ends with ok
1 verbose cli [
1 verbose cli   '/usr/local/bin/node',
1 verbose cli   '/usr/local/bin/npm',
1 verbose cli   'install',
1 verbose cli   '--ignore-scripts',
1 verbose cli   '@types/lint-staged@ts3.6',
1 verbose cli   '@types/accepts@ts3.6',
1 verbose cli   '@types/argparse@ts3.6',
1 verbose cli   '@types/aria-query@ts3.6',
1 verbose cli   '@types/arr-diff@ts3.6',
1 verbose cli   '@types/arr-union@ts3.6',
1 verbose cli   '@types/array-unique@ts3.6',
1 verbose cli   '@types/array.prototype.flat@ts3.6',
1 verbose cli   '@types/array.prototype.flatmap@ts3.6',
1 verbose cli   '@types/asap@ts3.6',
1 verbose cli   '@types/asn1@ts3.6',
1 verbose cli   '@types/assert@ts3.6',
1 verbose cli   '@types/assert-plus@ts3.6',
1 verbose cli   '@types/async@ts3.6',
1 verbose cli   '@types/atob@ts3.6',
1 verbose cli   '@types/aws4@ts3.6',
1 verbose cli   '@types/babel-plugin-macros@ts3.6',
1 verbose cli   '@types/babylon@ts3.6',
1 verbose cli   '@types/balanced-match@ts3.6',
1 verbose cli   '@types/big.js@ts3.6',
1 verbose cli   '@types/bluebird@ts3.6',
1 verbose cli   '@types/bn.js@ts3.6',
1 verbose cli   '@types/body-parser@ts3.6',
1 verbose cli   '@types/bonjour@ts3.6',
1 verbose cli   '@types/boolbase@ts3.6',
1 verbose cli   '@types/brace-expansion@ts3.6',
1 verbose cli   '@types/braces@ts3.6',
1 verbose cli   '@types/brorand@ts3.6',
1 verbose cli   '@types/bser@ts3.6',
1 verbose cli   '@types/buffer-from@ts3.6',
1 verbose cli   '@types/buffer-xor@ts3.6',
1 verbose cli   '@types/bytes@ts3.6',
1 verbose cli   '@types/cacache@ts3.6',
1 verbose cli   '@types/call-bind@ts3.6',
1 verbose cli   '@types/caniuse-api@ts3.6',
1 verbose cli   '@types/caniuse-lite@ts3.6',
1 verbose cli   '@types/case-sensitive-paths-webpack-plugin@ts3.6',
1 verbose cli   '@types/caseless@ts3.6',
1 verbose cli   '@types/check-types@ts3.6',
1 verbose cli   '@types/chownr@ts3.6',
1 verbose cli   '@types/cipher-base@ts3.6',
1 verbose cli   '@types/clean-css@ts3.6',
1 verbose cli   '@types/co@ts3.6',
1 verbose cli   '@types/color@ts3.6',
1 verbose cli   '@types/color-convert@ts3.6',
1 verbose cli   '@types/color-name@ts3.6',
1 verbose cli   '@types/color-string@ts3.6',
1 verbose cli   '@types/combined-stream@ts3.6',
1 verbose cli   '@types/common-tags@ts3.6',
1 verbose cli   '@types/commondir@ts3.6',
1 verbose cli   '@types/component-emitter@ts3.6',
1 verbose cli   '@types/compose-function@ts3.6',
1 verbose cli   '@types/compressible@ts3.6',
1 verbose cli   '@types/compression@ts3.6',
1 verbose cli   '@types/concat-map@ts3.6',
1 verbose cli   '@types/concat-stream@ts3.6',
1 verbose cli   '@types/confusing-browser-globals@ts3.6',
1 verbose cli   '@types/connect-history-api-fallback@ts3.6',
1 verbose cli   '@types/contains-path@ts3.6',
1 verbose cli   '@types/content-disposition@ts3.6',
1 verbose cli   '@types/content-type@ts3.6',
1 verbose cli   '@types/convert-source-map@ts3.6',
1 verbose cli   '@types/cookie@ts3.6',
1 verbose cli   '@types/cookie-signature@ts3.6',
1 verbose cli   '@types/core-js@ts3.6',
1 verbose cli   '@types/create-hash@ts3.6',
1 verbose cli   '@types/create-hmac@ts3.6',
1 verbose cli   '@types/cross-spawn@ts3.6',
1 verbose cli   '@types/css@ts3.6',
1 verbose cli   '@types/css-declaration-sorter@ts3.6',
1 verbose cli   '@types/css-tree@ts3.6',
1 verbose cli   '@types/css.escape@ts3.6',
1 verbose cli   '@types/cssesc@ts3.6',
1 verbose cli   '@types/csso@ts3.6',
1 verbose cli   '@types/cssom@ts3.6',
1 verbose cli   '@types/cssstyle@ts3.6',
1 verbose cli   '@types/d@ts3.6',
1 verbose cli   '@types/damerau-levenshtein@ts3.6',
1 verbose cli   '@types/dashdash@ts3.6',
1 verbose cli   '@types/data-urls@ts3.6',
1 verbose cli   '@types/debug@ts3.6',
1 verbose cli   '@types/decode-uri-component@ts3.6',
1 verbose cli   '@types/dedent@ts3.6',
1 verbose cli   '@types/deep-equal@ts3.6',
1 verbose cli   '@types/default-gateway@ts3.6',
1 verbose cli   '@types/define-properties@ts3.6',
1 verbose cli   '@types/depd@ts3.6',
1 verbose cli   '@types/destroy@ts3.6',
1 verbose cli   '@types/detect-node@ts3.6',
1 verbose cli   '@types/diffie-hellman@ts3.6',
1 verbose cli   '@types/dir-glob@ts3.6',
1 verbose cli   '@types/dns-packet@ts3.6',
1 verbose cli   '@types/dns-txt@ts3.6',
1 verbose cli   '@types/doctrine@ts3.6',
1 verbose cli   '@types/domexception@ts3.6',
1 verbose cli   '@types/domhandler@ts3.6',
1 verbose cli   ... 109 more items
1 verbose cli ]
2 info using npm@6.14.6
3 info using node@v12.18.3
4 verbose npm-session 6206b26422cc2729
5 silly install loadCurrentTree
6 silly install readLocalPackageData
7 http fetch GET 200 https://registry.npmjs.org/@types%2flint-staged 2503ms
8 silly fetchPackageMetaData error for @types/lint-staged@ts3.6 No matching version found for @types/lint-staged@ts3.6.
9 http fetch GET 304 https://registry.npmjs.org/@types%2farr-union 2509ms (from cache)
10 http fetch GET 304 https://registry.npmjs.org/@types%2fasap 2518ms (from cache)
11 http fetch GET 304 https://registry.npmjs.org/@types%2faria-query 2528ms (from cache)
12 silly pacote tag manifest for @types/arr-union@ts3.6 fetched in 2529ms
13 silly pacote tag manifest for @types/asap@ts3.6 fetched in 2529ms
14 silly pacote tag manifest for @types/aria-query@ts3.6 fetched in 2541ms
15 http fetch GET 304 https://registry.npmjs.org/@types%2farray-unique 2539ms (from cache)
16 silly pacote tag manifest for @types/array-unique@ts3.6 fetched in 2564ms
17 http fetch GET 304 https://registry.npmjs.org/@types%2farray.prototype.flatmap 2626ms (from cache)
18 silly pacote tag manifest for @types/array.prototype.flatmap@ts3.6 fetched in 2633ms
19 http fetch GET 304 https://registry.npmjs.org/@types%2faws4 228ms (from cache)
20 silly pacote tag manifest for @types/aws4@ts3.6 fetched in 241ms
21 http fetch GET 304 https://registry.npmjs.org/@types%2fasync 352ms (from cache)
22 silly pacote tag manifest for @types/async@ts3.6 fetched in 371ms
23 http fetch GET 304 https://registry.npmjs.org/@types%2farr-diff 3001ms (from cache)
24 silly pacote tag manifest for @types/arr-diff@ts3.6 fetched in 3008ms
25 http fetch GET 304 https://registry.npmjs.org/@types%2fasn1 592ms (from cache)
26 silly pacote tag manifest for @types/asn1@ts3.6 fetched in 596ms
27 http fetch GET 304 https://registry.npmjs.org/@types%2fbabylon 230ms (from cache)
28 silly pacote tag manifest for @types/babylon@ts3.6 fetched in 235ms
29 http fetch GET 304 https://registry.npmjs.org/@types%2fargparse 3548ms (from cache)
30 silly pacote tag manifest for @types/argparse@ts3.6 fetched in 3563ms
31 http fetch GET 304 https://registry.npmjs.org/@types%2fbalanced-match 556ms (from cache)
32 silly pacote tag manifest for @types/balanced-match@ts3.6 fetched in 579ms
33 http fetch GET 304 https://registry.npmjs.org/@types%2fassert 1181ms (from cache)
34 silly pacote tag manifest for @types/assert@ts3.6 fetched in 1186ms
35 http fetch GET 304 https://registry.npmjs.org/@types%2fbn.js 197ms (from cache)
36 silly pacote tag manifest for @types/bn.js@ts3.6 fetched in 207ms
37 http fetch GET 304 https://registry.npmjs.org/@types%2fbig.js 803ms (from cache)
38 silly pacote tag manifest for @types/big.js@ts3.6 fetched in 809ms
39 http fetch GET 304 https://registry.npmjs.org/@types%2fbody-parser 450ms (from cache)
40 silly pacote tag manifest for @types/body-parser@ts3.6 fetched in 458ms
41 http fetch GET 304 https://registry.npmjs.org/@types%2fbonjour 532ms (from cache)
42 silly pacote tag manifest for @types/bonjour@ts3.6 fetched in 539ms
43 http fetch GET 304 https://registry.npmjs.org/@types%2fbraces 307ms (from cache)
44 silly pacote tag manifest for @types/braces@ts3.6 fetched in 310ms
45 http fetch GET 304 https://registry.npmjs.org/@types%2fassert-plus 1904ms (from cache)
46 silly pacote tag manifest for @types/assert-plus@ts3.6 fetched in 1910ms
47 http fetch GET 304 https://registry.npmjs.org/@types%2fbabel-plugin-macros 1791ms (from cache)
48 silly pacote tag manifest for @types/babel-plugin-macros@ts3.6 fetched in 1801ms
49 http fetch GET 304 https://registry.npmjs.org/@types%2faccepts 4713ms (from cache)
50 silly pacote tag manifest for @types/accepts@ts3.6 fetched in 4716ms
51 http fetch GET 304 https://registry.npmjs.org/@types%2farray.prototype.flat 4708ms (from cache)
52 silly pacote tag manifest for @types/array.prototype.flat@ts3.6 fetched in 4723ms
53 http fetch GET 304 https://registry.npmjs.org/@types%2fbytes 306ms (from cache)
54 silly pacote tag manifest for @types/bytes@ts3.6 fetched in 310ms
55 http fetch GET 200 https://registry.npmjs.org/@types%2fcall-bind 208ms
56 silly fetchPackageMetaData error for @types/call-bind@ts3.6 No matching version found for @types/call-bind@ts3.6.
57 http fetch GET 304 https://registry.npmjs.org/@types%2fatob 2667ms (from cache)
58 silly pacote tag manifest for @types/atob@ts3.6 fetched in 2682ms
59 http fetch GET 304 https://registry.npmjs.org/@types%2fboolbase 1687ms (from cache)
60 silly pacote tag manifest for @types/boolbase@ts3.6 fetched in 1691ms
61 http fetch GET 304 https://registry.npmjs.org/@types%2fcase-sensitive-paths-webpack-plugin 188ms (from cache)
62 silly pacote tag manifest for @types/case-sensitive-paths-webpack-plugin@ts3.6 fetched in 192ms
63 http fetch GET 304 https://registry.npmjs.org/@types%2fcaseless 222ms (from cache)
64 silly pacote tag manifest for @types/caseless@ts3.6 fetched in 225ms
65 http fetch GET 304 https://registry.npmjs.org/@types%2fcheck-types 411ms (from cache)
66 silly pacote tag manifest for @types/check-types@ts3.6 fetched in 421ms
67 http fetch GET 304 https://registry.npmjs.org/@types%2fbluebird 3160ms (from cache)
68 silly pacote tag manifest for @types/bluebird@ts3.6 fetched in 3171ms
69 http fetch GET 304 https://registry.npmjs.org/@types%2fbuffer-from 1964ms (from cache)
70 silly pacote tag manifest for @types/buffer-from@ts3.6 fetched in 1977ms
71 http fetch GET 304 https://registry.npmjs.org/@types%2fbser 2069ms (from cache)
72 silly pacote tag manifest for @types/bser@ts3.6 fetched in 2079ms
73 http fetch GET 304 https://registry.npmjs.org/@types%2fbuffer-xor 1812ms (from cache)
74 silly pacote tag manifest for @types/buffer-xor@ts3.6 fetched in 1815ms
75 http fetch GET 304 https://registry.npmjs.org/@types%2fbrace-expansion 2631ms (from cache)
76 silly pacote tag manifest for @types/brace-expansion@ts3.6 fetched in 2635ms
77 http fetch GET 304 https://registry.npmjs.org/@types%2fchownr 293ms (from cache)
78 silly pacote tag manifest for @types/chownr@ts3.6 fetched in 306ms
79 http fetch GET 304 https://registry.npmjs.org/@types%2fcipher-base 292ms (from cache)
80 silly pacote tag manifest for @types/cipher-base@ts3.6 fetched in 308ms
81 http fetch GET 304 https://registry.npmjs.org/@types%2fclean-css 239ms (from cache)
82 http fetch GET 304 https://registry.npmjs.org/@types%2fco 223ms (from cache)
83 silly pacote tag manifest for @types/clean-css@ts3.6 fetched in 252ms
84 silly pacote tag manifest for @types/co@ts3.6 fetched in 236ms
85 http fetch GET 304 https://registry.npmjs.org/@types%2fcolor 187ms (from cache)
86 silly pacote tag manifest for @types/color@ts3.6 fetched in 214ms
87 http fetch GET 304 https://registry.npmjs.org/@types%2fcaniuse-api 1652ms (from cache)
88 silly pacote tag manifest for @types/caniuse-api@ts3.6 fetched in 1655ms
89 http fetch GET 304 https://registry.npmjs.org/@types%2fcaniuse-lite 1696ms (from cache)
90 silly pacote tag manifest for @types/caniuse-lite@ts3.6 fetched in 1699ms
91 http fetch GET 304 https://registry.npmjs.org/@types%2fbrorand 2732ms (from cache)
92 silly pacote tag manifest for @types/brorand@ts3.6 fetched in 2735ms
93 http fetch GET 304 https://registry.npmjs.org/@types%2fcombined-stream 399ms (from cache)
94 http fetch GET 304 https://registry.npmjs.org/@types%2fcommondir 367ms (from cache)
95 silly pacote tag manifest for @types/combined-stream@ts3.6 fetched in 406ms
96 http fetch GET 304 https://registry.npmjs.org/@types%2fcolor-string 458ms (from cache)
97 silly pacote tag manifest for @types/commondir@ts3.6 fetched in 375ms
98 silly pacote tag manifest for @types/color-string@ts3.6 fetched in 473ms
99 http fetch GET 304 https://registry.npmjs.org/@types%2fcomponent-emitter 249ms (from cache)
100 silly pacote tag manifest for @types/component-emitter@ts3.6 fetched in 255ms
101 http fetch GET 304 https://registry.npmjs.org/@types%2fcompose-function 230ms (from cache)
102 silly pacote tag manifest for @types/compose-function@ts3.6 fetched in 234ms
103 http fetch GET 304 https://registry.npmjs.org/@types%2fcompressible 238ms (from cache)
104 silly pacote tag manifest for @types/compressible@ts3.6 fetched in 243ms
105 http fetch GET 304 https://registry.npmjs.org/@types%2fcompression 251ms (from cache)
106 silly pacote tag manifest for @types/compression@ts3.6 fetched in 255ms
107 http fetch GET 304 https://registry.npmjs.org/@types%2fconcat-map 311ms (from cache)
108 silly pacote tag manifest for @types/concat-map@ts3.6 fetched in 315ms
109 http fetch GET 304 https://registry.npmjs.org/@types%2fconnect-history-api-fallback 304ms (from cache)
110 silly pacote tag manifest for @types/connect-history-api-fallback@ts3.6 fetched in 312ms
111 http fetch GET 304 https://registry.npmjs.org/@types%2fcontent-disposition 249ms (from cache)
112 silly pacote tag manifest for @types/content-disposition@ts3.6 fetched in 254ms
113 http fetch GET 304 https://registry.npmjs.org/@types%2fcacache 3007ms (from cache)
114 silly pacote tag manifest for @types/cacache@ts3.6 fetched in 3011ms
115 http fetch GET 304 https://registry.npmjs.org/@types%2fcookie 257ms (from cache)
116 silly pacote tag manifest for @types/cookie@ts3.6 fetched in 262ms
117 http fetch GET 304 https://registry.npmjs.org/@types%2fcookie-signature 266ms (from cache)
118 silly pacote tag manifest for @types/cookie-signature@ts3.6 fetched in 271ms
119 http fetch GET 304 https://registry.npmjs.org/@types%2fcontains-path 823ms (from cache)
120 silly pacote tag manifest for @types/contains-path@ts3.6 fetched in 829ms
121 http fetch GET 304 https://registry.npmjs.org/@types%2fcolor-convert 1688ms (from cache)
122 silly pacote tag manifest for @types/color-convert@ts3.6 fetched in 1692ms
123 http fetch GET 304 https://registry.npmjs.org/@types%2fcreate-hash 307ms (from cache)
124 silly pacote tag manifest for @types/create-hash@ts3.6 fetched in 311ms
125 http fetch GET 304 https://registry.npmjs.org/@types%2fcross-spawn 444ms (from cache)
126 silly pacote tag manifest for @types/cross-spawn@ts3.6 fetched in 448ms
127 http fetch GET 304 https://registry.npmjs.org/@types%2fconfusing-browser-globals 1700ms (from cache)
128 silly pacote tag manifest for @types/confusing-browser-globals@ts3.6 fetched in 1703ms
129 http fetch GET 304 https://registry.npmjs.org/@types%2fcreate-hmac 859ms (from cache)
130 silly pacote tag manifest for @types/create-hmac@ts3.6 fetched in 864ms
131 http fetch GET 304 https://registry.npmjs.org/@types%2fcolor-name 2635ms (from cache)
132 silly pacote tag manifest for @types/color-name@ts3.6 fetched in 2639ms
133 http fetch GET 304 https://registry.npmjs.org/@types%2fcommon-tags 2671ms (from cache)
134 silly pacote tag manifest for @types/common-tags@ts3.6 fetched in 2677ms
135 http fetch GET 304 https://registry.npmjs.org/@types%2fconcat-stream 2527ms (from cache)
136 silly pacote tag manifest for @types/concat-stream@ts3.6 fetched in 2530ms
137 http fetch GET 304 https://registry.npmjs.org/@types%2fcore-js 1833ms (from cache)
138 silly pacote tag manifest for @types/core-js@ts3.6 fetched in 1839ms
139 http fetch GET 304 https://registry.npmjs.org/@types%2fcontent-type 2579ms (from cache)
140 silly pacote tag manifest for @types/content-type@ts3.6 fetched in 2583ms
141 http fetch GET 304 https://registry.npmjs.org/@types%2fconvert-source-map 2600ms (from cache)
142 silly pacote tag manifest for @types/convert-source-map@ts3.6 fetched in 2617ms
143 http fetch GET 304 https://registry.npmjs.org/@types%2fcssstyle 609ms (from cache)
144 silly pacote tag manifest for @types/cssstyle@ts3.6 fetched in 613ms
145 http fetch GET 304 https://registry.npmjs.org/@types%2fcss 2268ms (from cache)
146 http fetch GET 304 https://registry.npmjs.org/@types%2fd 608ms (from cache)
147 silly pacote tag manifest for @types/css@ts3.6 fetched in 2274ms
148 silly pacote tag manifest for @types/d@ts3.6 fetched in 613ms
149 http fetch GET 304 https://registry.npmjs.org/@types%2fdamerau-levenshtein 545ms (from cache)
150 silly pacote tag manifest for @types/damerau-levenshtein@ts3.6 fetched in 550ms
151 http fetch GET 200 https://registry.npmjs.org/@types%2fcss.escape 1927ms
152 silly fetchPackageMetaData error for @types/css.escape@ts3.6 No matching version found for @types/css.escape@ts3.6.
153 http fetch GET 304 https://registry.npmjs.org/@types%2fcss-tree 2021ms (from cache)
154 silly pacote tag manifest for @types/css-tree@ts3.6 fetched in 2034ms
155 http fetch GET 304 https://registry.npmjs.org/@types%2fcssesc 1688ms (from cache)
156 silly pacote tag manifest for @types/cssesc@ts3.6 fetched in 1693ms
157 http fetch GET 304 https://registry.npmjs.org/@types%2fdebug 402ms (from cache)
158 silly pacote tag manifest for @types/debug@ts3.6 fetched in 407ms
159 http fetch GET 304 https://registry.npmjs.org/@types%2fdashdash 839ms (from cache)
160 silly pacote tag manifest for @types/dashdash@ts3.6 fetched in 844ms
161 http fetch GET 304 https://registry.npmjs.org/@types%2fcsso 1840ms (from cache)
162 silly pacote tag manifest for @types/csso@ts3.6 fetched in 1843ms
163 http fetch GET 304 https://registry.npmjs.org/@types%2fdedent 391ms (from cache)
164 silly pacote tag manifest for @types/dedent@ts3.6 fetched in 396ms
165 http fetch GET 304 https://registry.npmjs.org/@types%2fdeep-equal 430ms (from cache)
166 http fetch GET 304 https://registry.npmjs.org/@types%2fdefine-properties 308ms (from cache)
167 silly pacote tag manifest for @types/deep-equal@ts3.6 fetched in 435ms
168 silly pacote tag manifest for @types/define-properties@ts3.6 fetched in 313ms
169 http fetch GET 304 https://registry.npmjs.org/@types%2fcss-declaration-sorter 2780ms (from cache)
170 silly pacote tag manifest for @types/css-declaration-sorter@ts3.6 fetched in 2783ms
171 http fetch GET 304 https://registry.npmjs.org/@types%2fdepd 389ms (from cache)
172 silly pacote tag manifest for @types/depd@ts3.6 fetched in 394ms
173 http fetch GET 304 https://registry.npmjs.org/@types%2fdestroy 594ms (from cache)
174 http fetch GET 304 https://registry.npmjs.org/@types%2fdir-glob 473ms (from cache)
175 http fetch GET 304 https://registry.npmjs.org/@types%2fdetect-node 538ms (from cache)
176 silly pacote tag manifest for @types/destroy@ts3.6 fetched in 597ms
177 silly pacote tag manifest for @types/dir-glob@ts3.6 fetched in 478ms
178 silly pacote tag manifest for @types/detect-node@ts3.6 fetched in 546ms
179 http fetch GET 304 https://registry.npmjs.org/@types%2fdiffie-hellman 489ms (from cache)
180 silly pacote tag manifest for @types/diffie-hellman@ts3.6 fetched in 510ms
181 http fetch GET 200 https://registry.npmjs.org/@types%2fdns-txt 482ms
182 silly fetchPackageMetaData error for @types/dns-txt@ts3.6 No matching version found for @types/dns-txt@ts3.6.
183 http fetch GET 304 https://registry.npmjs.org/@types%2fcssom 2559ms (from cache)
184 silly pacote tag manifest for @types/cssom@ts3.6 fetched in 2562ms
185 http fetch GET 304 https://registry.npmjs.org/@types%2fduplexify 570ms (from cache)
186 silly pacote tag manifest for @types/duplexify@ts3.6 fetched in 573ms
187 http fetch GET 304 https://registry.npmjs.org/@types%2fdns-packet 1197ms (from cache)
188 silly pacote tag manifest for @types/dns-packet@ts3.6 fetched in 1200ms
189 http fetch GET 304 https://registry.npmjs.org/@types%2fee-first 529ms (from cache)
190 http fetch GET 304 https://registry.npmjs.org/@types%2fdefault-gateway 1792ms (from cache)
191 silly pacote tag manifest for @types/ee-first@ts3.6 fetched in 535ms
192 silly pacote tag manifest for @types/default-gateway@ts3.6 fetched in 1795ms
193 http fetch GET 304 https://registry.npmjs.org/@types%2fencodeurl 204ms (from cache)
194 silly pacote tag manifest for @types/encodeurl@ts3.6 fetched in 206ms
195 http fetch GET 304 https://registry.npmjs.org/@types%2fejs 573ms (from cache)
196 http fetch GET 304 https://registry.npmjs.org/@types%2fend-of-stream 450ms (from cache)
197 silly pacote tag manifest for @types/ejs@ts3.6 fetched in 576ms
198 silly pacote tag manifest for @types/end-of-stream@ts3.6 fetched in 455ms
199 http fetch GET 304 https://registry.npmjs.org/@types%2felliptic 520ms (from cache)
200 silly pacote tag manifest for @types/elliptic@ts3.6 fetched in 528ms
201 http fetch GET 304 https://registry.npmjs.org/@types%2fdata-urls 2918ms (from cache)
202 silly pacote tag manifest for @types/data-urls@ts3.6 fetched in 2926ms
203 http fetch GET 304 https://registry.npmjs.org/@types%2fdecode-uri-component 2973ms (from cache)
204 silly pacote tag manifest for @types/decode-uri-component@ts3.6 fetched in 2983ms
205 http fetch GET 304 https://registry.npmjs.org/@types%2fescape-html 768ms (from cache)
206 silly pacote tag manifest for @types/escape-html@ts3.6 fetched in 777ms
207 http fetch GET 304 https://registry.npmjs.org/@types%2feslint-scope 609ms (from cache)
208 silly pacote tag manifest for @types/eslint-scope@ts3.6 fetched in 613ms
209 http fetch GET 304 https://registry.npmjs.org/@types%2fdomexception 2466ms (from cache)
210 silly pacote tag manifest for @types/domexception@ts3.6 fetched in 2470ms
211 http fetch GET 304 https://registry.npmjs.org/@types%2fdomutils 2479ms (from cache)
212 silly pacote tag manifest for @types/domutils@ts3.6 fetched in 2483ms
213 http fetch GET 304 https://registry.npmjs.org/@types%2fdomhandler 2554ms (from cache)
214 silly pacote tag manifest for @types/domhandler@ts3.6 fetched in 2558ms
215 http fetch GET 304 https://registry.npmjs.org/@types%2fdoctrine 2755ms (from cache)
216 silly pacote tag manifest for @types/doctrine@ts3.6 fetched in 2760ms
217 http fetch GET 304 https://registry.npmjs.org/@types%2festraverse 628ms (from cache)
218 silly pacote tag manifest for @types/estraverse@ts3.6 fetched in 636ms
219 http fetch GET 304 https://registry.npmjs.org/@types%2fesutils 595ms (from cache)
220 silly pacote tag manifest for @types/esutils@ts3.6 fetched in 609ms
221 http fetch GET 304 https://registry.npmjs.org/@types%2feventsource 403ms (from cache)
222 silly pacote tag manifest for @types/eventsource@ts3.6 fetched in 417ms
223 http fetch GET 304 https://registry.npmjs.org/@types%2fexit 667ms (from cache)
224 silly pacote tag manifest for @types/exit@ts3.6 fetched in 671ms
225 http fetch GET 304 https://registry.npmjs.org/@types%2fes-abstract 2879ms (from cache)
226 silly pacote tag manifest for @types/es-abstract@ts3.6 fetched in 2885ms
227 http fetch GET 304 https://registry.npmjs.org/@types%2fextsprintf 342ms (from cache)
228 silly pacote tag manifest for @types/extsprintf@ts3.6 fetched in 346ms
229 http fetch GET 304 https://registry.npmjs.org/@types%2fes-to-primitive 2811ms (from cache)
230 silly pacote tag manifest for @types/es-to-primitive@ts3.6 fetched in 2814ms
231 http fetch GET 304 https://registry.npmjs.org/@types%2fescodegen 2943ms (from cache)
232 http fetch GET 304 https://registry.npmjs.org/@types%2ffast-levenshtein 319ms (from cache)
233 silly pacote tag manifest for @types/escodegen@ts3.6 fetched in 2948ms
234 silly pacote tag manifest for @types/fast-levenshtein@ts3.6 fetched in 324ms
235 http fetch GET 200 https://registry.npmjs.org/@types%2ffill-range 260ms
236 silly fetchPackageMetaData error for @types/fill-range@ts3.6 No matching version found for @types/fill-range@ts3.6.
237 http fetch GET 304 https://registry.npmjs.org/@types%2feslint-utils 2761ms (from cache)
238 silly pacote tag manifest for @types/eslint-utils@ts3.6 fetched in 2779ms
239 http fetch GET 304 https://registry.npmjs.org/@types%2ffinalhandler 204ms (from cache)
240 silly pacote tag manifest for @types/finalhandler@ts3.6 fetched in 208ms
241 http fetch GET 304 https://registry.npmjs.org/@types%2ffind-cache-dir 264ms (from cache)
242 silly pacote tag manifest for @types/find-cache-dir@ts3.6 fetched in 267ms
243 http fetch GET 304 https://registry.npmjs.org/@types%2fesprima 2772ms (from cache)
244 silly pacote tag manifest for @types/esprima@ts3.6 fetched in 2777ms
245 http fetch GET 304 https://registry.npmjs.org/@types%2ffile-loader 844ms (from cache)
246 http fetch GET 304 https://registry.npmjs.org/@types%2ffollow-redirects 251ms (from cache)
247 silly pacote tag manifest for @types/file-loader@ts3.6 fetched in 885ms
248 http fetch GET 304 https://registry.npmjs.org/@types%2fesquery 2893ms (from cache)
249 silly pacote tag manifest for @types/follow-redirects@ts3.6 fetched in 292ms
250 silly pacote tag manifest for @types/esquery@ts3.6 fetched in 2903ms
251 http fetch GET 304 https://registry.npmjs.org/@types%2fetag 2720ms (from cache)
252 silly pacote tag manifest for @types/etag@ts3.6 fetched in 2725ms
253 http fetch GET 304 https://registry.npmjs.org/@types%2ffresh 260ms (from cache)
254 silly pacote tag manifest for @types/fresh@ts3.6 fetched in 265ms
255 http fetch GET 304 https://registry.npmjs.org/@types%2fevents 2897ms (from cache)
256 silly pacote tag manifest for @types/events@ts3.6 fetched in 2901ms
257 http fetch GET 304 https://registry.npmjs.org/@types%2ffb-watchman 1566ms (from cache)
258 silly pacote tag manifest for @types/fb-watchman@ts3.6 fetched in 1570ms
259 http fetch GET 304 https://registry.npmjs.org/@types%2ffunction-bind 333ms (from cache)
260 silly pacote tag manifest for @types/function-bind@ts3.6 fetched in 337ms
261 http fetch GET 304 https://registry.npmjs.org/@types%2fextend 2733ms (from cache)
262 silly pacote tag manifest for @types/extend@ts3.6 fetched in 2745ms
263 http fetch GET 304 https://registry.npmjs.org/@types%2ffrom2 983ms (from cache)
264 silly pacote tag manifest for @types/from2@ts3.6 fetched in 1014ms
265 http fetch GET 200 https://registry.npmjs.org/@types%2fget-intrinsic 242ms
266 silly fetchPackageMetaData error for @types/get-intrinsic@ts3.6 No matching version found for @types/get-intrinsic@ts3.6.
267 http fetch GET 304 https://registry.npmjs.org/@types%2ffunctional-red-black-tree 810ms (from cache)
268 silly pacote tag manifest for @types/functional-red-black-tree@ts3.6 fetched in 814ms
269 http fetch GET 304 https://registry.npmjs.org/@types%2ffile-entry-cache 2442ms (from cache)
270 silly pacote tag manifest for @types/file-entry-cache@ts3.6 fetched in 2445ms
271 http fetch GET 304 https://registry.npmjs.org/@types%2fglob-parent 203ms (from cache)
272 silly pacote tag manifest for @types/glob-parent@ts3.6 fetched in 206ms
273 http fetch GET 304 https://registry.npmjs.org/@types%2fglobal-modules 196ms (from cache)
274 silly pacote tag manifest for @types/global-modules@ts3.6 fetched in 199ms
275 http fetch GET 304 https://registry.npmjs.org/@types%2fgraceful-fs 192ms (from cache)
276 silly pacote tag manifest for @types/graceful-fs@ts3.6 fetched in 207ms
277 http fetch GET 304 https://registry.npmjs.org/@types%2fforwarded 1840ms (from cache)
278 silly pacote tag manifest for @types/forwarded@ts3.6 fetched in 1844ms
279 http fetch GET 304 https://registry.npmjs.org/@types%2fflat-cache 2662ms (from cache)
280 silly pacote tag manifest for @types/flat-cache@ts3.6 fetched in 2665ms
281 http fetch GET 304 https://registry.npmjs.org/@types%2fflush-write-stream 2606ms (from cache)
282 silly pacote tag manifest for @types/flush-write-stream@ts3.6 fetched in 2609ms
283 http fetch GET 304 https://registry.npmjs.org/@types%2fforever-agent 2356ms (from cache)
284 silly pacote tag manifest for @types/forever-agent@ts3.6 fetched in 2359ms
285 http fetch GET 304 https://registry.npmjs.org/@types%2fhas-symbols 473ms (from cache)
286 http fetch GET 304 https://registry.npmjs.org/@types%2fget-value 1645ms (from cache)
287 silly pacote tag manifest for @types/has-symbols@ts3.6 fetched in 477ms
288 silly pacote tag manifest for @types/get-value@ts3.6 fetched in 1651ms
289 http fetch GET 200 https://registry.npmjs.org/@types%2ffs-minipass 2547ms
290 silly fetchPackageMetaData error for @types/fs-minipass@ts3.6 No matching version found for @types/fs-minipass@ts3.6.
291 http fetch GET 304 https://registry.npmjs.org/@types%2fhex-color-regex 313ms (from cache)
292 silly pacote tag manifest for @types/hex-color-regex@ts3.6 fetched in 317ms
293 http fetch GET 200 https://registry.npmjs.org/@types%2fgensync 2493ms
294 silly fetchPackageMetaData error for @types/gensync@ts3.6 No matching version found for @types/gensync@ts3.6.
295 http fetch GET 304 https://registry.npmjs.org/@types%2fhtml-escaper 275ms (from cache)
296 silly pacote tag manifest for @types/html-escaper@ts3.6 fetched in 278ms
297 http fetch GET 200 https://registry.npmjs.org/@types%2fhas-bigints 1643ms
298 silly fetchPackageMetaData error for @types/has-bigints@ts3.6 No matching version found for @types/has-bigints@ts3.6.
299 http fetch GET 304 https://registry.npmjs.org/@types%2fhtml-minifier-terser 233ms (from cache)
300 silly pacote tag manifest for @types/html-minifier-terser@ts3.6 fetched in 246ms
301 http fetch GET 304 https://registry.npmjs.org/@types%2fgetpass 2420ms (from cache)
302 silly pacote tag manifest for @types/getpass@ts3.6 fetched in 2422ms
303 http fetch GET 304 https://registry.npmjs.org/@types%2fhttp-errors 312ms (from cache)
304 silly pacote tag manifest for @types/http-errors@ts3.6 fetched in 315ms
305 http fetch GET 304 https://registry.npmjs.org/@types%2fhttp-proxy 346ms (from cache)
306 silly pacote tag manifest for @types/http-proxy@ts3.6 fetched in 350ms
307 http fetch GET 304 https://registry.npmjs.org/@types%2fglobal-prefix 2420ms (from cache)
308 silly pacote tag manifest for @types/global-prefix@ts3.6 fetched in 2424ms
309 http fetch GET 304 https://registry.npmjs.org/@types%2fhe 1632ms (from cache)
310 silly pacote tag manifest for @types/he@ts3.6 fetched in 1635ms
311 http fetch GET 304 https://registry.npmjs.org/@types%2fiferr 227ms (from cache)
312 silly pacote tag manifest for @types/iferr@ts3.6 fetched in 231ms
313 http fetch GET 200 https://registry.npmjs.org/@types%2fimport-local 232ms
314 silly fetchPackageMetaData error for @types/import-local@ts3.6 No matching version found for @types/import-local@ts3.6.
315 http fetch GET 304 https://registry.npmjs.org/@types%2fimurmurhash 204ms (from cache)
316 silly pacote tag manifest for @types/imurmurhash@ts3.6 fetched in 208ms
317 http fetch GET 304 https://registry.npmjs.org/@types%2finherits 205ms (from cache)
318 silly pacote tag manifest for @types/inherits@ts3.6 fetched in 209ms
319 http fetch GET 304 https://registry.npmjs.org/@types%2fhas 2422ms (from cache)
320 silly pacote tag manifest for @types/has@ts3.6 fetched in 2426ms
321 http fetch GET 304 https://registry.npmjs.org/@types%2fini 295ms (from cache)
322 http fetch GET 304 https://registry.npmjs.org/@types%2fhosted-git-info 1606ms (from cache)
323 silly pacote tag manifest for @types/ini@ts3.6 fetched in 299ms
324 silly pacote tag manifest for @types/hosted-git-info@ts3.6 fetched in 1614ms
325 http fetch GET 304 https://registry.npmjs.org/@types%2finternal-slot 259ms (from cache)
326 silly pacote tag manifest for @types/internal-slot@ts3.6 fetched in 291ms
327 http fetch GET 304 https://registry.npmjs.org/@types%2fis-arguments 202ms (from cache)
328 silly pacote tag manifest for @types/is-arguments@ts3.6 fetched in 223ms
329 http fetch GET 304 https://registry.npmjs.org/@types%2fis-ci 180ms (from cache)
330 silly pacote tag manifest for @types/is-ci@ts3.6 fetched in 184ms
331 http fetch GET 200 https://registry.npmjs.org/@types%2fhas-values 2604ms
332 silly fetchPackageMetaData error for @types/has-values@ts3.6 No matching version found for @types/has-values@ts3.6.
333 http fetch GET 304 https://registry.npmjs.org/@types%2fis-callable 845ms (from cache)
334 silly pacote tag manifest for @types/is-callable@ts3.6 fetched in 849ms
335 http fetch GET 304 https://registry.npmjs.org/@types%2fhtml-encoding-sniffer 2632ms (from cache)
336 silly pacote tag manifest for @types/html-encoding-sniffer@ts3.6 fetched in 2637ms
337 http fetch GET 304 https://registry.npmjs.org/@types%2fis-date-object 238ms (from cache)
338 silly pacote tag manifest for @types/is-date-object@ts3.6 fetched in 249ms
339 http fetch GET 304 https://registry.npmjs.org/@types%2fip 1586ms (from cache)
340 silly pacote tag manifest for @types/ip@ts3.6 fetched in 1591ms
341 http fetch GET 200 https://registry.npmjs.org/@types%2fis-bigint 1600ms
342 silly fetchPackageMetaData error for @types/is-bigint@ts3.6 No matching version found for @types/is-bigint@ts3.6.
343 http fetch GET 304 https://registry.npmjs.org/@types%2fhtmlparser2 2561ms (from cache)
344 silly pacote tag manifest for @types/htmlparser2@ts3.6 fetched in 2564ms
345 http fetch GET 304 https://registry.npmjs.org/@types%2fis-regex 228ms (from cache)
346 http fetch GET 304 https://registry.npmjs.org/@types%2fis-buffer 1610ms (from cache)
347 silly pacote tag manifest for @types/is-regex@ts3.6 fetched in 232ms
348 silly pacote tag manifest for @types/is-buffer@ts3.6 fetched in 1616ms
349 http fetch GET 304 https://registry.npmjs.org/@types%2ficss-utils 2395ms (from cache)
350 silly pacote tag manifest for @types/icss-utils@ts3.6 fetched in 2398ms
351 http fetch GET 200 https://registry.npmjs.org/@types%2fis-string 355ms
352 silly fetchPackageMetaData error for @types/is-string@ts3.6 No matching version found for @types/is-string@ts3.6.
353 http fetch GET 304 https://registry.npmjs.org/@types%2fis-core-module 1602ms (from cache)
354 silly pacote tag manifest for @types/is-core-module@ts3.6 fetched in 1613ms
355 http fetch GET 304 https://registry.npmjs.org/@types%2fis-typedarray 528ms (from cache)
356 http fetch GET 304 https://registry.npmjs.org/@types%2fisarray 379ms (from cache)
357 http fetch GET 304 https://registry.npmjs.org/@types%2fis-windows 526ms (from cache)
358 silly pacote tag manifest for @types/is-typedarray@ts3.6 fetched in 531ms
359 silly pacote tag manifest for @types/isarray@ts3.6 fetched in 382ms
360 silly pacote tag manifest for @types/is-windows@ts3.6 fetched in 531ms
361 http fetch GET 304 https://registry.npmjs.org/@types%2fisexe 354ms (from cache)
362 silly pacote tag manifest for @types/isexe@ts3.6 fetched in 358ms
363 http fetch GET 304 https://registry.npmjs.org/@types%2fistanbul-lib-coverage 218ms (from cache)
364 silly pacote tag manifest for @types/istanbul-lib-coverage@ts3.6 fetched in 221ms
365 http fetch GET 304 https://registry.npmjs.org/@types%2fistanbul-lib-report 294ms (from cache)
366 silly pacote tag manifest for @types/istanbul-lib-report@ts3.6 fetched in 299ms
367 http fetch GET 304 https://registry.npmjs.org/@types%2fistanbul-lib-source-maps 229ms (from cache)
368 silly pacote tag manifest for @types/istanbul-lib-source-maps@ts3.6 fetched in 233ms
369 http fetch GET 200 https://registry.npmjs.org/@types%2fis-boolean-object 2629ms
370 silly fetchPackageMetaData error for @types/is-boolean-object@ts3.6 No matching version found for @types/is-boolean-object@ts3.6.
371 http fetch GET 304 https://registry.npmjs.org/@types%2fis-number 1601ms (from cache)
372 silly pacote tag manifest for @types/is-number@ts3.6 fetched in 1605ms
373 http fetch GET 304 https://registry.npmjs.org/@types%2fjsbn 359ms (from cache)
374 silly pacote tag manifest for @types/jsbn@ts3.6 fetched in 364ms
375 http fetch GET 304 https://registry.npmjs.org/@types%2fjsesc 229ms (from cache)
376 silly pacote tag manifest for @types/jsesc@ts3.6 fetched in 235ms
377 http fetch GET 304 https://registry.npmjs.org/@types%2fjson-schema 198ms (from cache)
378 silly pacote tag manifest for @types/json-schema@ts3.6 fetched in 203ms
379 http fetch GET 200 https://registry.npmjs.org/@types%2fis-data-descriptor 2756ms
380 silly fetchPackageMetaData error for @types/is-data-descriptor@ts3.6 No matching version found for @types/is-data-descriptor@ts3.6.
381 http fetch GET 304 https://registry.npmjs.org/@types%2fisstream 1679ms (from cache)
382 silly pacote tag manifest for @types/isstream@ts3.6 fetched in 1681ms
383 http fetch GET 200 https://registry.npmjs.org/@types%2fjson-stable-stringify-without-jsonify 413ms
384 silly fetchPackageMetaData error for @types/json-stable-stringify-without-jsonify@ts3.6 No matching version found for @types/json-stable-stringify-without-jsonify@ts3.6.
385 http fetch GET 304 https://registry.npmjs.org/@types%2fistanbul-lib-instrument 1546ms (from cache)
386 silly pacote tag manifest for @types/istanbul-lib-instrument@ts3.6 fetched in 1548ms
387 http fetch GET 304 https://registry.npmjs.org/@types%2fis-glob 2631ms (from cache)
388 silly pacote tag manifest for @types/is-glob@ts3.6 fetched in 2634ms
389 http fetch GET 304 https://registry.npmjs.org/@types%2fkind-of 184ms (from cache)
390 silly pacote tag manifest for @types/kind-of@ts3.6 fetched in 188ms
391 http fetch GET 304 https://registry.npmjs.org/@types%2fjsonfile 305ms (from cache)
392 silly pacote tag manifest for @types/jsonfile@ts3.6 fetched in 307ms
393 http fetch GET 304 https://registry.npmjs.org/@types%2fjs-yaml 1705ms (from cache)
394 silly pacote tag manifest for @types/js-yaml@ts3.6 fetched in 1708ms
395 http fetch GET 200 https://registry.npmjs.org/@types%2fis-symbol 2746ms
396 silly fetchPackageMetaData error for @types/is-symbol@ts3.6 No matching version found for @types/is-symbol@ts3.6.
397 http fetch GET 304 https://registry.npmjs.org/@types%2fjson-parse-better-errors 1551ms (from cache)
398 silly pacote tag manifest for @types/json-parse-better-errors@ts3.6 fetched in 1554ms
399 http fetch GET 304 https://registry.npmjs.org/@types%2fistanbul-reports 2623ms (from cache)
400 silly pacote tag manifest for @types/istanbul-reports@ts3.6 fetched in 2626ms
401 http fetch GET 304 https://registry.npmjs.org/@types%2fjson3 1625ms (from cache)
402 silly pacote tag manifest for @types/json3@ts3.6 fetched in 1630ms
403 http fetch GET 304 https://registry.npmjs.org/@types%2fjsdom 2774ms (from cache)
404 silly pacote tag manifest for @types/jsdom@ts3.6 fetched in 2779ms
405 http fetch GET 304 https://registry.npmjs.org/@types%2floader-utils 1784ms (from cache)
406 http fetch GET 304 https://registry.npmjs.org/@types%2floader-runner 1811ms (from cache)
407 silly pacote tag manifest for @types/loader-runner@ts3.6 fetched in 1817ms
408 silly pacote tag manifest for @types/loader-utils@ts3.6 fetched in 1790ms
409 http fetch GET 304 https://registry.npmjs.org/@types%2fjson-stringify-safe 2943ms (from cache)
410 silly pacote tag manifest for @types/json-stringify-safe@ts3.6 fetched in 2946ms
411 http fetch GET 200 https://registry.npmjs.org/@types%2flanguage-tags 2626ms
412 silly fetchPackageMetaData error for @types/language-tags@ts3.6 No matching version found for @types/language-tags@ts3.6.
413 timing stage:rollbackFailedOptional Completed in 0ms
414 timing stage:runTopLevelLifecycles Completed in 28064ms
415 verbose type tag
416 verbose stack @types/lint-staged: No matching version found for @types/lint-staged@ts3.6.
416 verbose stack     at pickManifest (/usr/local/lib/node_modules/npm/node_modules/npm-pick-manifest/index.js:122:13)
416 verbose stack     at /usr/local/lib/node_modules/npm/node_modules/pacote/lib/fetchers/registry/manifest.js:24:14
416 verbose stack     at tryCatcher (/usr/local/lib/node_modules/npm/node_modules/bluebird/js/release/util.js:16:23)
416 verbose stack     at Promise._settlePromiseFromHandler (/usr/local/lib/node_modules/npm/node_modules/bluebird/js/release/promise.js:517:31)
416 verbose stack     at Promise._settlePromise (/usr/local/lib/node_modules/npm/node_modules/bluebird/js/release/promise.js:574:18)
416 verbose stack     at Promise._settlePromise0 (/usr/local/lib/node_modules/npm/node_modules/bluebird/js/release/promise.js:619:10)
416 verbose stack     at Promise._settlePromises (/usr/local/lib/node_modules/npm/node_modules/bluebird/js/release/promise.js:699:18)
416 verbose stack     at _drainQueueStep (/usr/local/lib/node_modules/npm/node_modules/bluebird/js/release/async.js:138:12)
416 verbose stack     at _drainQueue (/usr/local/lib/node_modules/npm/node_modules/bluebird/js/release/async.js:131:9)
416 verbose stack     at Async._drainQueues (/usr/local/lib/node_modules/npm/node_modules/bluebird/js/release/async.js:147:5)
416 verbose stack     at Immediate.Async.drainQueues [as _onImmediate] (/usr/local/lib/node_modules/npm/node_modules/bluebird/js/release/async.js:17:14)
416 verbose stack     at processImmediate (internal/timers.js:456:21)
417 verbose cwd /home/theia/.cache/typescript/3.6
418 verbose Linux 5.10.16.3-microsoft-standard-WSL2
419 verbose argv "/usr/local/bin/node" "/usr/local/bin/npm" "install" "--ignore-scripts" "@types/lint-staged@ts3.6" "@types/accepts@ts3.6" "@types/argparse@ts3.6" "@types/aria-query@ts3.6" "@types/arr-diff@ts3.6" "@types/arr-union@ts3.6" "@types/array-unique@ts3.6" "@types/array.prototype.flat@ts3.6" "@types/array.prototype.flatmap@ts3.6" "@types/asap@ts3.6" "@types/asn1@ts3.6" "@types/assert@ts3.6" "@types/assert-plus@ts3.6" "@types/async@ts3.6" "@types/atob@ts3.6" "@types/aws4@ts3.6" "@types/babel-plugin-macros@ts3.6" "@types/babylon@ts3.6" "@types/balanced-match@ts3.6" "@types/big.js@ts3.6" "@types/bluebird@ts3.6" "@types/bn.js@ts3.6" "@types/body-parser@ts3.6" "@types/bonjour@ts3.6" "@types/boolbase@ts3.6" "@types/brace-expansion@ts3.6" "@types/braces@ts3.6" "@types/brorand@ts3.6" "@types/bser@ts3.6" "@types/buffer-from@ts3.6" "@types/buffer-xor@ts3.6" "@types/bytes@ts3.6" "@types/cacache@ts3.6" "@types/call-bind@ts3.6" "@types/caniuse-api@ts3.6" "@types/caniuse-lite@ts3.6" "@types/case-sensitive-paths-webpack-plugin@ts3.6" "@types/caseless@ts3.6" "@types/check-types@ts3.6" "@types/chownr@ts3.6" "@types/cipher-base@ts3.6" "@types/clean-css@ts3.6" "@types/co@ts3.6" "@types/color@ts3.6" "@types/color-convert@ts3.6" "@types/color-name@ts3.6" "@types/color-string@ts3.6" "@types/combined-stream@ts3.6" "@types/common-tags@ts3.6" "@types/commondir@ts3.6" "@types/component-emitter@ts3.6" "@types/compose-function@ts3.6" "@types/compressible@ts3.6" "@types/compression@ts3.6" "@types/concat-map@ts3.6" "@types/concat-stream@ts3.6" "@types/confusing-browser-globals@ts3.6" "@types/connect-history-api-fallback@ts3.6" "@types/contains-path@ts3.6" "@types/content-disposition@ts3.6" "@types/content-type@ts3.6" "@types/convert-source-map@ts3.6" "@types/cookie@ts3.6" "@types/cookie-signature@ts3.6" "@types/core-js@ts3.6" "@types/create-hash@ts3.6" "@types/create-hmac@ts3.6" "@types/cross-spawn@ts3.6" "@types/css@ts3.6" "@types/css-declaration-sorter@ts3.6" "@types/css-tree@ts3.6" "@types/css.escape@ts3.6" "@types/cssesc@ts3.6" "@types/csso@ts3.6" "@types/cssom@ts3.6" "@types/cssstyle@ts3.6" "@types/d@ts3.6" "@types/damerau-levenshtein@ts3.6" "@types/dashdash@ts3.6" "@types/data-urls@ts3.6" "@types/debug@ts3.6" "@types/decode-uri-component@ts3.6" "@types/dedent@ts3.6" "@types/deep-equal@ts3.6" "@types/default-gateway@ts3.6" "@types/define-properties@ts3.6" "@types/depd@ts3.6" "@types/destroy@ts3.6" "@types/detect-node@ts3.6" "@types/diffie-hellman@ts3.6" "@types/dir-glob@ts3.6" "@types/dns-packet@ts3.6" "@types/dns-txt@ts3.6" "@types/doctrine@ts3.6" "@types/domexception@ts3.6" "@types/domhandler@ts3.6" "@types/domutils@ts3.6" "@types/duplexify@ts3.6" "@types/ee-first@ts3.6" "@types/ejs@ts3.6" "@types/elliptic@ts3.6" "@types/encodeurl@ts3.6" "@types/end-of-stream@ts3.6" "@types/es-abstract@ts3.6" "@types/es-to-primitive@ts3.6" "@types/escape-html@ts3.6" "@types/escodegen@ts3.6" "@types/eslint-scope@ts3.6" "@types/eslint-utils@ts3.6" "@types/esprima@ts3.6" "@types/esquery@ts3.6" "@types/estraverse@ts3.6" "@types/esutils@ts3.6" "@types/etag@ts3.6" "@types/events@ts3.6" "@types/eventsource@ts3.6" "@types/exit@ts3.6" "@types/extend@ts3.6" "@types/extsprintf@ts3.6" "@types/fast-levenshtein@ts3.6" "@types/fb-watchman@ts3.6" "@types/file-entry-cache@ts3.6" "@types/file-loader@ts3.6" "@types/fill-range@ts3.6" "@types/finalhandler@ts3.6" "@types/find-cache-dir@ts3.6" "@types/flat-cache@ts3.6" "@types/flush-write-stream@ts3.6" "@types/follow-redirects@ts3.6" "@types/forever-agent@ts3.6" "@types/forwarded@ts3.6" "@types/fresh@ts3.6" "@types/from2@ts3.6" "@types/fs-minipass@ts3.6" "@types/function-bind@ts3.6" "@types/functional-red-black-tree@ts3.6" "@types/gensync@ts3.6" "@types/get-intrinsic@ts3.6" "@types/get-value@ts3.6" "@types/getpass@ts3.6" "@types/glob-parent@ts3.6" "@types/global-modules@ts3.6" "@types/global-prefix@ts3.6" "@types/graceful-fs@ts3.6" "@types/has@ts3.6" "@types/has-bigints@ts3.6" "@types/has-symbols@ts3.6" "@types/has-values@ts3.6" "@types/he@ts3.6" "@types/hex-color-regex@ts3.6" "@types/hosted-git-info@ts3.6" "@types/html-encoding-sniffer@ts3.6" "@types/html-escaper@ts3.6" "@types/html-minifier-terser@ts3.6" "@types/htmlparser2@ts3.6" "@types/http-errors@ts3.6" "@types/http-proxy@ts3.6" "@types/icss-utils@ts3.6" "@types/iferr@ts3.6" "@types/import-local@ts3.6" "@types/imurmurhash@ts3.6" "@types/inherits@ts3.6" "@types/ini@ts3.6" "@types/internal-slot@ts3.6" "@types/ip@ts3.6" "@types/is-arguments@ts3.6" "@types/is-bigint@ts3.6" "@types/is-boolean-object@ts3.6" "@types/is-buffer@ts3.6" "@types/is-callable@ts3.6" "@types/is-ci@ts3.6" "@types/is-core-module@ts3.6" "@types/is-data-descriptor@ts3.6" "@types/is-date-object@ts3.6" "@types/is-glob@ts3.6" "@types/is-number@ts3.6" "@types/is-regex@ts3.6" "@types/is-string@ts3.6" "@types/is-symbol@ts3.6" "@types/is-typedarray@ts3.6" "@types/is-windows@ts3.6" "@types/isarray@ts3.6" "@types/isexe@ts3.6" "@types/isstream@ts3.6" "@types/istanbul-lib-coverage@ts3.6" "@types/istanbul-lib-instrument@ts3.6" "@types/istanbul-lib-report@ts3.6" "@types/istanbul-lib-source-maps@ts3.6" "@types/istanbul-reports@ts3.6" "@types/js-yaml@ts3.6" "@types/jsbn@ts3.6" "@types/jsdom@ts3.6" "@types/jsesc@ts3.6" "@types/json-parse-better-errors@ts3.6" "@types/json-schema@ts3.6" "@types/json-stable-stringify-without-jsonify@ts3.6" "@types/json-stringify-safe@ts3.6" "@types/json3@ts3.6" "@types/jsonfile@ts3.6" "@types/kind-of@ts3.6" "@types/language-tags@ts3.6" "@types/loader-runner@ts3.6" "@types/loader-utils@ts3.6" "--save-dev" "--user-agent=typesInstaller/3.6.3"
420 verbose node v12.18.3
421 verbose npm  v6.14.6
422 error code ETARGET
423 error notarget No matching version found for @types/lint-staged@ts3.6.
424 error notarget In most cases you or one of your dependencies are requesting
424 error notarget a package version that doesn't exist.
425 verbose exit [ 1, true ]
