0 info it worked if it ends with ok
1 verbose cli [
1 verbose cli   '/usr/local/bin/node',
1 verbose cli   '/usr/local/bin/npm',
1 verbose cli   'install',
1 verbose cli   '--ignore-scripts',
1 verbose cli   '@types/lint-staged@ts3.6',
1 verbose cli   '@types/accepts@ts3.6',
1 verbose cli   '@types/argparse@ts3.6',
1 verbose cli   '@types/aria-query@ts3.6',
1 verbose cli   '@types/arr-diff@ts3.6',
1 verbose cli   '@types/arr-union@ts3.6',
1 verbose cli   '@types/array-unique@ts3.6',
1 verbose cli   '@types/array.prototype.flat@ts3.6',
1 verbose cli   '@types/array.prototype.flatmap@ts3.6',
1 verbose cli   '@types/asap@ts3.6',
1 verbose cli   '@types/assert@ts3.6',
1 verbose cli   '@types/async@ts3.6',
1 verbose cli   '@types/atob@ts3.6',
1 verbose cli   '@types/babel-plugin-macros@ts3.6',
1 verbose cli   '@types/babylon@ts3.6',
1 verbose cli   '@types/balanced-match@ts3.6',
1 verbose cli   '@types/big.js@ts3.6',
1 verbose cli   '@types/bluebird@ts3.6',
1 verbose cli   '@types/bn.js@ts3.6',
1 verbose cli   '@types/body-parser@ts3.6',
1 verbose cli   '@types/bonjour@ts3.6',
1 verbose cli   '@types/boolbase@ts3.6',
1 verbose cli   '@types/brace-expansion@ts3.6',
1 verbose cli   '@types/braces@ts3.6',
1 verbose cli   '@types/brorand@ts3.6',
1 verbose cli   '@types/bser@ts3.6',
1 verbose cli   '@types/buffer-from@ts3.6',
1 verbose cli   '@types/buffer-xor@ts3.6',
1 verbose cli   '@types/bytes@ts3.6',
1 verbose cli   '@types/cacache@ts3.6',
1 verbose cli   '@types/call-bind@ts3.6',
1 verbose cli   '@types/caniuse-api@ts3.6',
1 verbose cli   '@types/caniuse-lite@ts3.6',
1 verbose cli   '@types/case-sensitive-paths-webpack-plugin@ts3.6',
1 verbose cli   '@types/chardet@ts3.6',
1 verbose cli   '@types/check-types@ts3.6',
1 verbose cli   '@types/chownr@ts3.6',
1 verbose cli   '@types/cipher-base@ts3.6',
1 verbose cli   '@types/clean-css@ts3.6',
1 verbose cli   '@types/co@ts3.6',
1 verbose cli   '@types/color@ts3.6',
1 verbose cli   '@types/color-convert@ts3.6',
1 verbose cli   '@types/color-name@ts3.6',
1 verbose cli   '@types/color-string@ts3.6',
1 verbose cli   '@types/combined-stream@ts3.6',
1 verbose cli   '@types/common-tags@ts3.6',
1 verbose cli   '@types/commondir@ts3.6',
1 verbose cli   '@types/component-emitter@ts3.6',
1 verbose cli   '@types/compose-function@ts3.6',
1 verbose cli   '@types/compressible@ts3.6',
1 verbose cli   '@types/compression@ts3.6',
1 verbose cli   '@types/concat-map@ts3.6',
1 verbose cli   '@types/concat-stream@ts3.6',
1 verbose cli   '@types/confusing-browser-globals@ts3.6',
1 verbose cli   '@types/connect-history-api-fallback@ts3.6',
1 verbose cli   '@types/content-disposition@ts3.6',
1 verbose cli   '@types/content-type@ts3.6',
1 verbose cli   '@types/convert-source-map@ts3.6',
1 verbose cli   '@types/cookie@ts3.6',
1 verbose cli   '@types/cookie-signature@ts3.6',
1 verbose cli   '@types/core-js@ts3.6',
1 verbose cli   '@types/create-hash@ts3.6',
1 verbose cli   '@types/create-hmac@ts3.6',
1 verbose cli   '@types/cross-spawn@ts3.6',
1 verbose cli   '@types/css@ts3.6',
1 verbose cli   '@types/css-declaration-sorter@ts3.6',
1 verbose cli   '@types/css-tree@ts3.6',
1 verbose cli   '@types/css.escape@ts3.6',
1 verbose cli   '@types/cssesc@ts3.6',
1 verbose cli   '@types/csso@ts3.6',
1 verbose cli   '@types/cssom@ts3.6',
1 verbose cli   '@types/cssstyle@ts3.6',
1 verbose cli   '@types/d@ts3.6',
1 verbose cli   '@types/damerau-levenshtein@ts3.6',
1 verbose cli   '@types/data-urls@ts3.6',
1 verbose cli   '@types/debug@ts3.6',
1 verbose cli   '@types/decode-uri-component@ts3.6',
1 verbose cli   '@types/dedent@ts3.6',
1 verbose cli   '@types/deep-equal@ts3.6',
1 verbose cli   '@types/default-gateway@ts3.6',
1 verbose cli   '@types/define-properties@ts3.6',
1 verbose cli   '@types/depd@ts3.6',
1 verbose cli   '@types/destroy@ts3.6',
1 verbose cli   '@types/detect-node@ts3.6',
1 verbose cli   '@types/diffie-hellman@ts3.6',
1 verbose cli   '@types/dir-glob@ts3.6',
1 verbose cli   '@types/dns-packet@ts3.6',
1 verbose cli   '@types/dns-txt@ts3.6',
1 verbose cli   '@types/doctrine@ts3.6',
1 verbose cli   '@types/domexception@ts3.6',
1 verbose cli   '@types/domutils@ts3.6',
1 verbose cli   '@types/duplexify@ts3.6',
1 verbose cli   '@types/ee-first@ts3.6',
1 verbose cli   '@types/ejs@ts3.6',
1 verbose cli   '@types/elliptic@ts3.6',
1 verbose cli   '@types/encodeurl@ts3.6',
1 verbose cli   ... 106 more items
1 verbose cli ]
2 info using npm@6.14.6
3 info using node@v12.18.3
4 verbose npm-session 331a82fc9947a95d
5 silly install loadCurrentTree
6 silly install readLocalPackageData
7 http fetch GET 304 https://registry.npmjs.org/@types%2farray.prototype.flat 3368ms (from cache)
8 silly pacote tag manifest for @types/array.prototype.flat@ts3.6 fetched in 3372ms
9 http fetch GET 304 https://registry.npmjs.org/@types%2fassert 257ms (from cache)
10 silly pacote tag manifest for @types/assert@ts3.6 fetched in 260ms
11 http fetch GET 304 https://registry.npmjs.org/@types%2farr-union 3880ms (from cache)
12 http fetch GET 304 https://registry.npmjs.org/@types%2faria-query 3886ms (from cache)
13 silly pacote tag manifest for @types/arr-union@ts3.6 fetched in 3885ms
14 http fetch GET 304 https://registry.npmjs.org/@types%2fasap 3882ms (from cache)
15 http fetch GET 304 https://registry.npmjs.org/@types%2farray-unique 3887ms (from cache)
16 http fetch GET 304 https://registry.npmjs.org/@types%2farr-diff 3890ms (from cache)
17 silly pacote tag manifest for @types/aria-query@ts3.6 fetched in 3894ms
18 http fetch GET 304 https://registry.npmjs.org/@types%2fargparse 3896ms (from cache)
19 http fetch GET 304 https://registry.npmjs.org/@types%2farray.prototype.flatmap 3891ms (from cache)
20 silly pacote tag manifest for @types/asap@ts3.6 fetched in 3903ms
21 silly pacote tag manifest for @types/array-unique@ts3.6 fetched in 3907ms
22 silly pacote tag manifest for @types/arr-diff@ts3.6 fetched in 3912ms
23 silly pacote tag manifest for @types/argparse@ts3.6 fetched in 3917ms
24 silly pacote tag manifest for @types/array.prototype.flatmap@ts3.6 fetched in 3909ms
25 http fetch GET 304 https://registry.npmjs.org/@types%2faccepts 3920ms (from cache)
26 silly pacote tag manifest for @types/accepts@ts3.6 fetched in 4038ms
27 http fetch GET 304 https://registry.npmjs.org/@types%2fasync 492ms (from cache)
28 silly pacote tag manifest for @types/async@ts3.6 fetched in 495ms
29 http fetch GET 304 https://registry.npmjs.org/@types%2fbonjour 389ms (from cache)
30 silly pacote tag manifest for @types/bonjour@ts3.6 fetched in 392ms
31 http fetch GET 304 https://registry.npmjs.org/@types%2fbalanced-match 752ms (from cache)
32 http fetch GET 304 https://registry.npmjs.org/@types%2fatob 777ms (from cache)
33 http fetch GET 304 https://registry.npmjs.org/@types%2fbabel-plugin-macros 772ms (from cache)
34 http fetch GET 304 https://registry.npmjs.org/@types%2fbluebird 751ms (from cache)
35 silly pacote tag manifest for @types/balanced-match@ts3.6 fetched in 757ms
36 silly pacote tag manifest for @types/atob@ts3.6 fetched in 784ms
37 silly pacote tag manifest for @types/babel-plugin-macros@ts3.6 fetched in 778ms
38 silly pacote tag manifest for @types/bluebird@ts3.6 fetched in 758ms
39 http fetch GET 304 https://registry.npmjs.org/@types%2fbabylon 768ms (from cache)
40 http fetch GET 304 https://registry.npmjs.org/@types%2fbody-parser 644ms (from cache)
41 http fetch GET 304 https://registry.npmjs.org/@types%2fbn.js 782ms (from cache)
42 silly pacote tag manifest for @types/babylon@ts3.6 fetched in 858ms
43 silly pacote tag manifest for @types/body-parser@ts3.6 fetched in 742ms
44 silly pacote tag manifest for @types/bn.js@ts3.6 fetched in 877ms
45 http fetch GET 304 https://registry.npmjs.org/@types%2fbig.js 979ms (from cache)
46 http fetch GET 304 https://registry.npmjs.org/@types%2fboolbase 368ms (from cache)
47 silly pacote tag manifest for @types/big.js@ts3.6 fetched in 982ms
48 silly pacote tag manifest for @types/boolbase@ts3.6 fetched in 371ms
49 http fetch GET 200 https://registry.npmjs.org/@types%2flint-staged 5048ms
50 silly fetchPackageMetaData error for @types/lint-staged@ts3.6 No matching version found for @types/lint-staged@ts3.6.
51 http fetch GET 200 https://registry.npmjs.org/@types%2fcall-bind 598ms
52 silly fetchPackageMetaData error for @types/call-bind@ts3.6 No matching version found for @types/call-bind@ts3.6.
53 http fetch GET 304 https://registry.npmjs.org/@types%2fbraces 837ms (from cache)
54 http fetch GET 304 https://registry.npmjs.org/@types%2fbuffer-from 728ms (from cache)
55 http fetch GET 304 https://registry.npmjs.org/@types%2fcacache 615ms (from cache)
56 http fetch GET 304 https://registry.npmjs.org/@types%2fbuffer-xor 730ms (from cache)
57 http fetch GET 304 https://registry.npmjs.org/@types%2fbser 840ms (from cache)
58 http fetch GET 304 https://registry.npmjs.org/@types%2fbrorand 842ms (from cache)
59 http fetch GET 304 https://registry.npmjs.org/@types%2fbrace-expansion 847ms (from cache)
60 http fetch GET 304 https://registry.npmjs.org/@types%2fbytes 729ms (from cache)
61 silly pacote tag manifest for @types/buffer-from@ts3.6 fetched in 745ms
62 silly pacote tag manifest for @types/cacache@ts3.6 fetched in 635ms
63 silly pacote tag manifest for @types/braces@ts3.6 fetched in 858ms
64 silly pacote tag manifest for @types/buffer-xor@ts3.6 fetched in 750ms
65 silly pacote tag manifest for @types/bser@ts3.6 fetched in 860ms
66 silly pacote tag manifest for @types/brace-expansion@ts3.6 fetched in 868ms
67 silly pacote tag manifest for @types/brorand@ts3.6 fetched in 879ms
68 silly pacote tag manifest for @types/bytes@ts3.6 fetched in 760ms
69 http fetch GET 304 https://registry.npmjs.org/@types%2fcaniuse-api 713ms (from cache)
70 silly pacote tag manifest for @types/caniuse-api@ts3.6 fetched in 716ms
71 http fetch GET 304 https://registry.npmjs.org/@types%2fcheck-types 410ms (from cache)
72 silly pacote tag manifest for @types/check-types@ts3.6 fetched in 414ms
73 http fetch GET 304 https://registry.npmjs.org/@types%2fcase-sensitive-paths-webpack-plugin 683ms (from cache)
74 http fetch GET 304 https://registry.npmjs.org/@types%2fcaniuse-lite 713ms (from cache)
75 http fetch GET 304 https://registry.npmjs.org/@types%2fchownr 679ms (from cache)
76 http fetch GET 304 https://registry.npmjs.org/@types%2fco 660ms (from cache)
77 silly pacote tag manifest for @types/case-sensitive-paths-webpack-plugin@ts3.6 fetched in 686ms
78 silly pacote tag manifest for @types/caniuse-lite@ts3.6 fetched in 717ms
79 silly pacote tag manifest for @types/chownr@ts3.6 fetched in 685ms
80 silly pacote tag manifest for @types/co@ts3.6 fetched in 667ms
81 http fetch GET 304 https://registry.npmjs.org/@types%2fcolor-name 422ms (from cache)
82 http fetch GET 304 https://registry.npmjs.org/@types%2fcipher-base 834ms (from cache)
83 http fetch GET 304 https://registry.npmjs.org/@types%2fclean-css 816ms (from cache)
84 http fetch GET 304 https://registry.npmjs.org/@types%2fcolor 812ms (from cache)
85 silly pacote tag manifest for @types/cipher-base@ts3.6 fetched in 838ms
86 silly pacote tag manifest for @types/color-name@ts3.6 fetched in 429ms
87 silly pacote tag manifest for @types/clean-css@ts3.6 fetched in 824ms
88 silly pacote tag manifest for @types/color@ts3.6 fetched in 821ms
89 http fetch GET 304 https://registry.npmjs.org/@types%2fcolor-convert 731ms (from cache)
90 silly pacote tag manifest for @types/color-convert@ts3.6 fetched in 733ms
91 http fetch GET 304 https://registry.npmjs.org/@types%2fcompose-function 274ms (from cache)
92 silly pacote tag manifest for @types/compose-function@ts3.6 fetched in 278ms
93 http fetch GET 304 https://registry.npmjs.org/@types%2fcommon-tags 682ms (from cache)
94 http fetch GET 304 https://registry.npmjs.org/@types%2fcolor-string 687ms (from cache)
95 http fetch GET 304 https://registry.npmjs.org/@types%2fcompression 525ms (from cache)
96 silly pacote tag manifest for @types/common-tags@ts3.6 fetched in 686ms
97 silly pacote tag manifest for @types/color-string@ts3.6 fetched in 692ms
98 silly pacote tag manifest for @types/compression@ts3.6 fetched in 531ms
99 http fetch GET 304 https://registry.npmjs.org/@types%2fconcat-stream 348ms (from cache)
100 silly pacote tag manifest for @types/concat-stream@ts3.6 fetched in 352ms
101 http fetch GET 304 https://registry.npmjs.org/@types%2fcombined-stream 883ms (from cache)
102 http fetch GET 304 https://registry.npmjs.org/@types%2fconcat-map 610ms (from cache)
103 http fetch GET 304 https://registry.npmjs.org/@types%2fcommondir 884ms (from cache)
104 silly pacote tag manifest for @types/combined-stream@ts3.6 fetched in 888ms
105 silly pacote tag manifest for @types/concat-map@ts3.6 fetched in 617ms
106 silly pacote tag manifest for @types/commondir@ts3.6 fetched in 892ms
107 http fetch GET 304 https://registry.npmjs.org/@types%2fcompressible 864ms (from cache)
108 silly pacote tag manifest for @types/compressible@ts3.6 fetched in 869ms
109 http fetch GET 304 https://registry.npmjs.org/@types%2fcomponent-emitter 876ms (from cache)
110 http fetch GET 304 https://registry.npmjs.org/@types%2fconnect-history-api-fallback 345ms (from cache)
111 http fetch GET 304 https://registry.npmjs.org/@types%2fcontent-disposition 345ms (from cache)
112 silly pacote tag manifest for @types/component-emitter@ts3.6 fetched in 898ms
113 http fetch GET 304 https://registry.npmjs.org/@types%2fconfusing-browser-globals 369ms (from cache)
114 silly pacote tag manifest for @types/content-disposition@ts3.6 fetched in 367ms
115 silly pacote tag manifest for @types/connect-history-api-fallback@ts3.6 fetched in 369ms
116 http fetch GET 304 https://registry.npmjs.org/@types%2fcontent-type 272ms (from cache)
117 silly pacote tag manifest for @types/confusing-browser-globals@ts3.6 fetched in 393ms
118 silly pacote tag manifest for @types/content-type@ts3.6 fetched in 337ms
119 http fetch GET 304 https://registry.npmjs.org/@types%2fcreate-hmac 293ms (from cache)
120 http fetch GET 304 https://registry.npmjs.org/@types%2fcss-declaration-sorter 230ms (from cache)
121 silly pacote tag manifest for @types/create-hmac@ts3.6 fetched in 296ms
122 silly pacote tag manifest for @types/css-declaration-sorter@ts3.6 fetched in 233ms
123 http fetch GET 304 https://registry.npmjs.org/@types%2fcss 321ms (from cache)
124 silly pacote tag manifest for @types/css@ts3.6 fetched in 334ms
125 http fetch GET 304 https://registry.npmjs.org/@types%2fcross-spawn 445ms (from cache)
126 silly pacote tag manifest for @types/cross-spawn@ts3.6 fetched in 450ms
127 http fetch GET 304 https://registry.npmjs.org/@types%2fconvert-source-map 624ms (from cache)
128 http fetch GET 304 https://registry.npmjs.org/@types%2fcreate-hash 461ms (from cache)
129 http fetch GET 304 https://registry.npmjs.org/@types%2fcookie-signature 621ms (from cache)
130 http fetch GET 304 https://registry.npmjs.org/@types%2fcore-js 491ms (from cache)
131 http fetch GET 304 https://registry.npmjs.org/@types%2fcookie 631ms (from cache)
132 silly pacote tag manifest for @types/create-hash@ts3.6 fetched in 481ms
133 silly pacote tag manifest for @types/convert-source-map@ts3.6 fetched in 650ms
134 silly pacote tag manifest for @types/cookie-signature@ts3.6 fetched in 644ms
135 silly pacote tag manifest for @types/core-js@ts3.6 fetched in 512ms
136 silly pacote tag manifest for @types/cookie@ts3.6 fetched in 648ms
137 http fetch GET 200 https://registry.npmjs.org/@types%2fcss.escape 325ms
138 silly fetchPackageMetaData error for @types/css.escape@ts3.6 No matching version found for @types/css.escape@ts3.6.
139 http fetch GET 304 https://registry.npmjs.org/@types%2fcss-tree 336ms (from cache)
140 http fetch GET 304 https://registry.npmjs.org/@types%2fcssesc 275ms (from cache)
141 silly pacote tag manifest for @types/css-tree@ts3.6 fetched in 351ms
142 silly pacote tag manifest for @types/cssesc@ts3.6 fetched in 291ms
143 http fetch GET 304 https://registry.npmjs.org/@types%2fcsso 247ms (from cache)
144 silly pacote tag manifest for @types/csso@ts3.6 fetched in 249ms
145 http fetch GET 304 https://registry.npmjs.org/@types%2fdebug 225ms (from cache)
146 silly pacote tag manifest for @types/debug@ts3.6 fetched in 229ms
147 http fetch GET 304 https://registry.npmjs.org/@types%2fdecode-uri-component 213ms (from cache)
148 http fetch GET 304 https://registry.npmjs.org/@types%2fdedent 216ms (from cache)
149 silly pacote tag manifest for @types/decode-uri-component@ts3.6 fetched in 229ms
150 silly pacote tag manifest for @types/dedent@ts3.6 fetched in 231ms
151 http fetch GET 304 https://registry.npmjs.org/@types%2fdeep-equal 240ms (from cache)
152 silly pacote tag manifest for @types/deep-equal@ts3.6 fetched in 243ms
153 http fetch GET 304 https://registry.npmjs.org/@types%2fdefault-gateway 189ms (from cache)
154 silly pacote tag manifest for @types/default-gateway@ts3.6 fetched in 191ms
155 http fetch GET 304 https://registry.npmjs.org/@types%2fchardet 2858ms (from cache)
156 silly pacote tag manifest for @types/chardet@ts3.6 fetched in 2880ms
157 http fetch GET 304 https://registry.npmjs.org/@types%2fdefine-properties 279ms (from cache)
158 silly pacote tag manifest for @types/define-properties@ts3.6 fetched in 289ms
159 http fetch GET 304 https://registry.npmjs.org/@types%2fcssom 721ms (from cache)
160 silly pacote tag manifest for @types/cssom@ts3.6 fetched in 736ms
161 http fetch GET 304 https://registry.npmjs.org/@types%2fdata-urls 733ms (from cache)
162 http fetch GET 304 https://registry.npmjs.org/@types%2fcssstyle 740ms (from cache)
163 silly pacote tag manifest for @types/data-urls@ts3.6 fetched in 740ms
164 http fetch GET 304 https://registry.npmjs.org/@types%2fdepd 347ms (from cache)
165 http fetch GET 304 https://registry.npmjs.org/@types%2fdestroy 285ms (from cache)
166 silly pacote tag manifest for @types/cssstyle@ts3.6 fetched in 765ms
167 silly pacote tag manifest for @types/depd@ts3.6 fetched in 368ms
168 silly pacote tag manifest for @types/destroy@ts3.6 fetched in 319ms
169 http fetch GET 304 https://registry.npmjs.org/@types%2fd 792ms (from cache)
170 http fetch GET 304 https://registry.npmjs.org/@types%2fdamerau-levenshtein 804ms (from cache)
171 silly pacote tag manifest for @types/damerau-levenshtein@ts3.6 fetched in 842ms
172 silly pacote tag manifest for @types/d@ts3.6 fetched in 844ms
173 http fetch GET 304 https://registry.npmjs.org/@types%2fdetect-node 291ms (from cache)
174 silly pacote tag manifest for @types/detect-node@ts3.6 fetched in 304ms
175 http fetch GET 304 https://registry.npmjs.org/@types%2fdir-glob 311ms (from cache)
176 silly pacote tag manifest for @types/dir-glob@ts3.6 fetched in 315ms
177 http fetch GET 304 https://registry.npmjs.org/@types%2fdomutils 268ms (from cache)
178 silly pacote tag manifest for @types/domutils@ts3.6 fetched in 272ms
179 http fetch GET 304 https://registry.npmjs.org/@types%2fee-first 267ms (from cache)
180 silly pacote tag manifest for @types/ee-first@ts3.6 fetched in 269ms
181 http fetch GET 304 https://registry.npmjs.org/@types%2fejs 293ms (from cache)
182 silly pacote tag manifest for @types/ejs@ts3.6 fetched in 295ms
183 http fetch GET 304 https://registry.npmjs.org/@types%2fdns-packet 434ms (from cache)
184 http fetch GET 200 https://registry.npmjs.org/@types%2fdns-txt 440ms
185 silly fetchPackageMetaData error for @types/dns-txt@ts3.6 No matching version found for @types/dns-txt@ts3.6.
186 silly pacote tag manifest for @types/dns-packet@ts3.6 fetched in 453ms
187 http fetch GET 304 https://registry.npmjs.org/@types%2fdiffie-hellman 549ms (from cache)
188 silly pacote tag manifest for @types/diffie-hellman@ts3.6 fetched in 565ms
189 http fetch GET 304 https://registry.npmjs.org/@types%2felliptic 255ms (from cache)
190 http fetch GET 304 https://registry.npmjs.org/@types%2fdoctrine 493ms (from cache)
191 silly pacote tag manifest for @types/elliptic@ts3.6 fetched in 268ms
192 silly pacote tag manifest for @types/doctrine@ts3.6 fetched in 504ms
193 http fetch GET 304 https://registry.npmjs.org/@types%2fencodeurl 229ms (from cache)
194 silly pacote tag manifest for @types/encodeurl@ts3.6 fetched in 258ms
195 http fetch GET 304 https://registry.npmjs.org/@types%2fes-abstract 195ms (from cache)
196 silly pacote tag manifest for @types/es-abstract@ts3.6 fetched in 197ms
197 http fetch GET 304 https://registry.npmjs.org/@types%2fend-of-stream 292ms (from cache)
198 silly pacote tag manifest for @types/end-of-stream@ts3.6 fetched in 295ms
199 http fetch GET 304 https://registry.npmjs.org/@types%2fduplexify 620ms (from cache)
200 silly pacote tag manifest for @types/duplexify@ts3.6 fetched in 622ms
201 http fetch GET 304 https://registry.npmjs.org/@types%2fescodegen 252ms (from cache)
202 http fetch GET 304 https://registry.npmjs.org/@types%2feslint-scope 254ms (from cache)
203 http fetch GET 304 https://registry.npmjs.org/@types%2fdomexception 760ms (from cache)
204 silly pacote tag manifest for @types/escodegen@ts3.6 fetched in 257ms
205 silly pacote tag manifest for @types/eslint-scope@ts3.6 fetched in 259ms
206 silly pacote tag manifest for @types/domexception@ts3.6 fetched in 764ms
207 http fetch GET 304 https://registry.npmjs.org/@types%2feslint-utils 295ms (from cache)
208 http fetch GET 304 https://registry.npmjs.org/@types%2fesprima 242ms (from cache)
209 silly pacote tag manifest for @types/eslint-utils@ts3.6 fetched in 299ms
210 silly pacote tag manifest for @types/esprima@ts3.6 fetched in 248ms
211 http fetch GET 304 https://registry.npmjs.org/@types%2fesquery 267ms (from cache)
212 silly pacote tag manifest for @types/esquery@ts3.6 fetched in 270ms
213 http fetch GET 304 https://registry.npmjs.org/@types%2fescape-html 466ms (from cache)
214 silly pacote tag manifest for @types/escape-html@ts3.6 fetched in 488ms
215 http fetch GET 304 https://registry.npmjs.org/@types%2fes-to-primitive 532ms (from cache)
216 silly pacote tag manifest for @types/es-to-primitive@ts3.6 fetched in 550ms
217 http fetch GET 304 https://registry.npmjs.org/@types%2fesutils 222ms (from cache)
218 http fetch GET 304 https://registry.npmjs.org/@types%2fes-get-iterator 570ms (from cache)
219 silly pacote tag manifest for @types/es-get-iterator@ts3.6 fetched in 579ms
220 silly pacote tag manifest for @types/esutils@ts3.6 fetched in 234ms
221 http fetch GET 304 https://registry.npmjs.org/@types%2fetag 272ms (from cache)
222 silly pacote tag manifest for @types/etag@ts3.6 fetched in 280ms
223 http fetch GET 304 https://registry.npmjs.org/@types%2feventsource 252ms (from cache)
224 http fetch GET 304 https://registry.npmjs.org/@types%2fexit 251ms (from cache)
225 silly pacote tag manifest for @types/eventsource@ts3.6 fetched in 255ms
226 silly pacote tag manifest for @types/exit@ts3.6 fetched in 254ms
227 http fetch GET 304 https://registry.npmjs.org/@types%2ffast-levenshtein 247ms (from cache)
228 silly pacote tag manifest for @types/fast-levenshtein@ts3.6 fetched in 249ms
229 http fetch GET 304 https://registry.npmjs.org/@types%2festraverse 499ms (from cache)
230 silly pacote tag manifest for @types/estraverse@ts3.6 fetched in 507ms
231 http fetch GET 304 https://registry.npmjs.org/@types%2ffile-loader 217ms (from cache)
232 silly pacote tag manifest for @types/file-loader@ts3.6 fetched in 234ms
233 http fetch GET 304 https://registry.npmjs.org/@types%2ffinalhandler 227ms (from cache)
234 silly pacote tag manifest for @types/finalhandler@ts3.6 fetched in 231ms
235 http fetch GET 304 https://registry.npmjs.org/@types%2ffind-cache-dir 243ms (from cache)
236 silly pacote tag manifest for @types/find-cache-dir@ts3.6 fetched in 248ms
237 http fetch GET 304 https://registry.npmjs.org/@types%2ffile-entry-cache 444ms (from cache)
238 http fetch GET 304 https://registry.npmjs.org/@types%2fflush-write-stream 255ms (from cache)
239 silly pacote tag manifest for @types/flush-write-stream@ts3.6 fetched in 264ms
240 silly pacote tag manifest for @types/file-entry-cache@ts3.6 fetched in 455ms
241 http fetch GET 304 https://registry.npmjs.org/@types%2fflat-cache 337ms (from cache)
242 http fetch GET 304 https://registry.npmjs.org/@types%2fevents 670ms (from cache)
243 silly pacote tag manifest for @types/flat-cache@ts3.6 fetched in 365ms
244 silly pacote tag manifest for @types/events@ts3.6 fetched in 707ms
245 http fetch GET 304 https://registry.npmjs.org/@types%2ffb-watchman 567ms (from cache)
246 http fetch GET 304 https://registry.npmjs.org/@types%2fforwarded 278ms (from cache)
247 silly pacote tag manifest for @types/forwarded@ts3.6 fetched in 288ms
248 silly pacote tag manifest for @types/fb-watchman@ts3.6 fetched in 581ms
249 http fetch GET 304 https://registry.npmjs.org/@types%2ffresh 313ms (from cache)
250 silly pacote tag manifest for @types/fresh@ts3.6 fetched in 317ms
251 http fetch GET 304 https://registry.npmjs.org/@types%2ffrom2 282ms (from cache)
252 silly pacote tag manifest for @types/from2@ts3.6 fetched in 284ms
253 http fetch GET 200 https://registry.npmjs.org/@types%2ffill-range 645ms
254 silly fetchPackageMetaData error for @types/fill-range@ts3.6 No matching version found for @types/fill-range@ts3.6.
255 http fetch GET 200 https://registry.npmjs.org/@types%2ffs-minipass 256ms
256 silly fetchPackageMetaData error for @types/fs-minipass@ts3.6 No matching version found for @types/fs-minipass@ts3.6.
257 http fetch GET 304 https://registry.npmjs.org/@types%2ffunctional-red-black-tree 251ms (from cache)
258 silly pacote tag manifest for @types/functional-red-black-tree@ts3.6 fetched in 255ms
259 http fetch GET 304 https://registry.npmjs.org/@types%2ffollow-redirects 553ms (from cache)
260 http fetch GET 304 https://registry.npmjs.org/@types%2fget-value 242ms (from cache)
261 silly pacote tag manifest for @types/follow-redirects@ts3.6 fetched in 557ms
262 silly pacote tag manifest for @types/get-value@ts3.6 fetched in 245ms
263 http fetch GET 304 https://registry.npmjs.org/@types%2fglob-parent 245ms (from cache)
264 silly pacote tag manifest for @types/glob-parent@ts3.6 fetched in 248ms
265 http fetch GET 304 https://registry.npmjs.org/@types%2fglobalthis 205ms (from cache)
266 http fetch GET 304 https://registry.npmjs.org/@types%2ffunction-bind 465ms (from cache)
267 silly pacote tag manifest for @types/globalthis@ts3.6 fetched in 209ms
268 silly pacote tag manifest for @types/function-bind@ts3.6 fetched in 468ms
269 http fetch GET 200 https://registry.npmjs.org/@types%2fgopd 211ms
270 silly fetchPackageMetaData error for @types/gopd@ts3.6 No matching version found for @types/gopd@ts3.6.
271 http fetch GET 304 https://registry.npmjs.org/@types%2fhas 252ms (from cache)
272 silly pacote tag manifest for @types/has@ts3.6 fetched in 256ms
273 http fetch GET 200 https://registry.npmjs.org/@types%2fgensync 630ms
274 silly fetchPackageMetaData error for @types/gensync@ts3.6 No matching version found for @types/gensync@ts3.6.
275 http fetch GET 200 https://registry.npmjs.org/@types%2fhas-bigints 269ms
276 silly fetchPackageMetaData error for @types/has-bigints@ts3.6 No matching version found for @types/has-bigints@ts3.6.
277 http fetch GET 200 https://registry.npmjs.org/@types%2fget-intrinsic 597ms
278 http fetch GET 304 https://registry.npmjs.org/@types%2fglobal-prefix 473ms (from cache)
279 silly fetchPackageMetaData error for @types/get-intrinsic@ts3.6 No matching version found for @types/get-intrinsic@ts3.6.
280 silly pacote tag manifest for @types/global-prefix@ts3.6 fetched in 479ms
281 http fetch GET 304 https://registry.npmjs.org/@types%2fglobal-modules 569ms (from cache)
282 silly pacote tag manifest for @types/global-modules@ts3.6 fetched in 571ms
283 http fetch GET 304 https://registry.npmjs.org/@types%2fhe 270ms (from cache)
284 silly pacote tag manifest for @types/he@ts3.6 fetched in 288ms
285 http fetch GET 304 https://registry.npmjs.org/@types%2fhex-color-regex 245ms (from cache)
286 http fetch GET 304 https://registry.npmjs.org/@types%2fhas-symbols 372ms (from cache)
287 silly pacote tag manifest for @types/hex-color-regex@ts3.6 fetched in 248ms
288 silly pacote tag manifest for @types/has-symbols@ts3.6 fetched in 375ms
289 http fetch GET 200 https://registry.npmjs.org/@types%2fhas-values 460ms
290 silly fetchPackageMetaData error for @types/has-values@ts3.6 No matching version found for @types/has-values@ts3.6.
291 http fetch GET 304 https://registry.npmjs.org/@types%2fgraceful-fs 638ms (from cache)
292 silly pacote tag manifest for @types/graceful-fs@ts3.6 fetched in 647ms
293 http fetch GET 304 https://registry.npmjs.org/@types%2fhtml-minifier-terser 219ms (from cache)
294 http fetch GET 304 https://registry.npmjs.org/@types%2fhtml-encoding-sniffer 314ms (from cache)
295 silly pacote tag manifest for @types/html-minifier-terser@ts3.6 fetched in 233ms
296 silly pacote tag manifest for @types/html-encoding-sniffer@ts3.6 fetched in 318ms
297 http fetch GET 304 https://registry.npmjs.org/@types%2fhttp-errors 325ms (from cache)
298 silly pacote tag manifest for @types/http-errors@ts3.6 fetched in 327ms
299 http fetch GET 304 https://registry.npmjs.org/@types%2fhttp-proxy 282ms (from cache)
300 silly pacote tag manifest for @types/http-proxy@ts3.6 fetched in 284ms
301 http fetch GET 304 https://registry.npmjs.org/@types%2ficss-utils 316ms (from cache)
302 silly pacote tag manifest for @types/icss-utils@ts3.6 fetched in 319ms
303 http fetch GET 304 https://registry.npmjs.org/@types%2fhosted-git-info 520ms (from cache)
304 silly pacote tag manifest for @types/hosted-git-info@ts3.6 fetched in 522ms
305 http fetch GET 304 https://registry.npmjs.org/@types%2fimurmurhash 237ms (from cache)
306 silly pacote tag manifest for @types/imurmurhash@ts3.6 fetched in 239ms
307 http fetch GET 304 https://registry.npmjs.org/@types%2fhtml-escaper 595ms (from cache)
308 silly pacote tag manifest for @types/html-escaper@ts3.6 fetched in 598ms
309 http fetch GET 304 https://registry.npmjs.org/@types%2finherits 303ms (from cache)
310 silly pacote tag manifest for @types/inherits@ts3.6 fetched in 312ms
311 http fetch GET 304 https://registry.npmjs.org/@types%2fhoist-non-react-statics 666ms (from cache)
312 http fetch GET 304 https://registry.npmjs.org/@types%2fini 229ms (from cache)
313 silly pacote tag manifest for @types/hoist-non-react-statics@ts3.6 fetched in 677ms
314 silly pacote tag manifest for @types/ini@ts3.6 fetched in 234ms
315 http fetch GET 304 https://registry.npmjs.org/@types%2finquirer 302ms (from cache)
316 http fetch GET 304 https://registry.npmjs.org/@types%2finternal-slot 269ms (from cache)
317 silly pacote tag manifest for @types/inquirer@ts3.6 fetched in 306ms
318 silly pacote tag manifest for @types/internal-slot@ts3.6 fetched in 272ms
319 http fetch GET 304 https://registry.npmjs.org/@types%2fiferr 562ms (from cache)
320 silly pacote tag manifest for @types/iferr@ts3.6 fetched in 565ms
321 http fetch GET 304 https://registry.npmjs.org/@types%2fis-arguments 251ms (from cache)
322 silly pacote tag manifest for @types/is-arguments@ts3.6 fetched in 253ms
323 http fetch GET 200 https://registry.npmjs.org/@types%2fimport-local 581ms
324 silly fetchPackageMetaData error for @types/import-local@ts3.6 No matching version found for @types/import-local@ts3.6.
325 http fetch GET 200 https://registry.npmjs.org/@types%2fis-boolean-object 246ms
326 silly fetchPackageMetaData error for @types/is-boolean-object@ts3.6 No matching version found for @types/is-boolean-object@ts3.6.
327 http fetch GET 304 https://registry.npmjs.org/@types%2fis-callable 303ms (from cache)
328 http fetch GET 304 https://registry.npmjs.org/@types%2fis-core-module 227ms (from cache)
329 silly pacote tag manifest for @types/is-callable@ts3.6 fetched in 305ms
330 http fetch GET 304 https://registry.npmjs.org/@types%2fis-ci 231ms (from cache)
331 silly pacote tag manifest for @types/is-core-module@ts3.6 fetched in 230ms
332 silly pacote tag manifest for @types/is-ci@ts3.6 fetched in 234ms
333 http fetch GET 304 https://registry.npmjs.org/@types%2fip 506ms (from cache)
334 silly pacote tag manifest for @types/ip@ts3.6 fetched in 518ms
335 http fetch GET 200 https://registry.npmjs.org/@types%2fis-bigint 453ms
336 silly fetchPackageMetaData error for @types/is-bigint@ts3.6 No matching version found for @types/is-bigint@ts3.6.
337 http fetch GET 304 https://registry.npmjs.org/@types%2fis-date-object 275ms (from cache)
338 silly pacote tag manifest for @types/is-date-object@ts3.6 fetched in 280ms
339 http fetch GET 200 https://registry.npmjs.org/@types%2fis-map 240ms
340 silly fetchPackageMetaData error for @types/is-map@ts3.6 No matching version found for @types/is-map@ts3.6.
341 http fetch GET 200 https://registry.npmjs.org/@types%2fis-string 241ms
342 silly fetchPackageMetaData error for @types/is-string@ts3.6 No matching version found for @types/is-string@ts3.6.
343 http fetch GET 200 https://registry.npmjs.org/@types%2fis-data-descriptor 413ms
344 silly fetchPackageMetaData error for @types/is-data-descriptor@ts3.6 No matching version found for @types/is-data-descriptor@ts3.6.
345 http fetch GET 304 https://registry.npmjs.org/@types%2fis-regex 249ms (from cache)
346 http fetch GET 304 https://registry.npmjs.org/@types%2fis-number 252ms (from cache)
347 silly pacote tag manifest for @types/is-regex@ts3.6 fetched in 265ms
348 silly pacote tag manifest for @types/is-number@ts3.6 fetched in 268ms
349 http fetch GET 200 https://registry.npmjs.org/@types%2fis-symbol 216ms
350 silly fetchPackageMetaData error for @types/is-symbol@ts3.6 No matching version found for @types/is-symbol@ts3.6.
351 http fetch GET 304 https://registry.npmjs.org/@types%2fis-buffer 735ms (from cache)
352 silly pacote tag manifest for @types/is-buffer@ts3.6 fetched in 737ms
353 http fetch GET 304 https://registry.npmjs.org/@types%2fisarray 275ms (from cache)
354 http fetch GET 304 https://registry.npmjs.org/@types%2fis-glob 530ms (from cache)
355 http fetch GET 304 https://registry.npmjs.org/@types%2fis-windows 315ms (from cache)
356 silly pacote tag manifest for @types/is-glob@ts3.6 fetched in 547ms
357 silly pacote tag manifest for @types/isarray@ts3.6 fetched in 295ms
358 silly pacote tag manifest for @types/is-windows@ts3.6 fetched in 341ms
359 http fetch GET 304 https://registry.npmjs.org/@types%2fisexe 273ms (from cache)
360 http fetch GET 304 https://registry.npmjs.org/@types%2fistanbul-lib-coverage 272ms (from cache)
361 silly pacote tag manifest for @types/isexe@ts3.6 fetched in 283ms
362 silly pacote tag manifest for @types/istanbul-lib-coverage@ts3.6 fetched in 282ms
363 http fetch GET 304 https://registry.npmjs.org/@types%2fistanbul-lib-source-maps 257ms (from cache)
364 silly pacote tag manifest for @types/istanbul-lib-source-maps@ts3.6 fetched in 271ms
365 http fetch GET 304 https://registry.npmjs.org/@types%2fis-typedarray 505ms (from cache)
366 silly pacote tag manifest for @types/is-typedarray@ts3.6 fetched in 511ms
367 http fetch GET 304 https://registry.npmjs.org/@types%2fistanbul-lib-instrument 345ms (from cache)
368 silly pacote tag manifest for @types/istanbul-lib-instrument@ts3.6 fetched in 358ms
369 http fetch GET 304 https://registry.npmjs.org/@types%2fjs-yaml 306ms (from cache)
370 http fetch GET 304 https://registry.npmjs.org/@types%2fjsesc 229ms (from cache)
371 silly pacote tag manifest for @types/js-yaml@ts3.6 fetched in 310ms
372 silly pacote tag manifest for @types/jsesc@ts3.6 fetched in 231ms
373 http fetch GET 304 https://registry.npmjs.org/@types%2fjson-parse-better-errors 231ms (from cache)
374 silly pacote tag manifest for @types/json-parse-better-errors@ts3.6 fetched in 252ms
375 http fetch GET 200 https://registry.npmjs.org/@types%2fjson-stable-stringify-without-jsonify 311ms
376 silly fetchPackageMetaData error for @types/json-stable-stringify-without-jsonify@ts3.6 No matching version found for @types/json-stable-stringify-without-jsonify@ts3.6.
377 http fetch GET 304 https://registry.npmjs.org/@types%2fistanbul-lib-report 601ms (from cache)
378 http fetch GET 304 https://registry.npmjs.org/@types%2fjsdom 410ms (from cache)
379 silly pacote tag manifest for @types/istanbul-lib-report@ts3.6 fetched in 605ms
380 http fetch GET 304 https://registry.npmjs.org/@types%2fkind-of 248ms (from cache)
381 silly pacote tag manifest for @types/jsdom@ts3.6 fetched in 432ms
382 silly pacote tag manifest for @types/kind-of@ts3.6 fetched in 269ms
383 http fetch GET 200 https://registry.npmjs.org/@types%2flanguage-tags 307ms
384 silly fetchPackageMetaData error for @types/language-tags@ts3.6 No matching version found for @types/language-tags@ts3.6.
385 http fetch GET 304 https://registry.npmjs.org/@types%2floader-utils 293ms (from cache)
386 http fetch GET 304 https://registry.npmjs.org/@types%2fistanbul-reports 654ms (from cache)
387 http fetch GET 304 https://registry.npmjs.org/@types%2fjsonfile 487ms (from cache)
388 http fetch GET 304 https://registry.npmjs.org/@types%2floader-runner 324ms (from cache)
389 silly pacote tag manifest for @types/loader-utils@ts3.6 fetched in 306ms
390 silly pacote tag manifest for @types/jsonfile@ts3.6 fetched in 495ms
391 silly pacote tag manifest for @types/istanbul-reports@ts3.6 fetched in 665ms
392 silly pacote tag manifest for @types/loader-runner@ts3.6 fetched in 339ms
393 http fetch GET 304 https://registry.npmjs.org/@types%2flodash.memoize 233ms (from cache)
394 silly pacote tag manifest for @types/lodash.memoize@ts3.6 fetched in 235ms
395 http fetch GET 304 https://registry.npmjs.org/@types%2flodash.debounce 276ms (from cache)
396 silly pacote tag manifest for @types/lodash.debounce@ts3.6 fetched in 280ms
397 http fetch GET 304 https://registry.npmjs.org/@types%2flodash.merge 270ms (from cache)
398 silly pacote tag manifest for @types/lodash.merge@ts3.6 fetched in 274ms
399 http fetch GET 304 https://registry.npmjs.org/@types%2flodash.template 194ms (from cache)
400 silly pacote tag manifest for @types/lodash.template@ts3.6 fetched in 196ms
401 http fetch GET 304 https://registry.npmjs.org/@types%2flodash 458ms (from cache)
402 http fetch GET 304 https://registry.npmjs.org/@types%2flodash.truncate 235ms (from cache)
403 silly pacote tag manifest for @types/lodash@ts3.6 fetched in 463ms
404 silly pacote tag manifest for @types/lodash.truncate@ts3.6 fetched in 237ms
405 http fetch GET 304 https://registry.npmjs.org/@types%2fjs-levenshtein 2864ms (from cache)
406 silly pacote tag manifest for @types/js-levenshtein@ts3.6 fetched in 2867ms
407 timing stage:rollbackFailedOptional Completed in 1ms
408 timing stage:runTopLevelLifecycles Completed in 15299ms
409 verbose type tag
410 verbose stack @types/lint-staged: No matching version found for @types/lint-staged@ts3.6.
410 verbose stack     at pickManifest (/usr/local/lib/node_modules/npm/node_modules/npm-pick-manifest/index.js:122:13)
410 verbose stack     at /usr/local/lib/node_modules/npm/node_modules/pacote/lib/fetchers/registry/manifest.js:24:14
410 verbose stack     at tryCatcher (/usr/local/lib/node_modules/npm/node_modules/bluebird/js/release/util.js:16:23)
410 verbose stack     at Promise._settlePromiseFromHandler (/usr/local/lib/node_modules/npm/node_modules/bluebird/js/release/promise.js:517:31)
410 verbose stack     at Promise._settlePromise (/usr/local/lib/node_modules/npm/node_modules/bluebird/js/release/promise.js:574:18)
410 verbose stack     at Promise._settlePromise0 (/usr/local/lib/node_modules/npm/node_modules/bluebird/js/release/promise.js:619:10)
410 verbose stack     at Promise._settlePromises (/usr/local/lib/node_modules/npm/node_modules/bluebird/js/release/promise.js:699:18)
410 verbose stack     at _drainQueueStep (/usr/local/lib/node_modules/npm/node_modules/bluebird/js/release/async.js:138:12)
410 verbose stack     at _drainQueue (/usr/local/lib/node_modules/npm/node_modules/bluebird/js/release/async.js:131:9)
410 verbose stack     at Async._drainQueues (/usr/local/lib/node_modules/npm/node_modules/bluebird/js/release/async.js:147:5)
410 verbose stack     at Immediate.Async.drainQueues [as _onImmediate] (/usr/local/lib/node_modules/npm/node_modules/bluebird/js/release/async.js:17:14)
410 verbose stack     at processImmediate (internal/timers.js:456:21)
411 verbose cwd /home/theia/.cache/typescript/3.6
412 verbose Linux 5.10.16.3-microsoft-standard-WSL2
413 verbose argv "/usr/local/bin/node" "/usr/local/bin/npm" "install" "--ignore-scripts" "@types/lint-staged@ts3.6" "@types/accepts@ts3.6" "@types/argparse@ts3.6" "@types/aria-query@ts3.6" "@types/arr-diff@ts3.6" "@types/arr-union@ts3.6" "@types/array-unique@ts3.6" "@types/array.prototype.flat@ts3.6" "@types/array.prototype.flatmap@ts3.6" "@types/asap@ts3.6" "@types/assert@ts3.6" "@types/async@ts3.6" "@types/atob@ts3.6" "@types/babel-plugin-macros@ts3.6" "@types/babylon@ts3.6" "@types/balanced-match@ts3.6" "@types/big.js@ts3.6" "@types/bluebird@ts3.6" "@types/bn.js@ts3.6" "@types/body-parser@ts3.6" "@types/bonjour@ts3.6" "@types/boolbase@ts3.6" "@types/brace-expansion@ts3.6" "@types/braces@ts3.6" "@types/brorand@ts3.6" "@types/bser@ts3.6" "@types/buffer-from@ts3.6" "@types/buffer-xor@ts3.6" "@types/bytes@ts3.6" "@types/cacache@ts3.6" "@types/call-bind@ts3.6" "@types/caniuse-api@ts3.6" "@types/caniuse-lite@ts3.6" "@types/case-sensitive-paths-webpack-plugin@ts3.6" "@types/chardet@ts3.6" "@types/check-types@ts3.6" "@types/chownr@ts3.6" "@types/cipher-base@ts3.6" "@types/clean-css@ts3.6" "@types/co@ts3.6" "@types/color@ts3.6" "@types/color-convert@ts3.6" "@types/color-name@ts3.6" "@types/color-string@ts3.6" "@types/combined-stream@ts3.6" "@types/common-tags@ts3.6" "@types/commondir@ts3.6" "@types/component-emitter@ts3.6" "@types/compose-function@ts3.6" "@types/compressible@ts3.6" "@types/compression@ts3.6" "@types/concat-map@ts3.6" "@types/concat-stream@ts3.6" "@types/confusing-browser-globals@ts3.6" "@types/connect-history-api-fallback@ts3.6" "@types/content-disposition@ts3.6" "@types/content-type@ts3.6" "@types/convert-source-map@ts3.6" "@types/cookie@ts3.6" "@types/cookie-signature@ts3.6" "@types/core-js@ts3.6" "@types/create-hash@ts3.6" "@types/create-hmac@ts3.6" "@types/cross-spawn@ts3.6" "@types/css@ts3.6" "@types/css-declaration-sorter@ts3.6" "@types/css-tree@ts3.6" "@types/css.escape@ts3.6" "@types/cssesc@ts3.6" "@types/csso@ts3.6" "@types/cssom@ts3.6" "@types/cssstyle@ts3.6" "@types/d@ts3.6" "@types/damerau-levenshtein@ts3.6" "@types/data-urls@ts3.6" "@types/debug@ts3.6" "@types/decode-uri-component@ts3.6" "@types/dedent@ts3.6" "@types/deep-equal@ts3.6" "@types/default-gateway@ts3.6" "@types/define-properties@ts3.6" "@types/depd@ts3.6" "@types/destroy@ts3.6" "@types/detect-node@ts3.6" "@types/diffie-hellman@ts3.6" "@types/dir-glob@ts3.6" "@types/dns-packet@ts3.6" "@types/dns-txt@ts3.6" "@types/doctrine@ts3.6" "@types/domexception@ts3.6" "@types/domutils@ts3.6" "@types/duplexify@ts3.6" "@types/ee-first@ts3.6" "@types/ejs@ts3.6" "@types/elliptic@ts3.6" "@types/encodeurl@ts3.6" "@types/end-of-stream@ts3.6" "@types/es-abstract@ts3.6" "@types/es-get-iterator@ts3.6" "@types/es-to-primitive@ts3.6" "@types/escape-html@ts3.6" "@types/escodegen@ts3.6" "@types/eslint-scope@ts3.6" "@types/eslint-utils@ts3.6" "@types/esprima@ts3.6" "@types/esquery@ts3.6" "@types/estraverse@ts3.6" "@types/esutils@ts3.6" "@types/etag@ts3.6" "@types/events@ts3.6" "@types/eventsource@ts3.6" "@types/exit@ts3.6" "@types/fast-levenshtein@ts3.6" "@types/fb-watchman@ts3.6" "@types/file-entry-cache@ts3.6" "@types/file-loader@ts3.6" "@types/fill-range@ts3.6" "@types/finalhandler@ts3.6" "@types/find-cache-dir@ts3.6" "@types/flat-cache@ts3.6" "@types/flush-write-stream@ts3.6" "@types/follow-redirects@ts3.6" "@types/forwarded@ts3.6" "@types/fresh@ts3.6" "@types/from2@ts3.6" "@types/fs-minipass@ts3.6" "@types/function-bind@ts3.6" "@types/functional-red-black-tree@ts3.6" "@types/gensync@ts3.6" "@types/get-intrinsic@ts3.6" "@types/get-value@ts3.6" "@types/glob-parent@ts3.6" "@types/global-modules@ts3.6" "@types/global-prefix@ts3.6" "@types/globalthis@ts3.6" "@types/gopd@ts3.6" "@types/graceful-fs@ts3.6" "@types/has@ts3.6" "@types/has-bigints@ts3.6" "@types/has-symbols@ts3.6" "@types/has-values@ts3.6" "@types/he@ts3.6" "@types/hex-color-regex@ts3.6" "@types/hoist-non-react-statics@ts3.6" "@types/hosted-git-info@ts3.6" "@types/html-encoding-sniffer@ts3.6" "@types/html-escaper@ts3.6" "@types/html-minifier-terser@ts3.6" "@types/http-errors@ts3.6" "@types/http-proxy@ts3.6" "@types/icss-utils@ts3.6" "@types/iferr@ts3.6" "@types/import-local@ts3.6" "@types/imurmurhash@ts3.6" "@types/inherits@ts3.6" "@types/ini@ts3.6" "@types/inquirer@ts3.6" "@types/internal-slot@ts3.6" "@types/ip@ts3.6" "@types/is-arguments@ts3.6" "@types/is-bigint@ts3.6" "@types/is-boolean-object@ts3.6" "@types/is-buffer@ts3.6" "@types/is-callable@ts3.6" "@types/is-ci@ts3.6" "@types/is-core-module@ts3.6" "@types/is-data-descriptor@ts3.6" "@types/is-date-object@ts3.6" "@types/is-glob@ts3.6" "@types/is-map@ts3.6" "@types/is-number@ts3.6" "@types/is-regex@ts3.6" "@types/is-string@ts3.6" "@types/is-symbol@ts3.6" "@types/is-typedarray@ts3.6" "@types/is-windows@ts3.6" "@types/isarray@ts3.6" "@types/isexe@ts3.6" "@types/istanbul-lib-coverage@ts3.6" "@types/istanbul-lib-instrument@ts3.6" "@types/istanbul-lib-report@ts3.6" "@types/istanbul-lib-source-maps@ts3.6" "@types/istanbul-reports@ts3.6" "@types/js-levenshtein@ts3.6" "@types/js-yaml@ts3.6" "@types/jsdom@ts3.6" "@types/jsesc@ts3.6" "@types/json-parse-better-errors@ts3.6" "@types/json-stable-stringify-without-jsonify@ts3.6" "@types/jsonfile@ts3.6" "@types/kind-of@ts3.6" "@types/language-tags@ts3.6" "@types/loader-runner@ts3.6" "@types/loader-utils@ts3.6" "@types/lodash@ts3.6" "@types/lodash.debounce@ts3.6" "@types/lodash.memoize@ts3.6" "@types/lodash.merge@ts3.6" "@types/lodash.template@ts3.6" "@types/lodash.truncate@ts3.6" "--save-dev" "--user-agent=typesInstaller/3.6.3"
414 verbose node v12.18.3
415 verbose npm  v6.14.6
416 error code ETARGET
417 error notarget No matching version found for @types/lint-staged@ts3.6.
418 error notarget In most cases you or one of your dependencies are requesting
418 error notarget a package version that doesn't exist.
419 verbose exit [ 1, true ]
