0 info it worked if it ends with ok
1 verbose cli [
1 verbose cli   '/usr/local/bin/node',
1 verbose cli   '/usr/local/bin/npm',
1 verbose cli   'install',
1 verbose cli   '--ignore-scripts',
1 verbose cli   '@types/lodash.uniq@ts3.6',
1 verbose cli   '@types/media-typer@ts3.6',
1 verbose cli   '@types/memory-fs@ts3.6',
1 verbose cli   '@types/memorystream@ts3.6',
1 verbose cli   '@types/merge-descriptors@ts3.6',
1 verbose cli   '@types/merge-stream@ts3.6',
1 verbose cli   '@types/merge2@ts3.6',
1 verbose cli   '@types/methods@ts3.6',
1 verbose cli   '@types/micromatch@ts3.6',
1 verbose cli   '@types/mime@ts3.6',
1 verbose cli   '@types/mime-db@ts3.6',
1 verbose cli   '@types/mime-types@ts3.6',
1 verbose cli   '@types/min-indent@ts3.6',
1 verbose cli   '@types/minimalistic-assert@ts3.6',
1 verbose cli   '@types/minimist@ts3.6',
1 verbose cli   '@types/minizlib@ts3.6',
1 verbose cli   '@types/move-concurrently@ts3.6',
1 verbose cli   '@types/ms@ts3.6',
1 verbose cli   '@types/multicast-dns@ts3.6',
1 verbose cli   '@types/mute-stream@ts3.6',
1 verbose cli   '@types/natural-compare@ts3.6',
1 verbose cli   '@types/negotiator@ts3.6',
1 verbose cli   '@types/neo-async@ts3.6',
1 verbose cli   '@types/next-tick@ts3.6',
1 verbose cli   '@types/nice-try@ts3.6',
1 verbose cli   '@types/node-fetch@ts3.6',
1 verbose cli   '@types/node-forge@ts3.6',
1 verbose cli   '@types/node-int64@ts3.6',
1 verbose cli   '@types/node-notifier@ts3.6',
1 verbose cli   '@types/normalize-package-data@ts3.6',
1 verbose cli   '@types/normalize-path@ts3.6',
1 verbose cli   '@types/num2fraction@ts3.6',
1 verbose cli   '@types/nwsapi@ts3.6',
1 verbose cli   '@types/object-assign@ts3.6',
1 verbose cli   '@types/object-inspect@ts3.6',
1 verbose cli   '@types/object-keys@ts3.6',
1 verbose cli   '@types/object.fromentries@ts3.6',
1 verbose cli   '@types/object.getownpropertydescriptors@ts3.6',
1 verbose cli   '@types/object.pick@ts3.6',
1 verbose cli   '@types/on-finished@ts3.6',
1 verbose cli   '@types/on-headers@ts3.6',
1 verbose cli   '@types/once@ts3.6',
1 verbose cli   '@types/optimize-css-assets-webpack-plugin@ts3.6',
1 verbose cli   '@types/os-tmpdir@ts3.6',
1 verbose cli   '@types/pako@ts3.6',
1 verbose cli   '@types/parallel-transform@ts3.6',
1 verbose cli   '@types/parse-json@ts3.6',
1 verbose cli   '@types/parseurl@ts3.6',
1 verbose cli   '@types/pascalcase@ts3.6',
1 verbose cli   '@types/path-browserify@ts3.6',
1 verbose cli   '@types/path-is-absolute@ts3.6',
1 verbose cli   '@types/path-is-inside@ts3.6',
1 verbose cli   '@types/path-parse@ts3.6',
1 verbose cli   '@types/pbkdf2@ts3.6',
1 verbose cli   '@types/picomatch@ts3.6',
1 verbose cli   '@types/pify@ts3.6',
1 verbose cli   '@types/postcss-flexbugs-fixes@ts3.6',
1 verbose cli   '@types/postcss-gap-properties@ts3.6',
1 verbose cli   '@types/postcss-modules-extract-imports@ts3.6',
1 verbose cli   '@types/postcss-modules-local-by-default@ts3.6',
1 verbose cli   '@types/postcss-modules-scope@ts3.6',
1 verbose cli   '@types/postcss-modules-values@ts3.6',
1 verbose cli   '@types/postcss-normalize@ts3.6',
1 verbose cli   '@types/postcss-safe-parser@ts3.6',
1 verbose cli   '@types/prelude-ls@ts3.6',
1 verbose cli   '@types/prettier-linter-helpers@ts3.6',
1 verbose cli   '@types/progress@ts3.6',
1 verbose cli   '@types/promise-inflight@ts3.6',
1 verbose cli   '@types/prompts@ts3.6',
1 verbose cli   '@types/prop-types@ts3.6',
1 verbose cli   '@types/proxy-addr@ts3.6',
1 verbose cli   '@types/psl@ts3.6',
1 verbose cli   '@types/pump@ts3.6',
1 verbose cli   '@types/pumpify@ts3.6',
1 verbose cli   '@types/punycode@ts3.6',
1 verbose cli   '@types/q@ts3.6',
1 verbose cli   '@types/qs@ts3.6',
1 verbose cli   '@types/querystringify@ts3.6',
1 verbose cli   '@types/raf@ts3.6',
1 verbose cli   '@types/randombytes@ts3.6',
1 verbose cli   '@types/range-parser@ts3.6',
1 verbose cli   '@types/react-dev-utils@ts3.6',
1 verbose cli   '@types/react-is@ts3.6',
1 verbose cli   '@types/react-refresh@ts3.6',
1 verbose cli   '@types/readable-stream@ts3.6',
1 verbose cli   '@types/recursive-readdir@ts3.6',
1 verbose cli   '@types/regenerate@ts3.6',
1 verbose cli   '@types/regenerator-runtime@ts3.6',
1 verbose cli   '@types/regex-not@ts3.6',
1 verbose cli   '@types/relateurl@ts3.6',
1 verbose cli   '@types/repeat-element@ts3.6',
1 verbose cli   '@types/repeat-string@ts3.6',
1 verbose cli   '@types/require-directory@ts3.6',
1 verbose cli   '@types/require-from-string@ts3.6',
1 verbose cli   '@types/requires-port@ts3.6',
1 verbose cli   '@types/resolve@ts3.6',
1 verbose cli   ... 105 more items
1 verbose cli ]
2 info using npm@6.14.6
3 info using node@v12.18.3
4 verbose npm-session 74d4dc4679e18cac
5 silly install loadCurrentTree
6 silly install readLocalPackageData
7 http fetch GET 304 https://registry.npmjs.org/@types%2fmemory-fs 782ms (from cache)
8 http fetch GET 304 https://registry.npmjs.org/@types%2fmedia-typer 785ms (from cache)
9 http fetch GET 304 https://registry.npmjs.org/@types%2fmerge-stream 782ms (from cache)
10 http fetch GET 304 https://registry.npmjs.org/@types%2fmethods 781ms (from cache)
11 silly pacote tag manifest for @types/media-typer@ts3.6 fetched in 792ms
12 silly pacote tag manifest for @types/memory-fs@ts3.6 fetched in 793ms
13 silly pacote tag manifest for @types/merge-stream@ts3.6 fetched in 793ms
14 silly pacote tag manifest for @types/methods@ts3.6 fetched in 793ms
15 http fetch GET 304 https://registry.npmjs.org/@types%2flodash.uniq 806ms (from cache)
16 silly pacote tag manifest for @types/lodash.uniq@ts3.6 fetched in 888ms
17 http fetch GET 304 https://registry.npmjs.org/@types%2fmerge2 897ms (from cache)
18 silly pacote tag manifest for @types/merge2@ts3.6 fetched in 914ms
19 http fetch GET 304 https://registry.npmjs.org/@types%2fmemorystream 980ms (from cache)
20 silly pacote tag manifest for @types/memorystream@ts3.6 fetched in 983ms
21 http fetch GET 304 https://registry.npmjs.org/@types%2fmime 977ms (from cache)
22 http fetch GET 304 https://registry.npmjs.org/@types%2fmicromatch 979ms (from cache)
23 silly pacote tag manifest for @types/mime@ts3.6 fetched in 998ms
24 silly pacote tag manifest for @types/micromatch@ts3.6 fetched in 1000ms
25 http fetch GET 304 https://registry.npmjs.org/@types%2fmerge-descriptors 1123ms (from cache)
26 http fetch GET 304 https://registry.npmjs.org/@types%2fmin-indent 331ms (from cache)
27 silly pacote tag manifest for @types/merge-descriptors@ts3.6 fetched in 1132ms
28 http fetch GET 304 https://registry.npmjs.org/@types%2fminimalistic-assert 335ms (from cache)
29 silly pacote tag manifest for @types/min-indent@ts3.6 fetched in 339ms
30 http fetch GET 304 https://registry.npmjs.org/@types%2fmime-db 348ms (from cache)
31 silly pacote tag manifest for @types/minimalistic-assert@ts3.6 fetched in 344ms
32 http fetch GET 304 https://registry.npmjs.org/@types%2fminimist 262ms (from cache)
33 silly pacote tag manifest for @types/mime-db@ts3.6 fetched in 387ms
34 silly pacote tag manifest for @types/minimist@ts3.6 fetched in 303ms
35 http fetch GET 304 https://registry.npmjs.org/@types%2fmime-types 397ms (from cache)
36 silly pacote tag manifest for @types/mime-types@ts3.6 fetched in 421ms
37 http fetch GET 304 https://registry.npmjs.org/@types%2fminizlib 322ms (from cache)
38 silly pacote tag manifest for @types/minizlib@ts3.6 fetched in 328ms
39 http fetch GET 304 https://registry.npmjs.org/@types%2fneo-async 272ms (from cache)
40 http fetch GET 304 https://registry.npmjs.org/@types%2fmute-stream 318ms (from cache)
41 silly registry:manifest no matching version for @types/neo-async@ts3.6 in the cache. Forcing revalidation.
42 http fetch GET 304 https://registry.npmjs.org/@types%2fnatural-compare 319ms (from cache)
43 http fetch GET 304 https://registry.npmjs.org/@types%2fnegotiator 318ms (from cache)
44 silly pacote tag manifest for @types/mute-stream@ts3.6 fetched in 340ms
45 silly pacote tag manifest for @types/natural-compare@ts3.6 fetched in 340ms
46 http fetch GET 304 https://registry.npmjs.org/@types%2fnext-tick 303ms (from cache)
47 silly pacote tag manifest for @types/negotiator@ts3.6 fetched in 351ms
48 silly pacote tag manifest for @types/next-tick@ts3.6 fetched in 360ms
49 http fetch GET 304 https://registry.npmjs.org/@types%2fmulticast-dns 573ms (from cache)
50 http fetch GET 304 https://registry.npmjs.org/@types%2fnice-try 363ms (from cache)
51 http fetch GET 304 https://registry.npmjs.org/@types%2fnode-fetch 342ms (from cache)
52 http fetch GET 304 https://registry.npmjs.org/@types%2fmove-concurrently 610ms (from cache)
53 silly pacote tag manifest for @types/nice-try@ts3.6 fetched in 369ms
54 silly pacote tag manifest for @types/multicast-dns@ts3.6 fetched in 587ms
55 http fetch GET 304 https://registry.npmjs.org/@types%2fms 591ms (from cache)
56 silly pacote tag manifest for @types/node-fetch@ts3.6 fetched in 356ms
57 silly pacote tag manifest for @types/move-concurrently@ts3.6 fetched in 626ms
58 silly pacote tag manifest for @types/ms@ts3.6 fetched in 618ms
59 http fetch GET 200 https://registry.npmjs.org/@types%2fneo-async 229ms
60 silly fetchPackageMetaData error for @types/neo-async@ts3.6 No matching version found for @types/neo-async@ts3.6.
61 http fetch GET 304 https://registry.npmjs.org/@types%2fnode-int64 256ms (from cache)
62 silly pacote tag manifest for @types/node-int64@ts3.6 fetched in 259ms
63 http fetch GET 304 https://registry.npmjs.org/@types%2fnode-notifier 300ms (from cache)
64 silly pacote tag manifest for @types/node-notifier@ts3.6 fetched in 305ms
65 http fetch GET 304 https://registry.npmjs.org/@types%2fnode-forge 333ms (from cache)
66 silly pacote tag manifest for @types/node-forge@ts3.6 fetched in 338ms
67 http fetch GET 304 https://registry.npmjs.org/@types%2fnormalize-package-data 312ms (from cache)
68 silly pacote tag manifest for @types/normalize-package-data@ts3.6 fetched in 316ms
69 http fetch GET 304 https://registry.npmjs.org/@types%2fnwsapi 314ms (from cache)
70 http fetch GET 304 https://registry.npmjs.org/@types%2fobject-keys 235ms (from cache)
71 http fetch GET 304 https://registry.npmjs.org/@types%2fnum2fraction 326ms (from cache)
72 silly pacote tag manifest for @types/object-keys@ts3.6 fetched in 238ms
73 silly pacote tag manifest for @types/nwsapi@ts3.6 fetched in 321ms
74 silly pacote tag manifest for @types/num2fraction@ts3.6 fetched in 332ms
75 http fetch GET 304 https://registry.npmjs.org/@types%2fobject.fromentries 253ms (from cache)
76 silly pacote tag manifest for @types/object.fromentries@ts3.6 fetched in 257ms
77 http fetch GET 304 https://registry.npmjs.org/@types%2fobject-inspect 416ms (from cache)
78 http fetch GET 304 https://registry.npmjs.org/@types%2fobject.getownpropertydescriptors 239ms (from cache)
79 silly pacote tag manifest for @types/object-inspect@ts3.6 fetched in 420ms
80 silly pacote tag manifest for @types/object.getownpropertydescriptors@ts3.6 fetched in 243ms
81 http fetch GET 304 https://registry.npmjs.org/@types%2fobject.pick 324ms (from cache)
82 http fetch GET 304 https://registry.npmjs.org/@types%2fobject-assign 531ms (from cache)
83 silly pacote tag manifest for @types/object.pick@ts3.6 fetched in 338ms
84 silly pacote tag manifest for @types/object-assign@ts3.6 fetched in 547ms
85 http fetch GET 304 https://registry.npmjs.org/@types%2fnormalize-path 574ms (from cache)
86 silly pacote tag manifest for @types/normalize-path@ts3.6 fetched in 582ms
87 http fetch GET 304 https://registry.npmjs.org/@types%2fon-finished 307ms (from cache)
88 http fetch GET 304 https://registry.npmjs.org/@types%2fon-headers 270ms (from cache)
89 silly pacote tag manifest for @types/on-finished@ts3.6 fetched in 323ms
90 http fetch GET 304 https://registry.npmjs.org/@types%2foptimize-css-assets-webpack-plugin 277ms (from cache)
91 silly pacote tag manifest for @types/optimize-css-assets-webpack-plugin@ts3.6 fetched in 282ms
92 silly pacote tag manifest for @types/on-headers@ts3.6 fetched in 303ms
93 http fetch GET 304 https://registry.npmjs.org/@types%2fonce 304ms (from cache)
94 silly pacote tag manifest for @types/once@ts3.6 fetched in 320ms
95 http fetch GET 304 https://registry.npmjs.org/@types%2fparallel-transform 261ms (from cache)
96 silly pacote tag manifest for @types/parallel-transform@ts3.6 fetched in 264ms
97 http fetch GET 304 https://registry.npmjs.org/@types%2fparseurl 262ms (from cache)
98 silly pacote tag manifest for @types/parseurl@ts3.6 fetched in 266ms
99 http fetch GET 304 https://registry.npmjs.org/@types%2fpath-is-absolute 233ms (from cache)
100 silly pacote tag manifest for @types/path-is-absolute@ts3.6 fetched in 248ms
101 http fetch GET 200 https://registry.npmjs.org/@types%2fpath-browserify 318ms
102 silly fetchPackageMetaData error for @types/path-browserify@ts3.6 No matching version found for @types/path-browserify@ts3.6.
103 http fetch GET 304 https://registry.npmjs.org/@types%2fpath-is-inside 291ms (from cache)
104 silly pacote tag manifest for @types/path-is-inside@ts3.6 fetched in 313ms
105 http fetch GET 304 https://registry.npmjs.org/@types%2fpath-parse 298ms (from cache)
106 http fetch GET 304 https://registry.npmjs.org/@types%2fpako 506ms (from cache)
107 silly pacote tag manifest for @types/path-parse@ts3.6 fetched in 306ms
108 http fetch GET 304 https://registry.npmjs.org/@types%2fpbkdf2 256ms (from cache)
109 silly pacote tag manifest for @types/pbkdf2@ts3.6 fetched in 260ms
110 silly pacote tag manifest for @types/pako@ts3.6 fetched in 529ms
111 http fetch GET 304 https://registry.npmjs.org/@types%2fparse-json 431ms (from cache)
112 silly pacote tag manifest for @types/parse-json@ts3.6 fetched in 437ms
113 http fetch GET 304 https://registry.npmjs.org/@types%2fpify 215ms (from cache)
114 silly pacote tag manifest for @types/pify@ts3.6 fetched in 218ms
115 http fetch GET 304 https://registry.npmjs.org/@types%2fpicomatch 287ms (from cache)
116 silly pacote tag manifest for @types/picomatch@ts3.6 fetched in 290ms
117 http fetch GET 304 https://registry.npmjs.org/@types%2fpascalcase 609ms (from cache)
118 http fetch GET 304 https://registry.npmjs.org/@types%2fpostcss-flexbugs-fixes 272ms (from cache)
119 silly pacote tag manifest for @types/pascalcase@ts3.6 fetched in 612ms
120 silly pacote tag manifest for @types/postcss-flexbugs-fixes@ts3.6 fetched in 278ms
121 http fetch GET 304 https://registry.npmjs.org/@types%2fpostcss-modules-extract-imports 299ms (from cache)
122 http fetch GET 304 https://registry.npmjs.org/@types%2fpostcss-modules-scope 278ms (from cache)
123 http fetch GET 304 https://registry.npmjs.org/@types%2fpostcss-gap-properties 314ms (from cache)
124 silly pacote tag manifest for @types/postcss-modules-scope@ts3.6 fetched in 282ms
125 silly pacote tag manifest for @types/postcss-modules-extract-imports@ts3.6 fetched in 305ms
126 silly pacote tag manifest for @types/postcss-gap-properties@ts3.6 fetched in 320ms
127 http fetch GET 304 https://registry.npmjs.org/@types%2fpostcss-normalize 260ms (from cache)
128 silly pacote tag manifest for @types/postcss-normalize@ts3.6 fetched in 263ms
129 http fetch GET 304 https://registry.npmjs.org/@types%2fpostcss-safe-parser 229ms (from cache)
130 silly pacote tag manifest for @types/postcss-safe-parser@ts3.6 fetched in 247ms
131 http fetch GET 304 https://registry.npmjs.org/@types%2fpostcss-modules-values 423ms (from cache)
132 http fetch GET 304 https://registry.npmjs.org/@types%2fpostcss-modules-local-by-default 443ms (from cache)
133 silly pacote tag manifest for @types/postcss-modules-values@ts3.6 fetched in 427ms
134 silly pacote tag manifest for @types/postcss-modules-local-by-default@ts3.6 fetched in 450ms
135 http fetch GET 304 https://registry.npmjs.org/@types%2fprettier-linter-helpers 230ms (from cache)
136 silly pacote tag manifest for @types/prettier-linter-helpers@ts3.6 fetched in 265ms
137 http fetch GET 304 https://registry.npmjs.org/@types%2fprogress 256ms (from cache)
138 http fetch GET 304 https://registry.npmjs.org/@types%2fpromise-inflight 256ms (from cache)
139 silly pacote tag manifest for @types/progress@ts3.6 fetched in 259ms
140 silly pacote tag manifest for @types/promise-inflight@ts3.6 fetched in 259ms
141 http fetch GET 304 https://registry.npmjs.org/@types%2fprompts 258ms (from cache)
142 silly pacote tag manifest for @types/prompts@ts3.6 fetched in 295ms
143 http fetch GET 304 https://registry.npmjs.org/@types%2fproxy-addr 258ms (from cache)
144 http fetch GET 304 https://registry.npmjs.org/@types%2fprop-types 282ms (from cache)
145 silly pacote tag manifest for @types/proxy-addr@ts3.6 fetched in 263ms
146 silly pacote tag manifest for @types/prop-types@ts3.6 fetched in 286ms
147 http fetch GET 304 https://registry.npmjs.org/@types%2fprelude-ls 550ms (from cache)
148 http fetch GET 304 https://registry.npmjs.org/@types%2fq 225ms (from cache)
149 http fetch GET 304 https://registry.npmjs.org/@types%2fpunycode 228ms (from cache)
150 silly pacote tag manifest for @types/prelude-ls@ts3.6 fetched in 554ms
151 silly pacote tag manifest for @types/q@ts3.6 fetched in 229ms
152 silly pacote tag manifest for @types/punycode@ts3.6 fetched in 232ms
153 http fetch GET 304 https://registry.npmjs.org/@types%2fqs 278ms (from cache)
154 silly pacote tag manifest for @types/qs@ts3.6 fetched in 281ms
155 http fetch GET 304 https://registry.npmjs.org/@types%2fquerystringify 223ms (from cache)
156 http fetch GET 304 https://registry.npmjs.org/@types%2fraf 223ms (from cache)
157 silly pacote tag manifest for @types/raf@ts3.6 fetched in 237ms
158 silly pacote tag manifest for @types/querystringify@ts3.6 fetched in 240ms
159 http fetch GET 304 https://registry.npmjs.org/@types%2fpump 516ms (from cache)
160 silly pacote tag manifest for @types/pump@ts3.6 fetched in 519ms
161 http fetch GET 304 https://registry.npmjs.org/@types%2fpsl 556ms (from cache)
162 http fetch GET 304 https://registry.npmjs.org/@types%2fpumpify 518ms (from cache)
163 silly pacote tag manifest for @types/psl@ts3.6 fetched in 558ms
164 silly pacote tag manifest for @types/pumpify@ts3.6 fetched in 520ms
165 http fetch GET 304 https://registry.npmjs.org/@types%2frange-parser 320ms (from cache)
166 http fetch GET 304 https://registry.npmjs.org/@types%2freact-dev-utils 323ms (from cache)
167 silly pacote tag manifest for @types/range-parser@ts3.6 fetched in 328ms
168 silly pacote tag manifest for @types/react-dev-utils@ts3.6 fetched in 332ms
169 http fetch GET 304 https://registry.npmjs.org/@types%2freact-is 244ms (from cache)
170 http fetch GET 200 https://registry.npmjs.org/@types%2freact-refresh 229ms
171 silly fetchPackageMetaData error for @types/react-refresh@ts3.6 No matching version found for @types/react-refresh@ts3.6.
172 silly pacote tag manifest for @types/react-is@ts3.6 fetched in 285ms
173 http fetch GET 304 https://registry.npmjs.org/@types%2fos-tmpdir 1731ms (from cache)
174 silly pacote tag manifest for @types/os-tmpdir@ts3.6 fetched in 1752ms
175 http fetch GET 304 https://registry.npmjs.org/@types%2freadable-stream 341ms (from cache)
176 silly pacote tag manifest for @types/readable-stream@ts3.6 fetched in 344ms
177 http fetch GET 200 https://registry.npmjs.org/@types%2fregenerate 251ms
178 silly fetchPackageMetaData error for @types/regenerate@ts3.6 No matching version found for @types/regenerate@ts3.6.
179 http fetch GET 304 https://registry.npmjs.org/@types%2fregenerator-runtime 284ms (from cache)
180 silly pacote tag manifest for @types/regenerator-runtime@ts3.6 fetched in 300ms
181 http fetch GET 304 https://registry.npmjs.org/@types%2frelateurl 236ms (from cache)
182 silly pacote tag manifest for @types/relateurl@ts3.6 fetched in 248ms
183 http fetch GET 200 https://registry.npmjs.org/@types%2fregex-not 265ms
184 http fetch GET 304 https://registry.npmjs.org/@types%2frepeat-element 248ms (from cache)
185 silly fetchPackageMetaData error for @types/regex-not@ts3.6 No matching version found for @types/regex-not@ts3.6.
186 silly pacote tag manifest for @types/repeat-element@ts3.6 fetched in 258ms
187 http fetch GET 304 https://registry.npmjs.org/@types%2frandombytes 621ms (from cache)
188 silly pacote tag manifest for @types/randombytes@ts3.6 fetched in 634ms
189 http fetch GET 304 https://registry.npmjs.org/@types%2frecursive-readdir 453ms (from cache)
190 silly pacote tag manifest for @types/recursive-readdir@ts3.6 fetched in 490ms
191 http fetch GET 304 https://registry.npmjs.org/@types%2frequire-from-string 266ms (from cache)
192 silly pacote tag manifest for @types/require-from-string@ts3.6 fetched in 274ms
193 http fetch GET 304 https://registry.npmjs.org/@types%2frequire-directory 336ms (from cache)
194 silly pacote tag manifest for @types/require-directory@ts3.6 fetched in 349ms
195 http fetch GET 304 https://registry.npmjs.org/@types%2fresolve 291ms (from cache)
196 silly pacote tag manifest for @types/resolve@ts3.6 fetched in 296ms
197 http fetch GET 304 https://registry.npmjs.org/@types%2fretry 262ms (from cache)
198 http fetch GET 304 https://registry.npmjs.org/@types%2frequires-port 360ms (from cache)
199 http fetch GET 304 https://registry.npmjs.org/@types%2fripemd160 251ms (from cache)
200 silly pacote tag manifest for @types/requires-port@ts3.6 fetched in 371ms
201 silly pacote tag manifest for @types/ripemd160@ts3.6 fetched in 261ms
202 silly pacote tag manifest for @types/retry@ts3.6 fetched in 277ms
203 http fetch GET 304 https://registry.npmjs.org/@types%2frsvp 257ms (from cache)
204 silly pacote tag manifest for @types/rsvp@ts3.6 fetched in 297ms
205 http fetch GET 304 https://registry.npmjs.org/@types%2frepeat-string 563ms (from cache)
206 silly pacote tag manifest for @types/repeat-string@ts3.6 fetched in 573ms
207 http fetch GET 304 https://registry.npmjs.org/@types%2fsafe-regex-test 225ms (from cache)
208 silly registry:manifest no matching version for @types/safe-regex-test@ts3.6 in the cache. Forcing revalidation.
209 http fetch GET 304 https://registry.npmjs.org/@types%2fsafer-buffer 238ms (from cache)
210 silly pacote tag manifest for @types/safer-buffer@ts3.6 fetched in 241ms
211 http fetch GET 304 https://registry.npmjs.org/@types%2fscheduler 275ms (from cache)
212 http fetch GET 304 https://registry.npmjs.org/@types%2fsass-loader 280ms (from cache)
213 silly pacote tag manifest for @types/scheduler@ts3.6 fetched in 280ms
214 silly pacote tag manifest for @types/sass-loader@ts3.6 fetched in 295ms
215 http fetch GET 200 https://registry.npmjs.org/@types%2fselfsigned 278ms
216 silly fetchPackageMetaData error for @types/selfsigned@ts3.6 No matching version found for @types/selfsigned@ts3.6.
217 http fetch GET 304 https://registry.npmjs.org/@types%2fsemver 247ms (from cache)
218 http fetch GET 304 https://registry.npmjs.org/@types%2fsafe-regex 524ms (from cache)
219 silly pacote tag manifest for @types/semver@ts3.6 fetched in 261ms
220 http fetch GET 304 https://registry.npmjs.org/@types%2fsax 364ms (from cache)
221 silly pacote tag manifest for @types/safe-regex@ts3.6 fetched in 538ms
222 silly pacote tag manifest for @types/sax@ts3.6 fetched in 370ms
223 http fetch GET 304 https://registry.npmjs.org/@types%2frun-parallel 600ms (from cache)
224 silly pacote tag manifest for @types/run-parallel@ts3.6 fetched in 636ms
225 http fetch GET 304 https://registry.npmjs.org/@types%2fsemver-compare 306ms (from cache)
226 silly pacote tag manifest for @types/semver-compare@ts3.6 fetched in 314ms
227 http fetch GET 304 https://registry.npmjs.org/@types%2fsane 481ms (from cache)
228 silly pacote tag manifest for @types/sane@ts3.6 fetched in 493ms
229 http fetch GET 304 https://registry.npmjs.org/@types%2fserialize-javascript 213ms (from cache)
230 silly pacote tag manifest for @types/serialize-javascript@ts3.6 fetched in 217ms
231 http fetch GET 200 https://registry.npmjs.org/@types%2fsafe-regex-test 458ms
232 silly fetchPackageMetaData error for @types/safe-regex-test@ts3.6 No matching version found for @types/safe-regex-test@ts3.6.
233 http fetch GET 304 https://registry.npmjs.org/@types%2fserve-index 235ms (from cache)
234 http fetch GET 304 https://registry.npmjs.org/@types%2fsend 286ms (from cache)
235 silly pacote tag manifest for @types/serve-index@ts3.6 fetched in 254ms
236 silly pacote tag manifest for @types/send@ts3.6 fetched in 304ms
237 http fetch GET 200 https://registry.npmjs.org/@types%2fset-blocking 254ms
238 silly fetchPackageMetaData error for @types/set-blocking@ts3.6 No matching version found for @types/set-blocking@ts3.6.
239 http fetch GET 304 https://registry.npmjs.org/@types%2fserve-static 285ms (from cache)
240 silly pacote tag manifest for @types/serve-static@ts3.6 fetched in 291ms
241 http fetch GET 304 https://registry.npmjs.org/@types%2fsha.js 232ms (from cache)
242 http fetch GET 304 https://registry.npmjs.org/@types%2fsetimmediate 256ms (from cache)
243 silly pacote tag manifest for @types/sha.js@ts3.6 fetched in 235ms
244 silly pacote tag manifest for @types/setimmediate@ts3.6 fetched in 259ms
245 http fetch GET 304 https://registry.npmjs.org/@types%2fshebang-command 246ms (from cache)
246 silly pacote tag manifest for @types/shebang-command@ts3.6 fetched in 249ms
247 http fetch GET 304 https://registry.npmjs.org/@types%2fsignal-exit 216ms (from cache)
248 silly pacote tag manifest for @types/signal-exit@ts3.6 fetched in 218ms
249 http fetch GET 304 https://registry.npmjs.org/@types%2fslice-ansi 218ms (from cache)
250 silly pacote tag manifest for @types/slice-ansi@ts3.6 fetched in 231ms
251 http fetch GET 304 https://registry.npmjs.org/@types%2fshell-quote 309ms (from cache)
252 silly pacote tag manifest for @types/shell-quote@ts3.6 fetched in 316ms
253 http fetch GET 304 https://registry.npmjs.org/@types%2fsockjs 241ms (from cache)
254 silly pacote tag manifest for @types/sockjs@ts3.6 fetched in 258ms
255 http fetch GET 304 https://registry.npmjs.org/@types%2fsockjs-client 218ms (from cache)
256 silly pacote tag manifest for @types/sockjs-client@ts3.6 fetched in 231ms
257 http fetch GET 304 https://registry.npmjs.org/@types%2fsource-list-map 295ms (from cache)
258 http fetch GET 304 https://registry.npmjs.org/@types%2fset-value 596ms (from cache)
259 silly pacote tag manifest for @types/source-list-map@ts3.6 fetched in 301ms
260 silly pacote tag manifest for @types/set-value@ts3.6 fetched in 601ms
261 http fetch GET 304 https://registry.npmjs.org/@types%2fsource-map-support 253ms (from cache)
262 http fetch GET 200 https://registry.npmjs.org/@types%2fsimple-swizzle 430ms
263 silly fetchPackageMetaData error for @types/simple-swizzle@ts3.6 No matching version found for @types/simple-swizzle@ts3.6.
264 silly pacote tag manifest for @types/source-map-support@ts3.6 fetched in 271ms
265 http fetch GET 304 https://registry.npmjs.org/@types%2fspdx-correct 230ms (from cache)
266 silly pacote tag manifest for @types/spdx-correct@ts3.6 fetched in 290ms
267 http fetch GET 304 https://registry.npmjs.org/@types%2fset-cookie-parser 740ms (from cache)
268 http fetch GET 304 https://registry.npmjs.org/@types%2fspdx-expression-parse 260ms (from cache)
269 silly pacote tag manifest for @types/spdx-expression-parse@ts3.6 fetched in 269ms
270 silly pacote tag manifest for @types/set-cookie-parser@ts3.6 fetched in 758ms
271 http fetch GET 304 https://registry.npmjs.org/@types%2fsprintf 245ms (from cache)
272 silly pacote tag manifest for @types/sprintf@ts3.6 fetched in 277ms
273 http fetch GET 304 https://registry.npmjs.org/@types%2fsprintf-js 282ms (from cache)
274 silly pacote tag manifest for @types/sprintf-js@ts3.6 fetched in 291ms
275 http fetch GET 304 https://registry.npmjs.org/@types%2fspdy 352ms (from cache)
276 http fetch GET 304 https://registry.npmjs.org/@types%2fssri 230ms (from cache)
277 silly pacote tag manifest for @types/spdy@ts3.6 fetched in 379ms
278 silly pacote tag manifest for @types/ssri@ts3.6 fetched in 251ms
279 http fetch GET 304 https://registry.npmjs.org/@types%2fstatuses 261ms (from cache)
280 silly pacote tag manifest for @types/statuses@ts3.6 fetched in 296ms
281 http fetch GET 304 https://registry.npmjs.org/@types%2fstream-each 304ms (from cache)
282 silly pacote tag manifest for @types/stream-each@ts3.6 fetched in 322ms
283 http fetch GET 304 https://registry.npmjs.org/@types%2fstring-natural-compare 305ms (from cache)
284 silly pacote tag manifest for @types/string-natural-compare@ts3.6 fetched in 306ms
285 http fetch GET 304 https://registry.npmjs.org/@types%2fstringify-object 210ms (from cache)
286 silly pacote tag manifest for @types/stringify-object@ts3.6 fetched in 229ms
287 http fetch GET 304 https://registry.npmjs.org/@types%2fstring.prototype.matchall 294ms (from cache)
288 silly pacote tag manifest for @types/string.prototype.matchall@ts3.6 fetched in 304ms
289 http fetch GET 304 https://registry.npmjs.org/@types%2fstack-utils 507ms (from cache)
290 http fetch GET 304 https://registry.npmjs.org/@types%2fstrip-final-newline 260ms (from cache)
291 silly pacote tag manifest for @types/strip-final-newline@ts3.6 fetched in 265ms
292 silly pacote tag manifest for @types/stack-utils@ts3.6 fetched in 517ms
293 http fetch GET 304 https://registry.npmjs.org/@types%2fstream-shift 447ms (from cache)
294 silly pacote tag manifest for @types/stream-shift@ts3.6 fetched in 459ms
295 http fetch GET 304 https://registry.npmjs.org/@types%2fsupports-color 287ms (from cache)
296 http fetch GET 304 https://registry.npmjs.org/@types%2fstrip-comments 345ms (from cache)
297 silly pacote tag manifest for @types/supports-color@ts3.6 fetched in 291ms
298 silly pacote tag manifest for @types/strip-comments@ts3.6 fetched in 349ms
299 http fetch GET 304 https://registry.npmjs.org/@types%2fsvg-parser 256ms (from cache)
300 silly pacote tag manifest for @types/svg-parser@ts3.6 fetched in 287ms
301 http fetch GET 304 https://registry.npmjs.org/@types%2ftapable 244ms (from cache)
302 silly pacote tag manifest for @types/tapable@ts3.6 fetched in 246ms
303 http fetch GET 304 https://registry.npmjs.org/@types%2ftar 201ms (from cache)
304 silly pacote tag manifest for @types/tar@ts3.6 fetched in 227ms
305 http fetch GET 304 https://registry.npmjs.org/@types%2fstrict-uri-encode 623ms (from cache)
306 http fetch GET 304 https://registry.npmjs.org/@types%2fsymbol-tree 317ms (from cache)
307 silly pacote tag manifest for @types/symbol-tree@ts3.6 fetched in 328ms
308 silly pacote tag manifest for @types/strict-uri-encode@ts3.6 fetched in 637ms
309 http fetch GET 304 https://registry.npmjs.org/@types%2ftext-table 248ms (from cache)
310 silly pacote tag manifest for @types/text-table@ts3.6 fetched in 262ms
311 http fetch GET 304 https://registry.npmjs.org/@types%2ftimsort 237ms (from cache)
312 silly pacote tag manifest for @types/timsort@ts3.6 fetched in 240ms
313 http fetch GET 304 https://registry.npmjs.org/@types%2fthrough2 278ms (from cache)
314 silly pacote tag manifest for @types/through2@ts3.6 fetched in 296ms
315 http fetch GET 200 https://registry.npmjs.org/@types%2ftmpl 202ms
316 silly fetchPackageMetaData error for @types/tmpl@ts3.6 No matching version found for @types/tmpl@ts3.6.
317 http fetch GET 304 https://registry.npmjs.org/@types%2fthunky 352ms (from cache)
318 http fetch GET 304 https://registry.npmjs.org/@types%2ftmp 260ms (from cache)
319 silly pacote tag manifest for @types/thunky@ts3.6 fetched in 364ms
320 silly pacote tag manifest for @types/tmp@ts3.6 fetched in 281ms
321 http fetch GET 200 https://registry.npmjs.org/@types%2fto-regex-range 246ms
322 silly fetchPackageMetaData error for @types/to-regex-range@ts3.6 No matching version found for @types/to-regex-range@ts3.6.
323 http fetch GET 200 https://registry.npmjs.org/@types%2ftest-exclude 498ms
324 silly fetchPackageMetaData error for @types/test-exclude@ts3.6 No matching version found for @types/test-exclude@ts3.6.
325 http fetch GET 200 https://registry.npmjs.org/@types%2ftoidentifier 242ms
326 silly fetchPackageMetaData error for @types/toidentifier@ts3.6 No matching version found for @types/toidentifier@ts3.6.
327 http fetch GET 304 https://registry.npmjs.org/@types%2ftough-cookie 234ms (from cache)
328 silly pacote tag manifest for @types/tough-cookie@ts3.6 fetched in 236ms
329 http fetch GET 304 https://registry.npmjs.org/@types%2fthrough 567ms (from cache)
330 silly pacote tag manifest for @types/through@ts3.6 fetched in 569ms
331 http fetch GET 200 https://registry.npmjs.org/@types%2ftr46 254ms
332 silly fetchPackageMetaData error for @types/tr46@ts3.6 No matching version found for @types/tr46@ts3.6.
333 http fetch GET 304 https://registry.npmjs.org/@types%2ftryer 221ms (from cache)
334 silly pacote tag manifest for @types/tryer@ts3.6 fetched in 238ms
335 http fetch GET 304 https://registry.npmjs.org/@types%2ftype-check 228ms (from cache)
336 silly pacote tag manifest for @types/type-check@ts3.6 fetched in 232ms
337 http fetch GET 200 https://registry.npmjs.org/@types%2fto-regex 495ms
338 silly fetchPackageMetaData error for @types/to-regex@ts3.6 No matching version found for @types/to-regex@ts3.6.
339 http fetch GET 304 https://registry.npmjs.org/@types%2ftype-is 290ms (from cache)
340 http fetch GET 304 https://registry.npmjs.org/@types%2ftype-detect 328ms (from cache)
341 silly pacote tag manifest for @types/type-is@ts3.6 fetched in 292ms
342 silly pacote tag manifest for @types/type-detect@ts3.6 fetched in 332ms
343 http fetch GET 200 https://registry.npmjs.org/@types%2funbox-primitive 323ms
344 silly fetchPackageMetaData error for @types/unbox-primitive@ts3.6 No matching version found for @types/unbox-primitive@ts3.6.
345 http fetch GET 304 https://registry.npmjs.org/@types%2funiq 270ms (from cache)
346 silly pacote tag manifest for @types/uniq@ts3.6 fetched in 275ms
347 http fetch GET 304 https://registry.npmjs.org/@types%2furl-parse 241ms (from cache)
348 silly pacote tag manifest for @types/url-parse@ts3.6 fetched in 244ms
349 http fetch GET 304 https://registry.npmjs.org/@types%2futil-deprecate 212ms (from cache)
350 silly pacote tag manifest for @types/util-deprecate@ts3.6 fetched in 229ms
351 http fetch GET 200 https://registry.npmjs.org/@types%2ftypedarray-to-buffer 434ms
352 silly fetchPackageMetaData error for @types/typedarray-to-buffer@ts3.6 No matching version found for @types/typedarray-to-buffer@ts3.6.
353 http fetch GET 304 https://registry.npmjs.org/@types%2furix 307ms (from cache)
354 silly pacote tag manifest for @types/urix@ts3.6 fetched in 314ms
355 http fetch GET 304 https://registry.npmjs.org/@types%2futils-merge 228ms (from cache)
356 silly pacote tag manifest for @types/utils-merge@ts3.6 fetched in 232ms
357 http fetch GET 304 https://registry.npmjs.org/@types%2fvalidate-npm-package-license 264ms (from cache)
358 silly pacote tag manifest for @types/validate-npm-package-license@ts3.6 fetched in 266ms
359 http fetch GET 304 https://registry.npmjs.org/@types%2fw3c-hr-time 281ms (from cache)
360 http fetch GET 304 https://registry.npmjs.org/@types%2fw3c-xmlserializer 255ms (from cache)
361 http fetch GET 304 https://registry.npmjs.org/@types%2fwatchpack 237ms (from cache)
362 silly pacote tag manifest for @types/w3c-hr-time@ts3.6 fetched in 287ms
363 silly pacote tag manifest for @types/w3c-xmlserializer@ts3.6 fetched in 260ms
364 silly pacote tag manifest for @types/watchpack@ts3.6 fetched in 242ms
365 http fetch GET 304 https://registry.npmjs.org/@types%2fwebidl-conversions 224ms (from cache)
366 http fetch GET 304 https://registry.npmjs.org/@types%2fvary 331ms (from cache)
367 silly pacote tag manifest for @types/webidl-conversions@ts3.6 fetched in 241ms
368 silly pacote tag manifest for @types/vary@ts3.6 fetched in 363ms
369 http fetch GET 304 https://registry.npmjs.org/@types%2futil.promisify 515ms (from cache)
370 silly pacote tag manifest for @types/util.promisify@ts3.6 fetched in 529ms
371 http fetch GET 304 https://registry.npmjs.org/@types%2fwebpack-manifest-plugin 256ms (from cache)
372 silly pacote tag manifest for @types/webpack-manifest-plugin@ts3.6 fetched in 266ms
373 http fetch GET 304 https://registry.npmjs.org/@types%2funiversalify 700ms (from cache)
374 silly pacote tag manifest for @types/universalify@ts3.6 fetched in 714ms
375 http fetch GET 304 https://registry.npmjs.org/@types%2fwebpack-sources 267ms (from cache)
376 silly pacote tag manifest for @types/webpack-sources@ts3.6 fetched in 279ms
377 http fetch GET 304 https://registry.npmjs.org/@types%2fwhatwg-mimetype 257ms (from cache)
378 http fetch GET 304 https://registry.npmjs.org/@types%2fwhatwg-url 255ms (from cache)
379 silly pacote tag manifest for @types/whatwg-mimetype@ts3.6 fetched in 260ms
380 silly pacote tag manifest for @types/whatwg-url@ts3.6 fetched in 259ms
381 http fetch GET 304 https://registry.npmjs.org/@types%2fwhatwg-encoding 265ms (from cache)
382 silly pacote tag manifest for @types/whatwg-encoding@ts3.6 fetched in 281ms
383 http fetch GET 200 https://registry.npmjs.org/@types%2fwhich-boxed-primitive 266ms
384 silly fetchPackageMetaData error for @types/which-boxed-primitive@ts3.6 No matching version found for @types/which-boxed-primitive@ts3.6.
385 http fetch GET 304 https://registry.npmjs.org/@types%2fwhich 336ms (from cache)
386 silly pacote tag manifest for @types/which@ts3.6 fetched in 338ms
387 http fetch GET 304 https://registry.npmjs.org/@types%2fworkbox-sw 229ms (from cache)
388 silly pacote tag manifest for @types/workbox-sw@ts3.6 fetched in 232ms
389 http fetch GET 304 https://registry.npmjs.org/@types%2fwrite-file-atomic 211ms (from cache)
390 silly pacote tag manifest for @types/write-file-atomic@ts3.6 fetched in 217ms
391 http fetch GET 304 https://registry.npmjs.org/@types%2fwebpack 653ms (from cache)
392 silly pacote tag manifest for @types/webpack@ts3.6 fetched in 659ms
393 http fetch GET 304 https://registry.npmjs.org/@types%2fws 210ms (from cache)
394 silly pacote tag manifest for @types/ws@ts3.6 fetched in 213ms
395 http fetch GET 200 https://registry.npmjs.org/@types%2fxml-name-validator 225ms
396 silly fetchPackageMetaData error for @types/xml-name-validator@ts3.6 No matching version found for @types/xml-name-validator@ts3.6.
397 http fetch GET 304 https://registry.npmjs.org/@types%2fxtend 255ms (from cache)
398 silly pacote tag manifest for @types/xtend@ts3.6 fetched in 259ms
399 http fetch GET 304 https://registry.npmjs.org/@types%2fyallist 252ms (from cache)
400 silly pacote tag manifest for @types/yallist@ts3.6 fetched in 254ms
401 http fetch GET 304 https://registry.npmjs.org/@types%2fyargs-parser 211ms (from cache)
402 silly pacote tag manifest for @types/yargs-parser@ts3.6 fetched in 215ms
403 http fetch GET 304 https://registry.npmjs.org/@types%2fyargs 285ms (from cache)
404 silly pacote tag manifest for @types/yargs@ts3.6 fetched in 289ms
405 http fetch GET 304 https://registry.npmjs.org/@types%2fwrap-ansi 574ms (from cache)
406 silly pacote tag manifest for @types/wrap-ansi@ts3.6 fetched in 576ms
407 http fetch GET 304 https://registry.npmjs.org/@types%2fwhich-pm-runs 714ms (from cache)
408 silly pacote tag manifest for @types/which-pm-runs@ts3.6 fetched in 718ms
409 timing stage:rollbackFailedOptional Completed in 1ms
410 timing stage:runTopLevelLifecycles Completed in 7983ms
411 verbose type tag
412 verbose stack @types/neo-async: No matching version found for @types/neo-async@ts3.6.
412 verbose stack     at pickManifest (/usr/local/lib/node_modules/npm/node_modules/npm-pick-manifest/index.js:122:13)
412 verbose stack     at /usr/local/lib/node_modules/npm/node_modules/pacote/lib/fetchers/registry/manifest.js:43:18
412 verbose stack     at tryCatcher (/usr/local/lib/node_modules/npm/node_modules/bluebird/js/release/util.js:16:23)
412 verbose stack     at Promise._settlePromiseFromHandler (/usr/local/lib/node_modules/npm/node_modules/bluebird/js/release/promise.js:517:31)
412 verbose stack     at Promise._settlePromise (/usr/local/lib/node_modules/npm/node_modules/bluebird/js/release/promise.js:574:18)
412 verbose stack     at Promise._settlePromise0 (/usr/local/lib/node_modules/npm/node_modules/bluebird/js/release/promise.js:619:10)
412 verbose stack     at Promise._settlePromises (/usr/local/lib/node_modules/npm/node_modules/bluebird/js/release/promise.js:699:18)
412 verbose stack     at _drainQueueStep (/usr/local/lib/node_modules/npm/node_modules/bluebird/js/release/async.js:138:12)
412 verbose stack     at _drainQueue (/usr/local/lib/node_modules/npm/node_modules/bluebird/js/release/async.js:131:9)
412 verbose stack     at Async._drainQueues (/usr/local/lib/node_modules/npm/node_modules/bluebird/js/release/async.js:147:5)
412 verbose stack     at Immediate.Async.drainQueues [as _onImmediate] (/usr/local/lib/node_modules/npm/node_modules/bluebird/js/release/async.js:17:14)
412 verbose stack     at processImmediate (internal/timers.js:456:21)
413 verbose cwd /home/theia/.cache/typescript/3.6
414 verbose Linux 5.10.16.3-microsoft-standard-WSL2
415 verbose argv "/usr/local/bin/node" "/usr/local/bin/npm" "install" "--ignore-scripts" "@types/lodash.uniq@ts3.6" "@types/media-typer@ts3.6" "@types/memory-fs@ts3.6" "@types/memorystream@ts3.6" "@types/merge-descriptors@ts3.6" "@types/merge-stream@ts3.6" "@types/merge2@ts3.6" "@types/methods@ts3.6" "@types/micromatch@ts3.6" "@types/mime@ts3.6" "@types/mime-db@ts3.6" "@types/mime-types@ts3.6" "@types/min-indent@ts3.6" "@types/minimalistic-assert@ts3.6" "@types/minimist@ts3.6" "@types/minizlib@ts3.6" "@types/move-concurrently@ts3.6" "@types/ms@ts3.6" "@types/multicast-dns@ts3.6" "@types/mute-stream@ts3.6" "@types/natural-compare@ts3.6" "@types/negotiator@ts3.6" "@types/neo-async@ts3.6" "@types/next-tick@ts3.6" "@types/nice-try@ts3.6" "@types/node-fetch@ts3.6" "@types/node-forge@ts3.6" "@types/node-int64@ts3.6" "@types/node-notifier@ts3.6" "@types/normalize-package-data@ts3.6" "@types/normalize-path@ts3.6" "@types/num2fraction@ts3.6" "@types/nwsapi@ts3.6" "@types/object-assign@ts3.6" "@types/object-inspect@ts3.6" "@types/object-keys@ts3.6" "@types/object.fromentries@ts3.6" "@types/object.getownpropertydescriptors@ts3.6" "@types/object.pick@ts3.6" "@types/on-finished@ts3.6" "@types/on-headers@ts3.6" "@types/once@ts3.6" "@types/optimize-css-assets-webpack-plugin@ts3.6" "@types/os-tmpdir@ts3.6" "@types/pako@ts3.6" "@types/parallel-transform@ts3.6" "@types/parse-json@ts3.6" "@types/parseurl@ts3.6" "@types/pascalcase@ts3.6" "@types/path-browserify@ts3.6" "@types/path-is-absolute@ts3.6" "@types/path-is-inside@ts3.6" "@types/path-parse@ts3.6" "@types/pbkdf2@ts3.6" "@types/picomatch@ts3.6" "@types/pify@ts3.6" "@types/postcss-flexbugs-fixes@ts3.6" "@types/postcss-gap-properties@ts3.6" "@types/postcss-modules-extract-imports@ts3.6" "@types/postcss-modules-local-by-default@ts3.6" "@types/postcss-modules-scope@ts3.6" "@types/postcss-modules-values@ts3.6" "@types/postcss-normalize@ts3.6" "@types/postcss-safe-parser@ts3.6" "@types/prelude-ls@ts3.6" "@types/prettier-linter-helpers@ts3.6" "@types/progress@ts3.6" "@types/promise-inflight@ts3.6" "@types/prompts@ts3.6" "@types/prop-types@ts3.6" "@types/proxy-addr@ts3.6" "@types/psl@ts3.6" "@types/pump@ts3.6" "@types/pumpify@ts3.6" "@types/punycode@ts3.6" "@types/q@ts3.6" "@types/qs@ts3.6" "@types/querystringify@ts3.6" "@types/raf@ts3.6" "@types/randombytes@ts3.6" "@types/range-parser@ts3.6" "@types/react-dev-utils@ts3.6" "@types/react-is@ts3.6" "@types/react-refresh@ts3.6" "@types/readable-stream@ts3.6" "@types/recursive-readdir@ts3.6" "@types/regenerate@ts3.6" "@types/regenerator-runtime@ts3.6" "@types/regex-not@ts3.6" "@types/relateurl@ts3.6" "@types/repeat-element@ts3.6" "@types/repeat-string@ts3.6" "@types/require-directory@ts3.6" "@types/require-from-string@ts3.6" "@types/requires-port@ts3.6" "@types/resolve@ts3.6" "@types/retry@ts3.6" "@types/ripemd160@ts3.6" "@types/rsvp@ts3.6" "@types/run-parallel@ts3.6" "@types/safe-regex@ts3.6" "@types/safe-regex-test@ts3.6" "@types/safer-buffer@ts3.6" "@types/sane@ts3.6" "@types/sass-loader@ts3.6" "@types/sax@ts3.6" "@types/scheduler@ts3.6" "@types/selfsigned@ts3.6" "@types/semver@ts3.6" "@types/semver-compare@ts3.6" "@types/send@ts3.6" "@types/serialize-javascript@ts3.6" "@types/serve-index@ts3.6" "@types/serve-static@ts3.6" "@types/set-blocking@ts3.6" "@types/set-cookie-parser@ts3.6" "@types/set-value@ts3.6" "@types/setimmediate@ts3.6" "@types/sha.js@ts3.6" "@types/shebang-command@ts3.6" "@types/shell-quote@ts3.6" "@types/signal-exit@ts3.6" "@types/simple-swizzle@ts3.6" "@types/slice-ansi@ts3.6" "@types/sockjs@ts3.6" "@types/sockjs-client@ts3.6" "@types/source-list-map@ts3.6" "@types/source-map-support@ts3.6" "@types/spdx-correct@ts3.6" "@types/spdx-expression-parse@ts3.6" "@types/spdy@ts3.6" "@types/sprintf@ts3.6" "@types/sprintf-js@ts3.6" "@types/ssri@ts3.6" "@types/stack-utils@ts3.6" "@types/statuses@ts3.6" "@types/stream-each@ts3.6" "@types/stream-shift@ts3.6" "@types/strict-uri-encode@ts3.6" "@types/string-natural-compare@ts3.6" "@types/string.prototype.matchall@ts3.6" "@types/stringify-object@ts3.6" "@types/strip-comments@ts3.6" "@types/strip-final-newline@ts3.6" "@types/supports-color@ts3.6" "@types/svg-parser@ts3.6" "@types/symbol-tree@ts3.6" "@types/tapable@ts3.6" "@types/tar@ts3.6" "@types/test-exclude@ts3.6" "@types/text-table@ts3.6" "@types/through@ts3.6" "@types/through2@ts3.6" "@types/thunky@ts3.6" "@types/timsort@ts3.6" "@types/tmp@ts3.6" "@types/tmpl@ts3.6" "@types/to-regex@ts3.6" "@types/to-regex-range@ts3.6" "@types/toidentifier@ts3.6" "@types/tough-cookie@ts3.6" "@types/tr46@ts3.6" "@types/tryer@ts3.6" "@types/type-check@ts3.6" "@types/type-detect@ts3.6" "@types/type-is@ts3.6" "@types/typedarray-to-buffer@ts3.6" "@types/unbox-primitive@ts3.6" "@types/uniq@ts3.6" "@types/universalify@ts3.6" "@types/urix@ts3.6" "@types/url-parse@ts3.6" "@types/util-deprecate@ts3.6" "@types/util.promisify@ts3.6" "@types/utils-merge@ts3.6" "@types/validate-npm-package-license@ts3.6" "@types/vary@ts3.6" "@types/w3c-hr-time@ts3.6" "@types/w3c-xmlserializer@ts3.6" "@types/watchpack@ts3.6" "@types/webidl-conversions@ts3.6" "@types/webpack@ts3.6" "@types/webpack-manifest-plugin@ts3.6" "@types/webpack-sources@ts3.6" "@types/whatwg-encoding@ts3.6" "@types/whatwg-mimetype@ts3.6" "@types/whatwg-url@ts3.6" "@types/which@ts3.6" "@types/which-boxed-primitive@ts3.6" "@types/which-pm-runs@ts3.6" "@types/workbox-sw@ts3.6" "@types/wrap-ansi@ts3.6" "@types/write-file-atomic@ts3.6" "@types/ws@ts3.6" "@types/xml-name-validator@ts3.6" "@types/xtend@ts3.6" "@types/yallist@ts3.6" "@types/yargs@ts3.6" "@types/yargs-parser@ts3.6" "--save-dev" "--user-agent=typesInstaller/3.6.3"
416 verbose node v12.18.3
417 verbose npm  v6.14.6
418 error code ETARGET
419 error notarget No matching version found for @types/neo-async@ts3.6.
420 error notarget In most cases you or one of your dependencies are requesting
420 error notarget a package version that doesn't exist.
421 verbose exit [ 1, true ]
